{"meta": {"format": 3, "version": "7.13.5", "timestamp": "2026-05-04T12:31:04.769562", "branch_coverage": false, "show_contexts": false}, "files": {"app\\__init__.py": {"executed_lines": [], "summary": {"covered_lines": 0, "num_statements": 0, "percent_covered": 100.0, "percent_covered_display": "100", "missing_lines": 0, "excluded_lines": 0, "percent_statements_covered": 100.0, "percent_statements_covered_display": "100"}, "missing_lines": [], "excluded_lines": [], "functions": {"": {"executed_lines": [], "summary": {"covered_lines": 0, "num_statements": 0, "percent_covered": 100.0, "percent_covered_display": "100", "missing_lines": 0, "excluded_lines": 0, "percent_statements_covered": 100.0, "percent_statements_covered_display": "100"}, "missing_lines": [], "excluded_lines": [], "start_line": 1}}, "classes": {"": {"executed_lines": [], "summary": {"covered_lines": 0, "num_statements": 0, "percent_covered": 100.0, "percent_covered_display": "100", "missing_lines": 0, "excluded_lines": 0, "percent_statements_covered": 100.0, "percent_statements_covered_display": "100"}, "missing_lines": [], "excluded_lines": [], "start_line": 1}}}, "app\\auth.py": {"executed_lines": [1, 2, 3, 4, 5, 6, 8, 9, 10, 11, 12, 13, 14, 16, 17, 19, 20, 28, 29, 30, 31, 33, 37, 41, 42, 43, 44, 45, 46, 48, 51, 53, 54, 56, 57, 59, 60, 61, 62, 64, 66, 75, 76, 79, 80, 81, 82, 92, 95, 96, 103, 104, 105, 106, 108, 111, 112, 113, 114, 125, 128, 129, 136, 137, 138, 139, 140, 141, 143, 145, 150, 155, 156, 157, 158, 160, 161, 163, 164, 171, 172, 174, 175, 176, 177, 178, 179, 180, 182, 190, 191, 192, 193], "summary": {"covered_lines": 93, "num_statements": 96, "percent_covered": 96.875, "percent_covered_display": "97", "missing_lines": 3, "excluded_lines": 0, "percent_statements_covered": 96.875, "percent_statements_covered_display": "97"}, "missing_lines": [107, 142, 173], "excluded_lines": [], "functions": {"_load_secret_key": {"executed_lines": [29, 30, 31, 33, 37], "summary": {"covered_lines": 5, "num_statements": 5, "percent_covered": 100.0, "percent_covered_display": "100", "missing_lines": 0, "excluded_lines": 0, "percent_statements_covered": 100.0, "percent_statements_covered_display": "100"}, "missing_lines": [], "excluded_lines": [], "start_line": 28}, "verify_password": {"executed_lines": [54], "summary": {"covered_lines": 1, "num_statements": 1, "percent_covered": 100.0, "percent_covered_display": "100", "missing_lines": 0, "excluded_lines": 0, "percent_statements_covered": 100.0, "percent_statements_covered_display": "100"}, "missing_lines": [], "excluded_lines": [], "start_line": 53}, "get_password_hash": {"executed_lines": [57], "summary": {"covered_lines": 1, "num_statements": 1, "percent_covered": 100.0, "percent_covered_display": "100", "missing_lines": 0, "excluded_lines": 0, "percent_statements_covered": 100.0, "percent_statements_covered_display": "100"}, "missing_lines": [], "excluded_lines": [], "start_line": 56}, "create_access_token": {"executed_lines": [60, 61, 62, 64, 66, 75, 76], "summary": {"covered_lines": 7, "num_statements": 7, "percent_covered": 100.0, "percent_covered_display": "100", "missing_lines": 0, "excluded_lines": 0, "percent_statements_covered": 100.0, "percent_statements_covered_display": "100"}, "missing_lines": [], "excluded_lines": [], "start_line": 59}, "create_refresh_token": {"executed_lines": [80, 81, 82, 92], "summary": {"covered_lines": 4, "num_statements": 4, "percent_covered": 100.0, "percent_covered_display": "100", "missing_lines": 0, "excluded_lines": 0, "percent_statements_covered": 100.0, "percent_statements_covered_display": "100"}, "missing_lines": [], "excluded_lines": [], "start_line": 79}, "decode_refresh_token": {"executed_lines": [96, 103, 104, 105, 106, 108], "summary": {"covered_lines": 6, "num_statements": 7, "percent_covered": 85.71428571428571, "percent_covered_display": "86", "missing_lines": 1, "excluded_lines": 0, "percent_statements_covered": 85.71428571428571, "percent_statements_covered_display": "86"}, "missing_lines": [107], "excluded_lines": [], "start_line": 95}, "create_action_token": {"executed_lines": [112, 113, 114, 125], "summary": {"covered_lines": 4, "num_statements": 4, "percent_covered": 100.0, "percent_covered_display": "100", "missing_lines": 0, "excluded_lines": 0, "percent_statements_covered": 100.0, "percent_statements_covered_display": "100"}, "missing_lines": [], "excluded_lines": [], "start_line": 111}, "decode_action_token": {"executed_lines": [129, 136, 137, 138, 139, 140, 141, 143], "summary": {"covered_lines": 8, "num_statements": 9, "percent_covered": 88.88888888888889, "percent_covered_display": "89", "missing_lines": 1, "excluded_lines": 0, "percent_statements_covered": 88.88888888888889, "percent_statements_covered_display": "89"}, "missing_lines": [142], "excluded_lines": [], "start_line": 128}, "get_current_user": {"executed_lines": [150, 155, 156, 157, 158, 160, 161, 163, 164, 171, 172, 174, 175, 176, 177, 178, 179, 180, 182, 190, 191, 192, 193], "summary": {"covered_lines": 23, "num_statements": 24, "percent_covered": 95.83333333333333, "percent_covered_display": "96", "missing_lines": 1, "excluded_lines": 0, "percent_statements_covered": 95.83333333333333, "percent_statements_covered_display": "96"}, "missing_lines": [173], "excluded_lines": [], "start_line": 145}, "": {"executed_lines": [1, 2, 3, 4, 5, 6, 8, 9, 10, 11, 12, 13, 14, 16, 17, 19, 20, 28, 41, 42, 43, 44, 45, 46, 48, 51, 53, 56, 59, 79, 95, 111, 128, 145], "summary": {"covered_lines": 34, "num_statements": 34, "percent_covered": 100.0, "percent_covered_display": "100", "missing_lines": 0, "excluded_lines": 0, "percent_statements_covered": 100.0, "percent_statements_covered_display": "100"}, "missing_lines": [], "excluded_lines": [], "start_line": 1}}, "classes": {"": {"executed_lines": [1, 2, 3, 4, 5, 6, 8, 9, 10, 11, 12, 13, 14, 16, 17, 19, 20, 28, 29, 30, 31, 33, 37, 41, 42, 43, 44, 45, 46, 48, 51, 53, 54, 56, 57, 59, 60, 61, 62, 64, 66, 75, 76, 79, 80, 81, 82, 92, 95, 96, 103, 104, 105, 106, 108, 111, 112, 113, 114, 125, 128, 129, 136, 137, 138, 139, 140, 141, 143, 145, 150, 155, 156, 157, 158, 160, 161, 163, 164, 171, 172, 174, 175, 176, 177, 178, 179, 180, 182, 190, 191, 192, 193], "summary": {"covered_lines": 93, "num_statements": 96, "percent_covered": 96.875, "percent_covered_display": "97", "missing_lines": 3, "excluded_lines": 0, "percent_statements_covered": 96.875, "percent_statements_covered_display": "97"}, "missing_lines": [107, 142, 173], "excluded_lines": [], "start_line": 1}}}, "app\\database.py": {"executed_lines": [1, 2, 4, 5, 8, 9, 10, 11, 12, 13, 14, 17, 18, 19, 20, 21, 22, 23, 24, 27, 31, 46, 50, 53, 54, 55, 56, 57, 58, 59], "summary": {"covered_lines": 30, "num_statements": 30, "percent_covered": 100.0, "percent_covered_display": "100", "missing_lines": 0, "excluded_lines": 0, "percent_statements_covered": 100.0, "percent_statements_covered_display": "100"}, "missing_lines": [], "excluded_lines": [], "functions": {"_normalize_async_database_url": {"executed_lines": [9, 10, 11, 12, 13, 14], "summary": {"covered_lines": 6, "num_statements": 6, "percent_covered": 100.0, "percent_covered_display": "100", "missing_lines": 0, "excluded_lines": 0, "percent_statements_covered": 100.0, "percent_statements_covered_display": "100"}, "missing_lines": [], "excluded_lines": [], "start_line": 8}, "_env_int": {"executed_lines": [18, 19, 20, 21, 22, 23, 24], "summary": {"covered_lines": 7, "num_statements": 7, "percent_covered": 100.0, "percent_covered_display": "100", "missing_lines": 0, "excluded_lines": 0, "percent_statements_covered": 100.0, "percent_statements_covered_display": "100"}, "missing_lines": [], "excluded_lines": [], "start_line": 17}, "get_db": {"executed_lines": [54, 55, 56, 57, 58, 59], "summary": {"covered_lines": 6, "num_statements": 6, "percent_covered": 100.0, "percent_covered_display": "100", "missing_lines": 0, "excluded_lines": 0, "percent_statements_covered": 100.0, "percent_statements_covered_display": "100"}, "missing_lines": [], "excluded_lines": [], "start_line": 53}, "": {"executed_lines": [1, 2, 4, 5, 8, 17, 27, 31, 46, 50, 53], "summary": {"covered_lines": 11, "num_statements": 11, "percent_covered": 100.0, "percent_covered_display": "100", "missing_lines": 0, "excluded_lines": 0, "percent_statements_covered": 100.0, "percent_statements_covered_display": "100"}, "missing_lines": [], "excluded_lines": [], "start_line": 1}}, "classes": {"": {"executed_lines": [1, 2, 4, 5, 8, 9, 10, 11, 12, 13, 14, 17, 18, 19, 20, 21, 22, 23, 24, 27, 31, 46, 50, 53, 54, 55, 56, 57, 58, 59], "summary": {"covered_lines": 30, "num_statements": 30, "percent_covered": 100.0, "percent_covered_display": "100", "missing_lines": 0, "excluded_lines": 0, "percent_statements_covered": 100.0, "percent_statements_covered_display": "100"}, "missing_lines": [], "excluded_lines": [], "start_line": 1}}}, "app\\integrations\\__init__.py": {"executed_lines": [1, 3], "summary": {"covered_lines": 2, "num_statements": 2, "percent_covered": 100.0, "percent_covered_display": "100", "missing_lines": 0, "excluded_lines": 0, "percent_statements_covered": 100.0, "percent_statements_covered_display": "100"}, "missing_lines": [], "excluded_lines": [], "functions": {"": {"executed_lines": [1, 3], "summary": {"covered_lines": 2, "num_statements": 2, "percent_covered": 100.0, "percent_covered_display": "100", "missing_lines": 0, "excluded_lines": 0, "percent_statements_covered": 100.0, "percent_statements_covered_display": "100"}, "missing_lines": [], "excluded_lines": [], "start_line": 1}}, "classes": {"": {"executed_lines": [1, 3], "summary": {"covered_lines": 2, "num_statements": 2, "percent_covered": 100.0, "percent_covered_display": "100", "missing_lines": 0, "excluded_lines": 0, "percent_statements_covered": 100.0, "percent_statements_covered_display": "100"}, "missing_lines": [], "excluded_lines": [], "start_line": 1}}}, "app\\integrations\\base.py": {"executed_lines": [1, 3, 4, 5, 6, 9, 10, 13, 14, 15, 16, 17, 18, 19, 20, 21, 22, 23, 24, 27, 28, 29, 30, 31, 32, 35, 36, 37, 38, 39, 40, 41, 42, 45, 46, 47, 48, 49, 52, 53, 54, 55, 56, 57, 58, 60, 61, 64, 65, 68, 69, 72, 73, 76, 77, 80, 81, 89, 90, 98, 99], "summary": {"covered_lines": 61, "num_statements": 69, "percent_covered": 88.40579710144928, "percent_covered_display": "88", "missing_lines": 8, "excluded_lines": 0, "percent_statements_covered": 88.40579710144928, "percent_statements_covered_display": "88"}, "missing_lines": [62, 66, 70, 74, 78, 87, 96, 100], "excluded_lines": [], "functions": {"ProviderConnector.is_enabled": {"executed_lines": [], "summary": {"covered_lines": 0, "num_statements": 1, "percent_covered": 0.0, "percent_covered_display": "0", "missing_lines": 1, "excluded_lines": 0, "percent_statements_covered": 0.0, "percent_statements_covered_display": "0"}, "missing_lines": [62], "excluded_lines": [], "start_line": 61}, "ProviderConnector.is_configured": {"executed_lines": [], "summary": {"covered_lines": 0, "num_statements": 1, "percent_covered": 0.0, "percent_covered_display": "0", "missing_lines": 1, "excluded_lines": 0, "percent_statements_covered": 0.0, "percent_statements_covered_display": "0"}, "missing_lines": [66], "excluded_lines": [], "start_line": 65}, "ProviderConnector.authorize_url": {"executed_lines": [], "summary": {"covered_lines": 0, "num_statements": 1, "percent_covered": 0.0, "percent_covered_display": "0", "missing_lines": 1, "excluded_lines": 0, "percent_statements_covered": 0.0, "percent_statements_covered_display": "0"}, "missing_lines": [70], "excluded_lines": [], "start_line": 69}, "ProviderConnector.exchange_token": {"executed_lines": [], "summary": {"covered_lines": 0, "num_statements": 1, "percent_covered": 0.0, "percent_covered_display": "0", "missing_lines": 1, "excluded_lines": 0, "percent_statements_covered": 0.0, "percent_statements_covered_display": "0"}, "missing_lines": [74], "excluded_lines": [], "start_line": 73}, "ProviderConnector.refresh_token": {"executed_lines": [], "summary": {"covered_lines": 0, "num_statements": 1, "percent_covered": 0.0, "percent_covered_display": "0", "missing_lines": 1, "excluded_lines": 0, "percent_statements_covered": 0.0, "percent_statements_covered_display": "0"}, "missing_lines": [78], "excluded_lines": [], "start_line": 77}, "ProviderConnector.fetch_activities": {"executed_lines": [], "summary": {"covered_lines": 0, "num_statements": 1, "percent_covered": 0.0, "percent_covered_display": "0", "missing_lines": 1, "excluded_lines": 0, "percent_statements_covered": 0.0, "percent_statements_covered_display": "0"}, "missing_lines": [87], "excluded_lines": [], "start_line": 81}, "ProviderConnector.fetch_wellness": {"executed_lines": [], "summary": {"covered_lines": 0, "num_statements": 1, "percent_covered": 0.0, "percent_covered_display": "0", "missing_lines": 1, "excluded_lines": 0, "percent_statements_covered": 0.0, "percent_statements_covered_display": "0"}, "missing_lines": [96], "excluded_lines": [], "start_line": 90}, "ProviderConnector.handle_webhook": {"executed_lines": [], "summary": {"covered_lines": 0, "num_statements": 1, "percent_covered": 0.0, "percent_covered_display": "0", "missing_lines": 1, "excluded_lines": 0, "percent_statements_covered": 0.0, "percent_statements_covered_display": "0"}, "missing_lines": [100], "excluded_lines": [], "start_line": 99}, "": {"executed_lines": [1, 3, 4, 5, 6, 9, 10, 13, 14, 15, 16, 17, 18, 19, 20, 21, 22, 23, 24, 27, 28, 29, 30, 31, 32, 35, 36, 37, 38, 39, 40, 41, 42, 45, 46, 47, 48, 49, 52, 53, 54, 55, 56, 57, 58, 60, 61, 64, 65, 68, 69, 72, 73, 76, 77, 80, 81, 89, 90, 98, 99], "summary": {"covered_lines": 61, "num_statements": 61, "percent_covered": 100.0, "percent_covered_display": "100", "missing_lines": 0, "excluded_lines": 0, "percent_statements_covered": 100.0, "percent_statements_covered_display": "100"}, "missing_lines": [], "excluded_lines": [], "start_line": 1}}, "classes": {"IntegrationUnavailableError": {"executed_lines": [], "summary": {"covered_lines": 0, "num_statements": 0, "percent_covered": 100.0, "percent_covered_display": "100", "missing_lines": 0, "excluded_lines": 0, "percent_statements_covered": 100.0, "percent_statements_covered_display": "100"}, "missing_lines": [], "excluded_lines": [], "start_line": 9}, "ProviderActivityRecord": {"executed_lines": [], "summary": {"covered_lines": 0, "num_statements": 0, "percent_covered": 100.0, "percent_covered_display": "100", "missing_lines": 0, "excluded_lines": 0, "percent_statements_covered": 100.0, "percent_statements_covered_display": "100"}, "missing_lines": [], "excluded_lines": [], "start_line": 14}, "ProviderWellnessPayload": {"executed_lines": [], "summary": {"covered_lines": 0, "num_statements": 0, "percent_covered": 100.0, "percent_covered_display": "100", "missing_lines": 0, "excluded_lines": 0, "percent_statements_covered": 100.0, "percent_statements_covered_display": "100"}, "missing_lines": [], "excluded_lines": [], "start_line": 28}, "OAuthExchangeResult": {"executed_lines": [], "summary": {"covered_lines": 0, "num_statements": 0, "percent_covered": 100.0, "percent_covered_display": "100", "missing_lines": 0, "excluded_lines": 0, "percent_statements_covered": 100.0, "percent_statements_covered_display": "100"}, "missing_lines": [], "excluded_lines": [], "start_line": 36}, "SyncResult": {"executed_lines": [], "summary": {"covered_lines": 0, "num_statements": 0, "percent_covered": 100.0, "percent_covered_display": "100", "missing_lines": 0, "excluded_lines": 0, "percent_statements_covered": 100.0, "percent_statements_covered_display": "100"}, "missing_lines": [], "excluded_lines": [], "start_line": 46}, "ProviderConnector": {"executed_lines": [], "summary": {"covered_lines": 0, "num_statements": 8, "percent_covered": 0.0, "percent_covered_display": "0", "missing_lines": 8, "excluded_lines": 0, "percent_statements_covered": 0.0, "percent_statements_covered_display": "0"}, "missing_lines": [62, 66, 70, 74, 78, 87, 96, 100], "excluded_lines": [], "start_line": 52}, "": {"executed_lines": [1, 3, 4, 5, 6, 9, 10, 13, 14, 15, 16, 17, 18, 19, 20, 21, 22, 23, 24, 27, 28, 29, 30, 31, 32, 35, 36, 37, 38, 39, 40, 41, 42, 45, 46, 47, 48, 49, 52, 53, 54, 55, 56, 57, 58, 60, 61, 64, 65, 68, 69, 72, 73, 76, 77, 80, 81, 89, 90, 98, 99], "summary": {"covered_lines": 61, "num_statements": 61, "percent_covered": 100.0, "percent_covered_display": "100", "missing_lines": 0, "excluded_lines": 0, "percent_statements_covered": 100.0, "percent_statements_covered_display": "100"}, "missing_lines": [], "excluded_lines": [], "start_line": 1}}}, "app\\integrations\\connectors\\_scaffold.py": {"executed_lines": [1, 3, 4, 5, 7, 16, 17, 27, 28, 29, 30, 31, 32, 34, 35, 37, 38, 39, 40, 42, 43, 47, 48, 52, 53, 57, 58, 62, 63, 64, 65, 69, 70], "summary": {"covered_lines": 33, "num_statements": 33, "percent_covered": 100.0, "percent_covered_display": "100", "missing_lines": 0, "excluded_lines": 0, "percent_statements_covered": 100.0, "percent_statements_covered_display": "100"}, "missing_lines": [], "excluded_lines": [], "functions": {"ApprovalScaffoldConnector.__init__": {"executed_lines": [27, 28, 29, 30, 31, 32], "summary": {"covered_lines": 6, "num_statements": 6, "percent_covered": 100.0, "percent_covered_display": "100", "missing_lines": 0, "excluded_lines": 0, "percent_statements_covered": 100.0, "percent_statements_covered_display": "100"}, "missing_lines": [], "excluded_lines": [], "start_line": 17}, "ApprovalScaffoldConnector.is_enabled": {"executed_lines": [35], "summary": {"covered_lines": 1, "num_statements": 1, "percent_covered": 100.0, "percent_covered_display": "100", "missing_lines": 0, "excluded_lines": 0, "percent_statements_covered": 100.0, "percent_statements_covered_display": "100"}, "missing_lines": [], "excluded_lines": [], "start_line": 34}, "ApprovalScaffoldConnector.is_configured": {"executed_lines": [38, 39, 40], "summary": {"covered_lines": 3, "num_statements": 3, "percent_covered": 100.0, "percent_covered_display": "100", "missing_lines": 0, "excluded_lines": 0, "percent_statements_covered": 100.0, "percent_statements_covered_display": "100"}, "missing_lines": [], "excluded_lines": [], "start_line": 37}, "ApprovalScaffoldConnector.authorize_url": {"executed_lines": [43], "summary": {"covered_lines": 1, "num_statements": 1, "percent_covered": 100.0, "percent_covered_display": "100", "missing_lines": 0, "excluded_lines": 0, "percent_statements_covered": 100.0, "percent_statements_covered_display": "100"}, "missing_lines": [], "excluded_lines": [], "start_line": 42}, "ApprovalScaffoldConnector.exchange_token": {"executed_lines": [48], "summary": {"covered_lines": 1, "num_statements": 1, "percent_covered": 100.0, "percent_covered_display": "100", "missing_lines": 0, "excluded_lines": 0, "percent_statements_covered": 100.0, "percent_statements_covered_display": "100"}, "missing_lines": [], "excluded_lines": [], "start_line": 47}, "ApprovalScaffoldConnector.refresh_token": {"executed_lines": [53], "summary": {"covered_lines": 1, "num_statements": 1, "percent_covered": 100.0, "percent_covered_display": "100", "missing_lines": 0, "excluded_lines": 0, "percent_statements_covered": 100.0, "percent_statements_covered_display": "100"}, "missing_lines": [], "excluded_lines": [], "start_line": 52}, "ApprovalScaffoldConnector.fetch_activities": {"executed_lines": [58], "summary": {"covered_lines": 1, "num_statements": 1, "percent_covered": 100.0, "percent_covered_display": "100", "missing_lines": 0, "excluded_lines": 0, "percent_statements_covered": 100.0, "percent_statements_covered_display": "100"}, "missing_lines": [], "excluded_lines": [], "start_line": 57}, "ApprovalScaffoldConnector.fetch_wellness": {"executed_lines": [63, 64, 65], "summary": {"covered_lines": 3, "num_statements": 3, "percent_covered": 100.0, "percent_covered_display": "100", "missing_lines": 0, "excluded_lines": 0, "percent_statements_covered": 100.0, "percent_statements_covered_display": "100"}, "missing_lines": [], "excluded_lines": [], "start_line": 62}, "ApprovalScaffoldConnector.handle_webhook": {"executed_lines": [70], "summary": {"covered_lines": 1, "num_statements": 1, "percent_covered": 100.0, "percent_covered_display": "100", "missing_lines": 0, "excluded_lines": 0, "percent_statements_covered": 100.0, "percent_statements_covered_display": "100"}, "missing_lines": [], "excluded_lines": [], "start_line": 69}, "": {"executed_lines": [1, 3, 4, 5, 7, 16, 17, 34, 37, 42, 47, 52, 57, 62, 69], "summary": {"covered_lines": 15, "num_statements": 15, "percent_covered": 100.0, "percent_covered_display": "100", "missing_lines": 0, "excluded_lines": 0, "percent_statements_covered": 100.0, "percent_statements_covered_display": "100"}, "missing_lines": [], "excluded_lines": [], "start_line": 1}}, "classes": {"ApprovalScaffoldConnector": {"executed_lines": [27, 28, 29, 30, 31, 32, 35, 38, 39, 40, 43, 48, 53, 58, 63, 64, 65, 70], "summary": {"covered_lines": 18, "num_statements": 18, "percent_covered": 100.0, "percent_covered_display": "100", "missing_lines": 0, "excluded_lines": 0, "percent_statements_covered": 100.0, "percent_statements_covered_display": "100"}, "missing_lines": [], "excluded_lines": [], "start_line": 16}, "": {"executed_lines": [1, 3, 4, 5, 7, 16, 17, 34, 37, 42, 47, 52, 57, 62, 69], "summary": {"covered_lines": 15, "num_statements": 15, "percent_covered": 100.0, "percent_covered_display": "100", "missing_lines": 0, "excluded_lines": 0, "percent_statements_covered": 100.0, "percent_statements_covered_display": "100"}, "missing_lines": [], "excluded_lines": [], "start_line": 1}}}, "app\\integrations\\connectors\\apple_health.py": {"executed_lines": [1, 4, 5, 6], "summary": {"covered_lines": 4, "num_statements": 4, "percent_covered": 100.0, "percent_covered_display": "100", "missing_lines": 0, "excluded_lines": 0, "percent_statements_covered": 100.0, "percent_statements_covered_display": "100"}, "missing_lines": [], "excluded_lines": [], "functions": {"AppleHealthConnector.__init__": {"executed_lines": [6], "summary": {"covered_lines": 1, "num_statements": 1, "percent_covered": 100.0, "percent_covered_display": "100", "missing_lines": 0, "excluded_lines": 0, "percent_statements_covered": 100.0, "percent_statements_covered_display": "100"}, "missing_lines": [], "excluded_lines": [], "start_line": 5}, "": {"executed_lines": [1, 4, 5], "summary": {"covered_lines": 3, "num_statements": 3, "percent_covered": 100.0, "percent_covered_display": "100", "missing_lines": 0, "excluded_lines": 0, "percent_statements_covered": 100.0, "percent_statements_covered_display": "100"}, "missing_lines": [], "excluded_lines": [], "start_line": 1}}, "classes": {"AppleHealthConnector": {"executed_lines": [6], "summary": {"covered_lines": 1, "num_statements": 1, "percent_covered": 100.0, "percent_covered_display": "100", "missing_lines": 0, "excluded_lines": 0, "percent_statements_covered": 100.0, "percent_statements_covered_display": "100"}, "missing_lines": [], "excluded_lines": [], "start_line": 4}, "": {"executed_lines": [1, 4, 5], "summary": {"covered_lines": 3, "num_statements": 3, "percent_covered": 100.0, "percent_covered_display": "100", "missing_lines": 0, "excluded_lines": 0, "percent_statements_covered": 100.0, "percent_statements_covered_display": "100"}, "missing_lines": [], "excluded_lines": [], "start_line": 1}}}, "app\\integrations\\connectors\\coros.py": {"executed_lines": [1, 4, 5, 6], "summary": {"covered_lines": 4, "num_statements": 4, "percent_covered": 100.0, "percent_covered_display": "100", "missing_lines": 0, "excluded_lines": 0, "percent_statements_covered": 100.0, "percent_statements_covered_display": "100"}, "missing_lines": [], "excluded_lines": [], "functions": {"CorosConnector.__init__": {"executed_lines": [6], "summary": {"covered_lines": 1, "num_statements": 1, "percent_covered": 100.0, "percent_covered_display": "100", "missing_lines": 0, "excluded_lines": 0, "percent_statements_covered": 100.0, "percent_statements_covered_display": "100"}, "missing_lines": [], "excluded_lines": [], "start_line": 5}, "": {"executed_lines": [1, 4, 5], "summary": {"covered_lines": 3, "num_statements": 3, "percent_covered": 100.0, "percent_covered_display": "100", "missing_lines": 0, "excluded_lines": 0, "percent_statements_covered": 100.0, "percent_statements_covered_display": "100"}, "missing_lines": [], "excluded_lines": [], "start_line": 1}}, "classes": {"CorosConnector": {"executed_lines": [6], "summary": {"covered_lines": 1, "num_statements": 1, "percent_covered": 100.0, "percent_covered_display": "100", "missing_lines": 0, "excluded_lines": 0, "percent_statements_covered": 100.0, "percent_statements_covered_display": "100"}, "missing_lines": [], "excluded_lines": [], "start_line": 4}, "": {"executed_lines": [1, 4, 5], "summary": {"covered_lines": 3, "num_statements": 3, "percent_covered": 100.0, "percent_covered_display": "100", "missing_lines": 0, "excluded_lines": 0, "percent_statements_covered": 100.0, "percent_statements_covered_display": "100"}, "missing_lines": [], "excluded_lines": [], "start_line": 1}}}, "app\\integrations\\connectors\\garmin.py": {"executed_lines": [1, 4, 5, 6], "summary": {"covered_lines": 4, "num_statements": 4, "percent_covered": 100.0, "percent_covered_display": "100", "missing_lines": 0, "excluded_lines": 0, "percent_statements_covered": 100.0, "percent_statements_covered_display": "100"}, "missing_lines": [], "excluded_lines": [], "functions": {"GarminConnector.__init__": {"executed_lines": [6], "summary": {"covered_lines": 1, "num_statements": 1, "percent_covered": 100.0, "percent_covered_display": "100", "missing_lines": 0, "excluded_lines": 0, "percent_statements_covered": 100.0, "percent_statements_covered_display": "100"}, "missing_lines": [], "excluded_lines": [], "start_line": 5}, "": {"executed_lines": [1, 4, 5], "summary": {"covered_lines": 3, "num_statements": 3, "percent_covered": 100.0, "percent_covered_display": "100", "missing_lines": 0, "excluded_lines": 0, "percent_statements_covered": 100.0, "percent_statements_covered_display": "100"}, "missing_lines": [], "excluded_lines": [], "start_line": 1}}, "classes": {"GarminConnector": {"executed_lines": [6], "summary": {"covered_lines": 1, "num_statements": 1, "percent_covered": 100.0, "percent_covered_display": "100", "missing_lines": 0, "excluded_lines": 0, "percent_statements_covered": 100.0, "percent_statements_covered_display": "100"}, "missing_lines": [], "excluded_lines": [], "start_line": 4}, "": {"executed_lines": [1, 4, 5], "summary": {"covered_lines": 3, "num_statements": 3, "percent_covered": 100.0, "percent_covered_display": "100", "missing_lines": 0, "excluded_lines": 0, "percent_statements_covered": 100.0, "percent_statements_covered_display": "100"}, "missing_lines": [], "excluded_lines": [], "start_line": 1}}}, "app\\integrations\\connectors\\google_fit.py": {"executed_lines": [1, 4, 5, 6], "summary": {"covered_lines": 4, "num_statements": 4, "percent_covered": 100.0, "percent_covered_display": "100", "missing_lines": 0, "excluded_lines": 0, "percent_statements_covered": 100.0, "percent_statements_covered_display": "100"}, "missing_lines": [], "excluded_lines": [], "functions": {"GoogleFitConnector.__init__": {"executed_lines": [6], "summary": {"covered_lines": 1, "num_statements": 1, "percent_covered": 100.0, "percent_covered_display": "100", "missing_lines": 0, "excluded_lines": 0, "percent_statements_covered": 100.0, "percent_statements_covered_display": "100"}, "missing_lines": [], "excluded_lines": [], "start_line": 5}, "": {"executed_lines": [1, 4, 5], "summary": {"covered_lines": 3, "num_statements": 3, "percent_covered": 100.0, "percent_covered_display": "100", "missing_lines": 0, "excluded_lines": 0, "percent_statements_covered": 100.0, "percent_statements_covered_display": "100"}, "missing_lines": [], "excluded_lines": [], "start_line": 1}}, "classes": {"GoogleFitConnector": {"executed_lines": [6], "summary": {"covered_lines": 1, "num_statements": 1, "percent_covered": 100.0, "percent_covered_display": "100", "missing_lines": 0, "excluded_lines": 0, "percent_statements_covered": 100.0, "percent_statements_covered_display": "100"}, "missing_lines": [], "excluded_lines": [], "start_line": 4}, "": {"executed_lines": [1, 4, 5], "summary": {"covered_lines": 3, "num_statements": 3, "percent_covered": 100.0, "percent_covered_display": "100", "missing_lines": 0, "excluded_lines": 0, "percent_statements_covered": 100.0, "percent_statements_covered_display": "100"}, "missing_lines": [], "excluded_lines": [], "start_line": 1}}}, "app\\integrations\\connectors\\polar.py": {"executed_lines": [1, 4, 5, 6], "summary": {"covered_lines": 4, "num_statements": 4, "percent_covered": 100.0, "percent_covered_display": "100", "missing_lines": 0, "excluded_lines": 0, "percent_statements_covered": 100.0, "percent_statements_covered_display": "100"}, "missing_lines": [], "excluded_lines": [], "functions": {"PolarConnector.__init__": {"executed_lines": [6], "summary": {"covered_lines": 1, "num_statements": 1, "percent_covered": 100.0, "percent_covered_display": "100", "missing_lines": 0, "excluded_lines": 0, "percent_statements_covered": 100.0, "percent_statements_covered_display": "100"}, "missing_lines": [], "excluded_lines": [], "start_line": 5}, "": {"executed_lines": [1, 4, 5], "summary": {"covered_lines": 3, "num_statements": 3, "percent_covered": 100.0, "percent_covered_display": "100", "missing_lines": 0, "excluded_lines": 0, "percent_statements_covered": 100.0, "percent_statements_covered_display": "100"}, "missing_lines": [], "excluded_lines": [], "start_line": 1}}, "classes": {"PolarConnector": {"executed_lines": [6], "summary": {"covered_lines": 1, "num_statements": 1, "percent_covered": 100.0, "percent_covered_display": "100", "missing_lines": 0, "excluded_lines": 0, "percent_statements_covered": 100.0, "percent_statements_covered_display": "100"}, "missing_lines": [], "excluded_lines": [], "start_line": 4}, "": {"executed_lines": [1, 4, 5], "summary": {"covered_lines": 3, "num_statements": 3, "percent_covered": 100.0, "percent_covered_display": "100", "missing_lines": 0, "excluded_lines": 0, "percent_statements_covered": 100.0, "percent_statements_covered_display": "100"}, "missing_lines": [], "excluded_lines": [], "start_line": 1}}}, "app\\integrations\\connectors\\strava.py": {"executed_lines": [1, 3, 4, 5, 6, 7, 8, 9, 10, 12, 14, 23, 25, 26, 27, 28, 29, 32, 33, 34, 35, 36, 38, 39, 40, 41, 43, 44, 46, 47, 49, 50, 51, 52, 53, 55, 57, 58, 59, 60, 61, 62, 63, 64, 65, 67, 68, 69, 70, 71, 72, 73, 74, 75, 76, 78, 79, 80, 82, 83, 85, 86, 88, 89, 91, 92, 100, 102, 103, 104, 105, 106, 108, 109, 110, 111, 113, 114, 115, 117, 126, 127, 133, 135, 136, 142, 144, 145, 146, 150, 151, 152, 153, 154, 156, 157, 158, 165, 166, 167, 169, 170, 171, 180, 181, 182, 184, 185, 186, 193, 196, 197, 198, 200, 201, 202, 209, 210, 212, 213, 214, 215, 221, 222, 224, 225, 226, 228, 229, 230, 232, 233, 234, 235, 236, 237, 238, 239, 240, 241, 242, 243, 244, 245, 247, 248, 249, 251, 252, 253, 254, 255, 256, 257, 258, 259, 260, 261, 263, 264, 266, 267, 268, 270, 272, 273, 274, 275, 277, 278, 280, 281, 283, 284, 286, 287, 288, 290, 291, 292, 293, 295, 296, 297, 299, 300, 301, 303, 304, 305, 307, 308, 309, 311, 312, 313, 315, 316, 317, 319, 321, 323, 324, 325, 327, 328, 329, 330, 331, 332, 333, 334, 335, 336, 337, 338, 339, 341, 344, 345, 347, 349, 351, 352, 353, 355, 356, 357, 358, 360, 373, 375, 376, 377, 378, 379, 381, 382, 383, 384, 386, 389, 390, 391, 392, 393, 394, 406, 417, 418, 419, 420, 421, 423, 424, 425, 426, 428, 429, 430, 431, 432, 433, 434, 435, 437, 444, 446, 447, 450, 457, 458, 459, 466, 467, 469, 476, 477, 479, 480, 482, 494, 495, 496, 498, 499, 501, 502, 503, 505, 506, 507, 508, 510, 524, 525, 536, 539, 540, 542, 553, 568, 575, 576, 577, 584, 585, 586, 587, 589, 590, 592, 594, 607, 608, 609, 610, 612, 613, 614, 615, 616, 617, 618, 619, 621, 622, 623, 625, 627, 628, 630, 638, 639, 640, 641, 642, 646, 654, 657, 659, 664, 665, 670, 671, 672, 673, 674, 675, 676, 677, 681, 687, 690, 691, 693, 695, 696, 697, 698, 700, 701, 705, 707, 708, 710, 711, 714, 715, 716, 717, 719, 733, 735, 738, 739, 740, 743, 747, 748, 750, 752, 755, 763, 764, 765, 766, 767, 768, 769, 770, 773, 781, 783, 785, 786, 787, 788, 789, 791, 792, 793, 794, 795, 797, 803, 804, 806, 807], "summary": {"covered_lines": 409, "num_statements": 446, "percent_covered": 91.70403587443946, "percent_covered_display": "92", "missing_lines": 37, "excluded_lines": 0, "percent_statements_covered": 91.70403587443946, "percent_statements_covered_display": "92"}, "missing_lines": [194, 216, 217, 218, 219, 342, 387, 396, 397, 399, 400, 402, 404, 422, 448, 561, 591, 643, 644, 647, 652, 655, 678, 679, 688, 689, 702, 703, 706, 712, 736, 741, 744, 745, 749, 771, 772], "excluded_lines": [], "functions": {"StravaConnector.__init__": {"executed_lines": [39, 40, 41], "summary": {"covered_lines": 3, "num_statements": 3, "percent_covered": 100.0, "percent_covered_display": "100", "missing_lines": 0, "excluded_lines": 0, "percent_statements_covered": 100.0, "percent_statements_covered_display": "100"}, "missing_lines": [], "excluded_lines": [], "start_line": 38}, "StravaConnector.is_enabled": {"executed_lines": [44], "summary": {"covered_lines": 1, "num_statements": 1, "percent_covered": 100.0, "percent_covered_display": "100", "missing_lines": 0, "excluded_lines": 0, "percent_statements_covered": 100.0, "percent_statements_covered_display": "100"}, "missing_lines": [], "excluded_lines": [], "start_line": 43}, "StravaConnector.is_configured": {"executed_lines": [47], "summary": {"covered_lines": 1, "num_statements": 1, "percent_covered": 100.0, "percent_covered_display": "100", "missing_lines": 0, "excluded_lines": 0, "percent_statements_covered": 100.0, "percent_statements_covered_display": "100"}, "missing_lines": [], "excluded_lines": [], "start_line": 46}, "StravaConnector._parse_scopes": {"executed_lines": [50, 51, 52, 53, 55, 57, 58, 59, 60, 61, 62, 63, 64, 65], "summary": {"covered_lines": 14, "num_statements": 14, "percent_covered": 100.0, "percent_covered_display": "100", "missing_lines": 0, "excluded_lines": 0, "percent_statements_covered": 100.0, "percent_statements_covered_display": "100"}, "missing_lines": [], "excluded_lines": [], "start_line": 49}, "StravaConnector.requested_scopes": {"executed_lines": [68, 69, 70, 71, 72, 73, 74, 75, 76], "summary": {"covered_lines": 9, "num_statements": 9, "percent_covered": 100.0, "percent_covered_display": "100", "missing_lines": 0, "excluded_lines": 0, "percent_statements_covered": 100.0, "percent_statements_covered_display": "100"}, "missing_lines": [], "excluded_lines": [], "start_line": 67}, "StravaConnector.missing_required_scopes": {"executed_lines": [79, 80], "summary": {"covered_lines": 2, "num_statements": 2, "percent_covered": 100.0, "percent_covered_display": "100", "missing_lines": 0, "excluded_lines": 0, "percent_statements_covered": 100.0, "percent_statements_covered_display": "100"}, "missing_lines": [], "excluded_lines": [], "start_line": 78}, "StravaConnector.webhook_callback_url": {"executed_lines": [83], "summary": {"covered_lines": 1, "num_statements": 1, "percent_covered": 100.0, "percent_covered_display": "100", "missing_lines": 0, "excluded_lines": 0, "percent_statements_covered": 100.0, "percent_statements_covered_display": "100"}, "missing_lines": [], "excluded_lines": [], "start_line": 82}, "StravaConnector.webhook_verify_token": {"executed_lines": [86], "summary": {"covered_lines": 1, "num_statements": 1, "percent_covered": 100.0, "percent_covered_display": "100", "missing_lines": 0, "excluded_lines": 0, "percent_statements_covered": 100.0, "percent_statements_covered_display": "100"}, "missing_lines": [], "excluded_lines": [], "start_line": 85}, "StravaConnector.is_webhook_configured": {"executed_lines": [89], "summary": {"covered_lines": 1, "num_statements": 1, "percent_covered": 100.0, "percent_covered_display": "100", "missing_lines": 0, "excluded_lines": 0, "percent_statements_covered": 100.0, "percent_statements_covered_display": "100"}, "missing_lines": [], "excluded_lines": [], "start_line": 88}, "StravaConnector.authorize_url": {"executed_lines": [92, 100], "summary": {"covered_lines": 2, "num_statements": 2, "percent_covered": 100.0, "percent_covered_display": "100", "missing_lines": 0, "excluded_lines": 0, "percent_statements_covered": 100.0, "percent_statements_covered_display": "100"}, "missing_lines": [], "excluded_lines": [], "start_line": 91}, "StravaConnector._exchange": {"executed_lines": [103, 104, 105, 106, 108, 109, 110, 111, 113, 114, 115, 117], "summary": {"covered_lines": 12, "num_statements": 12, "percent_covered": 100.0, "percent_covered_display": "100", "missing_lines": 0, "excluded_lines": 0, "percent_statements_covered": 100.0, "percent_statements_covered_display": "100"}, "missing_lines": [], "excluded_lines": [], "start_line": 102}, "StravaConnector.exchange_token": {"executed_lines": [127, 133], "summary": {"covered_lines": 2, "num_statements": 2, "percent_covered": 100.0, "percent_covered_display": "100", "missing_lines": 0, "excluded_lines": 0, "percent_statements_covered": 100.0, "percent_statements_covered_display": "100"}, "missing_lines": [], "excluded_lines": [], "start_line": 126}, "StravaConnector.refresh_token": {"executed_lines": [136, 142], "summary": {"covered_lines": 2, "num_statements": 2, "percent_covered": 100.0, "percent_covered_display": "100", "missing_lines": 0, "excluded_lines": 0, "percent_statements_covered": 100.0, "percent_statements_covered_display": "100"}, "missing_lines": [], "excluded_lines": [], "start_line": 135}, "StravaConnector.deauthorize": {"executed_lines": [145, 146, 150, 151, 152, 153, 154], "summary": {"covered_lines": 7, "num_statements": 7, "percent_covered": 100.0, "percent_covered_display": "100", "missing_lines": 0, "excluded_lines": 0, "percent_statements_covered": 100.0, "percent_statements_covered_display": "100"}, "missing_lines": [], "excluded_lines": [], "start_line": 144}, "StravaConnector.list_webhook_subscriptions": {"executed_lines": [157, 158, 165, 166, 167], "summary": {"covered_lines": 5, "num_statements": 5, "percent_covered": 100.0, "percent_covered_display": "100", "missing_lines": 0, "excluded_lines": 0, "percent_statements_covered": 100.0, "percent_statements_covered_display": "100"}, "missing_lines": [], "excluded_lines": [], "start_line": 156}, "StravaConnector.create_webhook_subscription": {"executed_lines": [170, 171, 180, 181, 182], "summary": {"covered_lines": 5, "num_statements": 5, "percent_covered": 100.0, "percent_covered_display": "100", "missing_lines": 0, "excluded_lines": 0, "percent_statements_covered": 100.0, "percent_statements_covered_display": "100"}, "missing_lines": [], "excluded_lines": [], "start_line": 169}, "StravaConnector.delete_webhook_subscription": {"executed_lines": [185, 186, 193], "summary": {"covered_lines": 3, "num_statements": 4, "percent_covered": 75.0, "percent_covered_display": "75", "missing_lines": 1, "excluded_lines": 0, "percent_statements_covered": 75.0, "percent_statements_covered_display": "75"}, "missing_lines": [194], "excluded_lines": [], "start_line": 184}, "StravaConnector.ensure_webhook_subscription": {"executed_lines": [197, 198, 200, 201, 202, 209, 210, 212, 213, 214, 215, 221, 222], "summary": {"covered_lines": 13, "num_statements": 17, "percent_covered": 76.47058823529412, "percent_covered_display": "76", "missing_lines": 4, "excluded_lines": 0, "percent_statements_covered": 76.47058823529412, "percent_statements_covered_display": "76"}, "missing_lines": [216, 217, 218, 219], "excluded_lines": [], "start_line": 196}, "StravaConnector._rolling_curve": {"executed_lines": [225, 226, 228, 229, 230, 232, 233, 234, 235, 236, 237, 238, 239, 240, 241, 242, 243, 244, 245], "summary": {"covered_lines": 19, "num_statements": 19, "percent_covered": 100.0, "percent_covered_display": "100", "missing_lines": 0, "excluded_lines": 0, "percent_statements_covered": 100.0, "percent_statements_covered_display": "100"}, "missing_lines": [], "excluded_lines": [], "start_line": 224}, "StravaConnector._hr_zones": {"executed_lines": [248, 249, 251, 252, 253, 254, 255, 256, 257, 258, 259, 260, 261, 263, 264], "summary": {"covered_lines": 15, "num_statements": 15, "percent_covered": 100.0, "percent_covered_display": "100", "missing_lines": 0, "excluded_lines": 0, "percent_statements_covered": 100.0, "percent_statements_covered_display": "100"}, "missing_lines": [], "excluded_lines": [], "start_line": 247}, "StravaConnector._build_stream_points": {"executed_lines": [267, 268, 270, 272, 273, 274, 275, 277, 278, 280, 281, 283, 284, 286, 287, 288, 290, 291, 292, 293, 295, 296, 297, 299, 300, 301, 303, 304, 305, 307, 308, 309, 311, 312, 313, 315, 316, 317, 319, 321], "summary": {"covered_lines": 40, "num_statements": 40, "percent_covered": 100.0, "percent_covered_display": "100", "missing_lines": 0, "excluded_lines": 0, "percent_statements_covered": 100.0, "percent_statements_covered_display": "100"}, "missing_lines": [], "excluded_lines": [], "start_line": 266}, "StravaConnector._normalize_utc_iso": {"executed_lines": [324, 325, 327, 328, 329, 330, 331, 332, 333, 334, 335, 336, 337, 338, 339, 341, 344, 345, 347, 349], "summary": {"covered_lines": 20, "num_statements": 21, "percent_covered": 95.23809523809524, "percent_covered_display": "95", "missing_lines": 1, "excluded_lines": 0, "percent_statements_covered": 95.23809523809524, "percent_statements_covered_display": "95"}, "missing_lines": [342], "excluded_lines": [], "start_line": 323}, "StravaConnector._normalize_laps": {"executed_lines": [352, 353, 355, 356, 357, 358, 360, 373], "summary": {"covered_lines": 8, "num_statements": 8, "percent_covered": 100.0, "percent_covered_display": "100", "missing_lines": 0, "excluded_lines": 0, "percent_statements_covered": 100.0, "percent_statements_covered_display": "100"}, "missing_lines": [], "excluded_lines": [], "start_line": 351}, "StravaConnector._acquire_rate_limit_slot": {"executed_lines": [376, 377, 378, 379, 381, 382, 383, 384, 386, 389, 390, 391, 392, 393, 394], "summary": {"covered_lines": 15, "num_statements": 22, "percent_covered": 68.18181818181819, "percent_covered_display": "68", "missing_lines": 7, "excluded_lines": 0, "percent_statements_covered": 68.18181818181819, "percent_statements_covered_display": "68"}, "missing_lines": [387, 396, 397, 399, 400, 402, 404], "excluded_lines": [], "start_line": 375}, "StravaConnector._get_with_retry": {"executed_lines": [417, 418, 419, 420, 421, 423, 424, 425, 426, 428, 429, 430, 431, 432, 433, 434, 435, 437, 444, 446, 447], "summary": {"covered_lines": 21, "num_statements": 23, "percent_covered": 91.30434782608695, "percent_covered_display": "91", "missing_lines": 2, "excluded_lines": 0, "percent_statements_covered": 91.30434782608695, "percent_statements_covered_display": "91"}, "missing_lines": [422, 448], "excluded_lines": [], "start_line": 406}, "StravaConnector._fetch_activity_detail_payload": {"executed_lines": [457, 458, 459, 466, 467, 469, 476, 477, 479, 480, 482, 494, 495, 496, 498, 499, 501, 502, 503, 505, 506, 507, 508, 510, 524, 525, 536, 539, 540, 542], "summary": {"covered_lines": 30, "num_statements": 30, "percent_covered": 100.0, "percent_covered_display": "100", "missing_lines": 0, "excluded_lines": 0, "percent_statements_covered": 100.0, "percent_statements_covered_display": "100"}, "missing_lines": [], "excluded_lines": [], "start_line": 450}, "StravaConnector.fetch_activity_deep_data": {"executed_lines": [], "summary": {"covered_lines": 0, "num_statements": 1, "percent_covered": 0.0, "percent_covered_display": "0", "missing_lines": 1, "excluded_lines": 0, "percent_statements_covered": 0.0, "percent_statements_covered_display": "0"}, "missing_lines": [561], "excluded_lines": [], "start_line": 553}, "StravaConnector.fetch_activity_summary": {"executed_lines": [575, 576, 577, 584, 585, 586, 587, 589, 590, 592, 594], "summary": {"covered_lines": 11, "num_statements": 12, "percent_covered": 91.66666666666667, "percent_covered_display": "92", "missing_lines": 1, "excluded_lines": 0, "percent_statements_covered": 91.66666666666667, "percent_statements_covered_display": "92"}, "missing_lines": [591], "excluded_lines": [], "start_line": 568}, "StravaConnector.fetch_activities": {"executed_lines": [608, 609, 610, 612, 613, 614, 615, 616, 617, 618, 619, 621, 622, 623, 625, 627, 628, 630, 747, 748, 750, 752, 755, 763, 764, 765, 766, 767, 768, 769, 770, 773, 781, 783, 785, 786, 787, 788, 789, 791, 792, 793, 794, 795, 797], "summary": {"covered_lines": 45, "num_statements": 48, "percent_covered": 93.75, "percent_covered_display": "94", "missing_lines": 3, "excluded_lines": 0, "percent_statements_covered": 93.75, "percent_statements_covered_display": "94"}, "missing_lines": [749, 771, 772], "excluded_lines": [], "start_line": 607}, "StravaConnector.fetch_activities.collect_activity_summaries": {"executed_lines": [638, 639, 640, 641, 642, 646, 654, 657, 659, 664, 665, 670, 671, 672, 673, 674, 675, 676, 677, 681, 687, 690, 691, 693, 695, 696, 697, 698, 700, 701, 705, 707, 708, 710, 711, 714, 715, 716, 717, 719, 733, 735, 738, 739, 740, 743], "summary": {"covered_lines": 46, "num_statements": 63, "percent_covered": 73.01587301587301, "percent_covered_display": "73", "missing_lines": 17, "excluded_lines": 0, "percent_statements_covered": 73.01587301587301, "percent_statements_covered_display": "73"}, "missing_lines": [643, 644, 647, 652, 655, 678, 679, 688, 689, 702, 703, 706, 712, 736, 741, 744, 745], "excluded_lines": [], "start_line": 630}, "StravaConnector.fetch_wellness": {"executed_lines": [804], "summary": {"covered_lines": 1, "num_statements": 1, "percent_covered": 100.0, "percent_covered_display": "100", "missing_lines": 0, "excluded_lines": 0, "percent_statements_covered": 100.0, "percent_statements_covered_display": "100"}, "missing_lines": [], "excluded_lines": [], "start_line": 803}, "StravaConnector.handle_webhook": {"executed_lines": [807], "summary": {"covered_lines": 1, "num_statements": 1, "percent_covered": 100.0, "percent_covered_display": "100", "missing_lines": 0, "excluded_lines": 0, "percent_statements_covered": 100.0, "percent_statements_covered_display": "100"}, "missing_lines": [], "excluded_lines": [], "start_line": 806}, "": {"executed_lines": [1, 3, 4, 5, 6, 7, 8, 9, 10, 12, 14, 23, 25, 26, 27, 28, 29, 32, 33, 34, 35, 36, 38, 43, 46, 49, 67, 78, 82, 85, 88, 91, 102, 126, 135, 144, 156, 169, 184, 196, 224, 247, 266, 323, 351, 375, 406, 450, 553, 568, 607, 803, 806], "summary": {"covered_lines": 53, "num_statements": 53, "percent_covered": 100.0, "percent_covered_display": "100", "missing_lines": 0, "excluded_lines": 0, "percent_statements_covered": 100.0, "percent_statements_covered_display": "100"}, "missing_lines": [], "excluded_lines": [], "start_line": 1}}, "classes": {"StravaConnector": {"executed_lines": [39, 40, 41, 44, 47, 50, 51, 52, 53, 55, 57, 58, 59, 60, 61, 62, 63, 64, 65, 68, 69, 70, 71, 72, 73, 74, 75, 76, 79, 80, 83, 86, 89, 92, 100, 103, 104, 105, 106, 108, 109, 110, 111, 113, 114, 115, 117, 127, 133, 136, 142, 145, 146, 150, 151, 152, 153, 154, 157, 158, 165, 166, 167, 170, 171, 180, 181, 182, 185, 186, 193, 197, 198, 200, 201, 202, 209, 210, 212, 213, 214, 215, 221, 222, 225, 226, 228, 229, 230, 232, 233, 234, 235, 236, 237, 238, 239, 240, 241, 242, 243, 244, 245, 248, 249, 251, 252, 253, 254, 255, 256, 257, 258, 259, 260, 261, 263, 264, 267, 268, 270, 272, 273, 274, 275, 277, 278, 280, 281, 283, 284, 286, 287, 288, 290, 291, 292, 293, 295, 296, 297, 299, 300, 301, 303, 304, 305, 307, 308, 309, 311, 312, 313, 315, 316, 317, 319, 321, 324, 325, 327, 328, 329, 330, 331, 332, 333, 334, 335, 336, 337, 338, 339, 341, 344, 345, 347, 349, 352, 353, 355, 356, 357, 358, 360, 373, 376, 377, 378, 379, 381, 382, 383, 384, 386, 389, 390, 391, 392, 393, 394, 417, 418, 419, 420, 421, 423, 424, 425, 426, 428, 429, 430, 431, 432, 433, 434, 435, 437, 444, 446, 447, 457, 458, 459, 466, 467, 469, 476, 477, 479, 480, 482, 494, 495, 496, 498, 499, 501, 502, 503, 505, 506, 507, 508, 510, 524, 525, 536, 539, 540, 542, 575, 576, 577, 584, 585, 586, 587, 589, 590, 592, 594, 608, 609, 610, 612, 613, 614, 615, 616, 617, 618, 619, 621, 622, 623, 625, 627, 628, 630, 638, 639, 640, 641, 642, 646, 654, 657, 659, 664, 665, 670, 671, 672, 673, 674, 675, 676, 677, 681, 687, 690, 691, 693, 695, 696, 697, 698, 700, 701, 705, 707, 708, 710, 711, 714, 715, 716, 717, 719, 733, 735, 738, 739, 740, 743, 747, 748, 750, 752, 755, 763, 764, 765, 766, 767, 768, 769, 770, 773, 781, 783, 785, 786, 787, 788, 789, 791, 792, 793, 794, 795, 797, 804, 807], "summary": {"covered_lines": 356, "num_statements": 393, "percent_covered": 90.5852417302799, "percent_covered_display": "91", "missing_lines": 37, "excluded_lines": 0, "percent_statements_covered": 90.5852417302799, "percent_statements_covered_display": "91"}, "missing_lines": [194, 216, 217, 218, 219, 342, 387, 396, 397, 399, 400, 402, 404, 422, 448, 561, 591, 643, 644, 647, 652, 655, 678, 679, 688, 689, 702, 703, 706, 712, 736, 741, 744, 745, 749, 771, 772], "excluded_lines": [], "start_line": 32}, "": {"executed_lines": [1, 3, 4, 5, 6, 7, 8, 9, 10, 12, 14, 23, 25, 26, 27, 28, 29, 32, 33, 34, 35, 36, 38, 43, 46, 49, 67, 78, 82, 85, 88, 91, 102, 126, 135, 144, 156, 169, 184, 196, 224, 247, 266, 323, 351, 375, 406, 450, 553, 568, 607, 803, 806], "summary": {"covered_lines": 53, "num_statements": 53, "percent_covered": 100.0, "percent_covered_display": "100", "missing_lines": 0, "excluded_lines": 0, "percent_statements_covered": 100.0, "percent_statements_covered_display": "100"}, "missing_lines": [], "excluded_lines": [], "start_line": 1}}}, "app\\integrations\\connectors\\suunto.py": {"executed_lines": [1, 4, 5, 6], "summary": {"covered_lines": 4, "num_statements": 4, "percent_covered": 100.0, "percent_covered_display": "100", "missing_lines": 0, "excluded_lines": 0, "percent_statements_covered": 100.0, "percent_statements_covered_display": "100"}, "missing_lines": [], "excluded_lines": [], "functions": {"SuuntoConnector.__init__": {"executed_lines": [6], "summary": {"covered_lines": 1, "num_statements": 1, "percent_covered": 100.0, "percent_covered_display": "100", "missing_lines": 0, "excluded_lines": 0, "percent_statements_covered": 100.0, "percent_statements_covered_display": "100"}, "missing_lines": [], "excluded_lines": [], "start_line": 5}, "": {"executed_lines": [1, 4, 5], "summary": {"covered_lines": 3, "num_statements": 3, "percent_covered": 100.0, "percent_covered_display": "100", "missing_lines": 0, "excluded_lines": 0, "percent_statements_covered": 100.0, "percent_statements_covered_display": "100"}, "missing_lines": [], "excluded_lines": [], "start_line": 1}}, "classes": {"SuuntoConnector": {"executed_lines": [6], "summary": {"covered_lines": 1, "num_statements": 1, "percent_covered": 100.0, "percent_covered_display": "100", "missing_lines": 0, "excluded_lines": 0, "percent_statements_covered": 100.0, "percent_statements_covered_display": "100"}, "missing_lines": [], "excluded_lines": [], "start_line": 4}, "": {"executed_lines": [1, 4, 5], "summary": {"covered_lines": 3, "num_statements": 3, "percent_covered": 100.0, "percent_covered_display": "100", "missing_lines": 0, "excluded_lines": 0, "percent_statements_covered": 100.0, "percent_statements_covered_display": "100"}, "missing_lines": [], "excluded_lines": [], "start_line": 1}}}, "app\\integrations\\connectors\\whoop.py": {"executed_lines": [1, 4, 5, 6], "summary": {"covered_lines": 4, "num_statements": 4, "percent_covered": 100.0, "percent_covered_display": "100", "missing_lines": 0, "excluded_lines": 0, "percent_statements_covered": 100.0, "percent_statements_covered_display": "100"}, "missing_lines": [], "excluded_lines": [], "functions": {"WhoopConnector.__init__": {"executed_lines": [6], "summary": {"covered_lines": 1, "num_statements": 1, "percent_covered": 100.0, "percent_covered_display": "100", "missing_lines": 0, "excluded_lines": 0, "percent_statements_covered": 100.0, "percent_statements_covered_display": "100"}, "missing_lines": [], "excluded_lines": [], "start_line": 5}, "": {"executed_lines": [1, 4, 5], "summary": {"covered_lines": 3, "num_statements": 3, "percent_covered": 100.0, "percent_covered_display": "100", "missing_lines": 0, "excluded_lines": 0, "percent_statements_covered": 100.0, "percent_statements_covered_display": "100"}, "missing_lines": [], "excluded_lines": [], "start_line": 1}}, "classes": {"WhoopConnector": {"executed_lines": [6], "summary": {"covered_lines": 1, "num_statements": 1, "percent_covered": 100.0, "percent_covered_display": "100", "missing_lines": 0, "excluded_lines": 0, "percent_statements_covered": 100.0, "percent_statements_covered_display": "100"}, "missing_lines": [], "excluded_lines": [], "start_line": 4}, "": {"executed_lines": [1, 4, 5], "summary": {"covered_lines": 3, "num_statements": 3, "percent_covered": 100.0, "percent_covered_display": "100", "missing_lines": 0, "excluded_lines": 0, "percent_statements_covered": 100.0, "percent_statements_covered_display": "100"}, "missing_lines": [], "excluded_lines": [], "start_line": 1}}}, "app\\integrations\\crypto.py": {"executed_lines": [1, 3, 4, 5, 7, 9, 12, 13, 14, 15, 18, 19, 20, 21, 24, 25, 26, 27], "summary": {"covered_lines": 18, "num_statements": 18, "percent_covered": 100.0, "percent_covered_display": "100", "missing_lines": 0, "excluded_lines": 0, "percent_statements_covered": 100.0, "percent_statements_covered_display": "100"}, "missing_lines": [], "excluded_lines": [], "functions": {"_build_fernet": {"executed_lines": [13, 14, 15], "summary": {"covered_lines": 3, "num_statements": 3, "percent_covered": 100.0, "percent_covered_display": "100", "missing_lines": 0, "excluded_lines": 0, "percent_statements_covered": 100.0, "percent_statements_covered_display": "100"}, "missing_lines": [], "excluded_lines": [], "start_line": 12}, "encrypt_token": {"executed_lines": [19, 20, 21], "summary": {"covered_lines": 3, "num_statements": 3, "percent_covered": 100.0, "percent_covered_display": "100", "missing_lines": 0, "excluded_lines": 0, "percent_statements_covered": 100.0, "percent_statements_covered_display": "100"}, "missing_lines": [], "excluded_lines": [], "start_line": 18}, "decrypt_token": {"executed_lines": [25, 26, 27], "summary": {"covered_lines": 3, "num_statements": 3, "percent_covered": 100.0, "percent_covered_display": "100", "missing_lines": 0, "excluded_lines": 0, "percent_statements_covered": 100.0, "percent_statements_covered_display": "100"}, "missing_lines": [], "excluded_lines": [], "start_line": 24}, "": {"executed_lines": [1, 3, 4, 5, 7, 9, 12, 18, 24], "summary": {"covered_lines": 9, "num_statements": 9, "percent_covered": 100.0, "percent_covered_display": "100", "missing_lines": 0, "excluded_lines": 0, "percent_statements_covered": 100.0, "percent_statements_covered_display": "100"}, "missing_lines": [], "excluded_lines": [], "start_line": 1}}, "classes": {"": {"executed_lines": [1, 3, 4, 5, 7, 9, 12, 13, 14, 15, 18, 19, 20, 21, 24, 25, 26, 27], "summary": {"covered_lines": 18, "num_statements": 18, "percent_covered": 100.0, "percent_covered_display": "100", "missing_lines": 0, "excluded_lines": 0, "percent_statements_covered": 100.0, "percent_statements_covered_display": "100"}, "missing_lines": [], "excluded_lines": [], "start_line": 1}}}, "app\\integrations\\ingest.py": {"executed_lines": [1, 3, 5, 7, 8, 9, 12, 14, 15, 16, 17, 18, 19, 20, 21, 22, 23, 24, 27, 28, 29, 30, 31, 32, 33, 34, 35, 36, 37, 40, 57, 58, 59, 61, 68, 79, 80, 81, 82, 83, 84, 85, 86, 89, 90, 91, 93, 94, 95, 96, 97, 100, 101, 102, 109, 110, 144, 145, 149, 150, 153, 161, 162, 163, 164, 165, 166, 167, 168, 169, 170, 171, 172, 173, 175, 176, 177, 178, 185, 186, 187, 189, 190, 209, 210, 211, 212, 215, 217, 250, 251, 252, 253, 256], "summary": {"covered_lines": 94, "num_statements": 98, "percent_covered": 95.91836734693878, "percent_covered_display": "96", "missing_lines": 4, "excluded_lines": 0, "percent_statements_covered": 95.91836734693878, "percent_statements_covered_display": "96"}, "missing_lines": [146, 147, 214, 255], "excluded_lines": [], "functions": {"_local_date_from_payload": {"executed_lines": [14, 15, 16, 17, 18, 19, 20, 21, 22, 23, 24], "summary": {"covered_lines": 11, "num_statements": 11, "percent_covered": 100.0, "percent_covered_display": "100", "missing_lines": 0, "excluded_lines": 0, "percent_statements_covered": 100.0, "percent_statements_covered_display": "100"}, "missing_lines": [], "excluded_lines": [], "start_line": 12}, "_moving_time_from_parts": {"executed_lines": [28, 29, 30, 31, 32, 33, 34, 35, 36, 37], "summary": {"covered_lines": 10, "num_statements": 10, "percent_covered": 100.0, "percent_covered_display": "100", "missing_lines": 0, "excluded_lines": 0, "percent_statements_covered": 100.0, "percent_statements_covered_display": "100"}, "missing_lines": [], "excluded_lines": [], "start_line": 27}, "ingest_provider_activity": {"executed_lines": [57, 58, 59, 61, 68, 79, 80, 81, 82, 83, 84, 85, 86, 89, 90, 91, 93, 94, 95, 96, 97, 100, 101, 102, 109, 110, 144, 145, 149, 150, 153, 161, 162, 163, 164, 165, 166, 167, 168, 169, 170, 171, 172, 173, 175, 176, 177, 178, 185, 186, 187, 189, 190, 209, 210, 211, 212, 215, 217, 250, 251, 252, 253, 256], "summary": {"covered_lines": 64, "num_statements": 68, "percent_covered": 94.11764705882354, "percent_covered_display": "94", "missing_lines": 4, "excluded_lines": 0, "percent_statements_covered": 94.11764705882354, "percent_statements_covered_display": "94"}, "missing_lines": [146, 147, 214, 255], "excluded_lines": [], "start_line": 40}, "": {"executed_lines": [1, 3, 5, 7, 8, 9, 12, 27, 40], "summary": {"covered_lines": 9, "num_statements": 9, "percent_covered": 100.0, "percent_covered_display": "100", "missing_lines": 0, "excluded_lines": 0, "percent_statements_covered": 100.0, "percent_statements_covered_display": "100"}, "missing_lines": [], "excluded_lines": [], "start_line": 1}}, "classes": {"": {"executed_lines": [1, 3, 5, 7, 8, 9, 12, 14, 15, 16, 17, 18, 19, 20, 21, 22, 23, 24, 27, 28, 29, 30, 31, 32, 33, 34, 35, 36, 37, 40, 57, 58, 59, 61, 68, 79, 80, 81, 82, 83, 84, 85, 86, 89, 90, 91, 93, 94, 95, 96, 97, 100, 101, 102, 109, 110, 144, 145, 149, 150, 153, 161, 162, 163, 164, 165, 166, 167, 168, 169, 170, 171, 172, 173, 175, 176, 177, 178, 185, 186, 187, 189, 190, 209, 210, 211, 212, 215, 217, 250, 251, 252, 253, 256], "summary": {"covered_lines": 94, "num_statements": 98, "percent_covered": 95.91836734693878, "percent_covered_display": "96", "missing_lines": 4, "excluded_lines": 0, "percent_statements_covered": 95.91836734693878, "percent_statements_covered_display": "96"}, "missing_lines": [146, 147, 214, 255], "excluded_lines": [], "start_line": 1}}}, "app\\integrations\\registry.py": {"executed_lines": [1, 3, 4, 5, 6, 7, 8, 9, 10, 11, 14, 26, 27, 28, 29, 30, 33, 34, 35, 36, 48], "summary": {"covered_lines": 21, "num_statements": 21, "percent_covered": 100.0, "percent_covered_display": "100", "missing_lines": 0, "excluded_lines": 0, "percent_statements_covered": 100.0, "percent_statements_covered_display": "100"}, "missing_lines": [], "excluded_lines": [], "functions": {"get_connector": {"executed_lines": [27, 28, 29, 30], "summary": {"covered_lines": 4, "num_statements": 4, "percent_covered": 100.0, "percent_covered_display": "100", "missing_lines": 0, "excluded_lines": 0, "percent_statements_covered": 100.0, "percent_statements_covered_display": "100"}, "missing_lines": [], "excluded_lines": [], "start_line": 26}, "list_provider_statuses": {"executed_lines": [34, 35, 36, 48], "summary": {"covered_lines": 4, "num_statements": 4, "percent_covered": 100.0, "percent_covered_display": "100", "missing_lines": 0, "excluded_lines": 0, "percent_statements_covered": 100.0, "percent_statements_covered_display": "100"}, "missing_lines": [], "excluded_lines": [], "start_line": 33}, "": {"executed_lines": [1, 3, 4, 5, 6, 7, 8, 9, 10, 11, 14, 26, 33], "summary": {"covered_lines": 13, "num_statements": 13, "percent_covered": 100.0, "percent_covered_display": "100", "missing_lines": 0, "excluded_lines": 0, "percent_statements_covered": 100.0, "percent_statements_covered_display": "100"}, "missing_lines": [], "excluded_lines": [], "start_line": 1}}, "classes": {"": {"executed_lines": [1, 3, 4, 5, 6, 7, 8, 9, 10, 11, 14, 26, 27, 28, 29, 30, 33, 34, 35, 36, 48], "summary": {"covered_lines": 21, "num_statements": 21, "percent_covered": 100.0, "percent_covered_display": "100", "missing_lines": 0, "excluded_lines": 0, "percent_statements_covered": 100.0, "percent_statements_covered_display": "100"}, "missing_lines": [], "excluded_lines": [], "start_line": 1}}}, "app\\integrations\\service.py": {"executed_lines": [1, 3, 4, 5, 6, 8, 9, 10, 11, 13, 14, 15, 18, 19, 24, 27, 28, 29, 30, 31, 32, 35, 36, 41, 42, 43, 44, 46, 47, 50, 51, 52, 53, 54, 55, 58, 78, 117], "summary": {"covered_lines": 38, "num_statements": 52, "percent_covered": 73.07692307692308, "percent_covered_display": "73", "missing_lines": 14, "excluded_lines": 0, "percent_statements_covered": 73.07692307692308, "percent_statements_covered_display": "73"}, "missing_lines": [67, 74, 75, 79, 85, 86, 91, 102, 103, 106, 112, 113, 114, 118], "excluded_lines": [], "functions": {"build_oauth_state": {"executed_lines": [19, 24], "summary": {"covered_lines": 2, "num_statements": 2, "percent_covered": 100.0, "percent_covered_display": "100", "missing_lines": 0, "excluded_lines": 0, "percent_statements_covered": 100.0, "percent_statements_covered_display": "100"}, "missing_lines": [], "excluded_lines": [], "start_line": 18}, "decode_oauth_state": {"executed_lines": [28, 29, 30, 31, 32], "summary": {"covered_lines": 5, "num_statements": 5, "percent_covered": 100.0, "percent_covered_display": "100", "missing_lines": 0, "excluded_lines": 0, "percent_statements_covered": 100.0, "percent_statements_covered_display": "100"}, "missing_lines": [], "excluded_lines": [], "start_line": 27}, "build_event_key": {"executed_lines": [36, 41, 42, 43, 44, 46, 47], "summary": {"covered_lines": 7, "num_statements": 7, "percent_covered": 100.0, "percent_covered_display": "100", "missing_lines": 0, "excluded_lines": 0, "percent_statements_covered": 100.0, "percent_statements_covered_display": "100"}, "missing_lines": [], "excluded_lines": [], "start_line": 35}, "merge_cursor": {"executed_lines": [51, 52, 53, 54, 55], "summary": {"covered_lines": 5, "num_statements": 5, "percent_covered": 100.0, "percent_covered_display": "100", "missing_lines": 0, "excluded_lines": 0, "percent_statements_covered": 100.0, "percent_statements_covered_display": "100"}, "missing_lines": [], "excluded_lines": [], "start_line": 50}, "log_integration_audit": {"executed_lines": [], "summary": {"covered_lines": 0, "num_statements": 3, "percent_covered": 0.0, "percent_covered_display": "0", "missing_lines": 3, "excluded_lines": 0, "percent_statements_covered": 0.0, "percent_statements_covered_display": "0"}, "missing_lines": [67, 74, 75], "excluded_lines": [], "start_line": 58}, "get_or_create_sync_state": {"executed_lines": [], "summary": {"covered_lines": 0, "num_statements": 10, "percent_covered": 0.0, "percent_covered_display": "0", "missing_lines": 10, "excluded_lines": 0, "percent_statements_covered": 0.0, "percent_statements_covered_display": "0"}, "missing_lines": [79, 85, 86, 91, 102, 103, 106, 112, 113, 114], "excluded_lines": [], "start_line": 78}, "get_connection": {"executed_lines": [], "summary": {"covered_lines": 0, "num_statements": 1, "percent_covered": 0.0, "percent_covered_display": "0", "missing_lines": 1, "excluded_lines": 0, "percent_statements_covered": 0.0, "percent_statements_covered_display": "0"}, "missing_lines": [118], "excluded_lines": [], "start_line": 117}, "": {"executed_lines": [1, 3, 4, 5, 6, 8, 9, 10, 11, 13, 14, 15, 18, 27, 35, 50, 58, 78, 117], "summary": {"covered_lines": 19, "num_statements": 19, "percent_covered": 100.0, "percent_covered_display": "100", "missing_lines": 0, "excluded_lines": 0, "percent_statements_covered": 100.0, "percent_statements_covered_display": "100"}, "missing_lines": [], "excluded_lines": [], "start_line": 1}}, "classes": {"": {"executed_lines": [1, 3, 4, 5, 6, 8, 9, 10, 11, 13, 14, 15, 18, 19, 24, 27, 28, 29, 30, 31, 32, 35, 36, 41, 42, 43, 44, 46, 47, 50, 51, 52, 53, 54, 55, 58, 78, 117], "summary": {"covered_lines": 38, "num_statements": 52, "percent_covered": 73.07692307692308, "percent_covered_display": "73", "missing_lines": 14, "excluded_lines": 0, "percent_statements_covered": 73.07692307692308, "percent_statements_covered_display": "73"}, "missing_lines": [67, 74, 75, 79, 85, 86, 91, 102, 103, 106, 112, 113, 114, 118], "excluded_lines": [], "start_line": 1}}}, "app\\main.py": {"executed_lines": [1, 2, 3, 4, 5, 6, 7, 8, 9, 11, 12, 13, 14, 16, 17, 18, 20, 21, 23, 26, 27, 28, 30, 31, 37, 38, 40, 41, 42, 46, 47, 49, 52, 53, 60, 63, 64, 89, 90, 91, 94, 95, 96, 99, 100, 101, 103, 104, 106, 107, 110, 111, 116, 121, 122, 124, 134, 135, 139, 140, 141, 146, 148, 149, 150, 151, 152, 153, 154, 155, 156, 157, 158, 159, 160, 161, 162, 163, 164, 165, 166, 167, 168, 169, 170, 171, 172, 173, 174, 175, 176, 177, 178, 179, 180, 181, 182, 183, 184, 185, 186, 187, 188, 189, 191, 192, 193, 194, 195, 197, 214, 216, 217, 223, 232, 248, 249, 260, 263, 264, 265, 269, 272, 273, 277, 278, 279, 280, 281, 282, 283, 284, 285], "summary": {"covered_lines": 133, "num_statements": 186, "percent_covered": 71.50537634408602, "percent_covered_display": "72", "missing_lines": 53, "excluded_lines": 0, "percent_statements_covered": 71.50537634408602, "percent_statements_covered_display": "72"}, "missing_lines": [32, 33, 34, 35, 36, 43, 44, 45, 65, 66, 67, 69, 70, 71, 72, 73, 75, 86, 108, 112, 136, 218, 219, 220, 221, 224, 225, 226, 227, 228, 229, 233, 234, 235, 236, 237, 240, 241, 242, 243, 244, 250, 251, 252, 253, 254, 255, 256, 257, 258, 266, 267, 274], "excluded_lines": [], "functions": {"_read_process_memory_mb": {"executed_lines": [27, 28, 30, 31, 37, 38, 40, 41, 42, 46, 47, 49], "summary": {"covered_lines": 12, "num_statements": 20, "percent_covered": 60.0, "percent_covered_display": "60", "missing_lines": 8, "excluded_lines": 0, "percent_statements_covered": 60.0, "percent_statements_covered_display": "60"}, "missing_lines": [32, 33, 34, 35, 36, 43, 44, 45], "excluded_lines": [], "start_line": 26}, "_should_log_hot_path_memory": {"executed_lines": [53, 60], "summary": {"covered_lines": 2, "num_statements": 2, "percent_covered": 100.0, "percent_covered_display": "100", "missing_lines": 0, "excluded_lines": 0, "percent_statements_covered": 100.0, "percent_statements_covered_display": "100"}, "missing_lines": [], "excluded_lines": [], "start_line": 52}, "log_hot_path_memory": {"executed_lines": [], "summary": {"covered_lines": 0, "num_statements": 10, "percent_covered": 0.0, "percent_covered_display": "0", "missing_lines": 10, "excluded_lines": 0, "percent_statements_covered": 0.0, "percent_statements_covered_display": "0"}, "missing_lines": [65, 66, 67, 69, 70, 71, 72, 73, 75, 86], "excluded_lines": [], "start_line": 64}, "healthcheck": {"executed_lines": [], "summary": {"covered_lines": 0, "num_statements": 1, "percent_covered": 0.0, "percent_covered_display": "0", "missing_lines": 1, "excluded_lines": 0, "percent_statements_covered": 0.0, "percent_statements_covered_display": "0"}, "missing_lines": [136], "excluded_lines": [], "start_line": 135}, "on_startup": {"executed_lines": [141, 146, 148, 216, 217, 223, 232, 248, 249, 260, 263, 264, 265, 269], "summary": {"covered_lines": 14, "num_statements": 45, "percent_covered": 31.11111111111111, "percent_covered_display": "31", "missing_lines": 31, "excluded_lines": 0, "percent_statements_covered": 31.11111111111111, "percent_statements_covered_display": "31"}, "missing_lines": [218, 219, 220, 221, 224, 225, 226, 227, 228, 229, 233, 234, 235, 236, 237, 240, 241, 242, 243, 244, 250, 251, 252, 253, 254, 255, 256, 257, 258, 266, 267], "excluded_lines": [], "start_line": 140}, "on_startup._run_migrations": {"executed_lines": [149, 150, 151, 152, 153, 154, 155, 156, 157, 158, 159, 160, 161, 162, 163, 164, 165, 166, 167, 168, 169, 170, 171, 172, 173, 174, 175, 176, 177, 178, 179, 180, 181, 182, 183, 184, 185, 186, 187, 188, 189, 191, 192, 193, 194, 195, 197, 214], "summary": {"covered_lines": 48, "num_statements": 48, "percent_covered": 100.0, "percent_covered_display": "100", "missing_lines": 0, "excluded_lines": 0, "percent_statements_covered": 100.0, "percent_statements_covered_display": "100"}, "missing_lines": [], "excluded_lines": [], "start_line": 148}, "on_shutdown": {"executed_lines": [], "summary": {"covered_lines": 0, "num_statements": 1, "percent_covered": 0.0, "percent_covered_display": "0", "missing_lines": 1, "excluded_lines": 0, "percent_statements_covered": 0.0, "percent_statements_covered_display": "0"}, "missing_lines": [274], "excluded_lines": [], "start_line": 273}, "": {"executed_lines": [1, 2, 3, 4, 5, 6, 7, 8, 9, 11, 12, 13, 14, 16, 17, 18, 20, 21, 23, 26, 52, 63, 64, 89, 90, 91, 94, 95, 96, 99, 100, 101, 103, 104, 106, 107, 110, 111, 116, 121, 122, 124, 134, 135, 139, 140, 272, 273, 277, 278, 279, 280, 281, 282, 283, 284, 285], "summary": {"covered_lines": 57, "num_statements": 59, "percent_covered": 96.61016949152543, "percent_covered_display": "97", "missing_lines": 2, "excluded_lines": 0, "percent_statements_covered": 96.61016949152543, "percent_statements_covered_display": "97"}, "missing_lines": [108, 112], "excluded_lines": [], "start_line": 1}}, "classes": {"": {"executed_lines": [1, 2, 3, 4, 5, 6, 7, 8, 9, 11, 12, 13, 14, 16, 17, 18, 20, 21, 23, 26, 27, 28, 30, 31, 37, 38, 40, 41, 42, 46, 47, 49, 52, 53, 60, 63, 64, 89, 90, 91, 94, 95, 96, 99, 100, 101, 103, 104, 106, 107, 110, 111, 116, 121, 122, 124, 134, 135, 139, 140, 141, 146, 148, 149, 150, 151, 152, 153, 154, 155, 156, 157, 158, 159, 160, 161, 162, 163, 164, 165, 166, 167, 168, 169, 170, 171, 172, 173, 174, 175, 176, 177, 178, 179, 180, 181, 182, 183, 184, 185, 186, 187, 188, 189, 191, 192, 193, 194, 195, 197, 214, 216, 217, 223, 232, 248, 249, 260, 263, 264, 265, 269, 272, 273, 277, 278, 279, 280, 281, 282, 283, 284, 285], "summary": {"covered_lines": 133, "num_statements": 186, "percent_covered": 71.50537634408602, "percent_covered_display": "72", "missing_lines": 53, "excluded_lines": 0, "percent_statements_covered": 71.50537634408602, "percent_statements_covered_display": "72"}, "missing_lines": [32, 33, 34, 35, 36, 43, 44, 45, 65, 66, 67, 69, 70, 71, 72, 73, 75, 86, 108, 112, 136, 218, 219, 220, 221, 224, 225, 226, 227, 228, 229, 233, 234, 235, 236, 237, 240, 241, 242, 243, 244, 250, 251, 252, 253, 254, 255, 256, 257, 258, 266, 267, 274], "excluded_lines": [], "start_line": 1}}}, "app\\models.py": {"executed_lines": [1, 2, 4, 5, 6, 8, 11, 12, 13, 14, 17, 18, 19, 20, 21, 22, 25, 26, 28, 29, 30, 31, 33, 34, 35, 36, 37, 38, 39, 40, 41, 42, 45, 46, 48, 50, 51, 52, 53, 56, 57, 59, 60, 61, 62, 63, 64, 65, 66, 67, 68, 69, 72, 73, 75, 76, 77, 78, 79, 80, 81, 82, 84, 85, 87, 88, 96, 97, 99, 100, 101, 102, 103, 104, 106, 109, 110, 112, 113, 114, 115, 116, 117, 118, 119, 120, 121, 124, 126, 127, 128, 129, 130, 131, 133, 136, 137, 139, 140, 141, 142, 143, 144, 145, 146, 147, 148, 149, 152, 153, 154, 155, 156, 157, 158, 159, 160, 161, 162, 163, 165, 168, 169, 171, 172, 173, 174, 175, 178, 179, 181, 182, 183, 184, 185, 188, 189, 191, 192, 193, 194, 195, 196, 197, 199, 200, 201, 202, 203, 206, 207, 209, 212, 215, 218, 219, 220, 221, 223, 224, 225, 226, 229, 230, 232, 233, 234, 235, 236, 237, 240, 241, 243, 244, 246, 249, 250, 252, 253, 254, 255, 256, 257, 258, 259, 260, 261, 262, 263, 264, 265, 266, 268, 269, 270, 273, 274, 275, 277, 278, 279, 280, 282, 283, 284, 285, 287, 288, 289, 291, 292, 295, 296, 297, 299, 300, 301, 302, 303, 304, 305, 308, 309, 310, 311, 314, 315, 316, 318, 319, 320, 321, 322, 323, 324, 325, 328, 329, 331, 332, 333, 334, 335, 336, 337, 340, 341, 342, 344, 345, 346, 347, 348, 349, 350, 353, 354, 355, 357, 358, 359, 360, 361, 362, 363, 366, 367, 368, 370, 371, 372, 373, 374, 375, 376, 377, 378, 381, 382, 383, 385, 386, 387, 388, 389, 390, 391, 394, 395, 396, 400, 401, 402, 403, 404, 405, 406, 409, 410, 412, 413, 414, 415, 416, 419, 420, 422, 423, 424, 425, 426, 427, 428, 429, 432, 433, 435, 436, 437, 438, 439, 440, 441, 444, 445, 447, 448, 449, 450, 451, 452, 453, 454, 455, 458, 459, 461, 462, 463, 464, 465, 466, 467, 468, 471, 472, 473, 477, 478, 479, 480, 481, 482, 483], "summary": {"covered_lines": 354, "num_statements": 358, "percent_covered": 98.88268156424581, "percent_covered_display": "99", "missing_lines": 4, "excluded_lines": 0, "percent_statements_covered": 98.88268156424581, "percent_statements_covered_display": "99"}, "missing_lines": [90, 91, 92, 93], "excluded_lines": [], "functions": {"OrganizationMember.is_admin": {"executed_lines": [], "summary": {"covered_lines": 0, "num_statements": 4, "percent_covered": 0.0, "percent_covered_display": "0", "missing_lines": 4, "excluded_lines": 0, "percent_statements_covered": 0.0, "percent_statements_covered_display": "0"}, "missing_lines": [90, 91, 92, 93], "excluded_lines": [], "start_line": 88}, "": {"executed_lines": [1, 2, 4, 5, 6, 8, 11, 12, 13, 14, 17, 18, 19, 20, 21, 22, 25, 26, 28, 29, 30, 31, 33, 34, 35, 36, 37, 38, 39, 40, 41, 42, 45, 46, 48, 50, 51, 52, 53, 56, 57, 59, 60, 61, 62, 63, 64, 65, 66, 67, 68, 69, 72, 73, 75, 76, 77, 78, 79, 80, 81, 82, 84, 85, 87, 88, 96, 97, 99, 100, 101, 102, 103, 104, 106, 109, 110, 112, 113, 114, 115, 116, 117, 118, 119, 120, 121, 124, 126, 127, 128, 129, 130, 131, 133, 136, 137, 139, 140, 141, 142, 143, 144, 145, 146, 147, 148, 149, 152, 153, 154, 155, 156, 157, 158, 159, 160, 161, 162, 163, 165, 168, 169, 171, 172, 173, 174, 175, 178, 179, 181, 182, 183, 184, 185, 188, 189, 191, 192, 193, 194, 195, 196, 197, 199, 200, 201, 202, 203, 206, 207, 209, 212, 215, 218, 219, 220, 221, 223, 224, 225, 226, 229, 230, 232, 233, 234, 235, 236, 237, 240, 241, 243, 244, 246, 249, 250, 252, 253, 254, 255, 256, 257, 258, 259, 260, 261, 262, 263, 264, 265, 266, 268, 269, 270, 273, 274, 275, 277, 278, 279, 280, 282, 283, 284, 285, 287, 288, 289, 291, 292, 295, 296, 297, 299, 300, 301, 302, 303, 304, 305, 308, 309, 310, 311, 314, 315, 316, 318, 319, 320, 321, 322, 323, 324, 325, 328, 329, 331, 332, 333, 334, 335, 336, 337, 340, 341, 342, 344, 345, 346, 347, 348, 349, 350, 353, 354, 355, 357, 358, 359, 360, 361, 362, 363, 366, 367, 368, 370, 371, 372, 373, 374, 375, 376, 377, 378, 381, 382, 383, 385, 386, 387, 388, 389, 390, 391, 394, 395, 396, 400, 401, 402, 403, 404, 405, 406, 409, 410, 412, 413, 414, 415, 416, 419, 420, 422, 423, 424, 425, 426, 427, 428, 429, 432, 433, 435, 436, 437, 438, 439, 440, 441, 444, 445, 447, 448, 449, 450, 451, 452, 453, 454, 455, 458, 459, 461, 462, 463, 464, 465, 466, 467, 468, 471, 472, 473, 477, 478, 479, 480, 481, 482, 483], "summary": {"covered_lines": 354, "num_statements": 354, "percent_covered": 100.0, "percent_covered_display": "100", "missing_lines": 0, "excluded_lines": 0, "percent_statements_covered": 100.0, "percent_statements_covered_display": "100"}, "missing_lines": [], "excluded_lines": [], "start_line": 1}}, "classes": {"RoleEnum": {"executed_lines": [], "summary": {"covered_lines": 0, "num_statements": 0, "percent_covered": 100.0, "percent_covered_display": "100", "missing_lines": 0, "excluded_lines": 0, "percent_statements_covered": 100.0, "percent_statements_covered_display": "100"}, "missing_lines": [], "excluded_lines": [], "start_line": 11}, "ComplianceStatusEnum": {"executed_lines": [], "summary": {"covered_lines": 0, "num_statements": 0, "percent_covered": 100.0, "percent_covered_display": "100", "missing_lines": 0, "excluded_lines": 0, "percent_statements_covered": 100.0, "percent_statements_covered_display": "100"}, "missing_lines": [], "excluded_lines": [], "start_line": 17}, "PlannedWorkout": {"executed_lines": [], "summary": {"covered_lines": 0, "num_statements": 0, "percent_covered": 100.0, "percent_covered_display": "100", "missing_lines": 0, "excluded_lines": 0, "percent_statements_covered": 100.0, "percent_statements_covered_display": "100"}, "missing_lines": [], "excluded_lines": [], "start_line": 25}, "PlannedWorkoutVersion": {"executed_lines": [], "summary": {"covered_lines": 0, "num_statements": 0, "percent_covered": 100.0, "percent_covered_display": "100", "missing_lines": 0, "excluded_lines": 0, "percent_statements_covered": 100.0, "percent_statements_covered_display": "100"}, "missing_lines": [], "excluded_lines": [], "start_line": 56}, "OrganizationMember": {"executed_lines": [], "summary": {"covered_lines": 0, "num_statements": 4, "percent_covered": 0.0, "percent_covered_display": "0", "missing_lines": 4, "excluded_lines": 0, "percent_statements_covered": 0.0, "percent_statements_covered_display": "0"}, "missing_lines": [90, 91, 92, 93], "excluded_lines": [], "start_line": 72}, "Organization": {"executed_lines": [], "summary": {"covered_lines": 0, "num_statements": 0, "percent_covered": 100.0, "percent_covered_display": "100", "missing_lines": 0, "excluded_lines": 0, "percent_statements_covered": 100.0, "percent_statements_covered_display": "100"}, "missing_lines": [], "excluded_lines": [], "start_line": 96}, "User": {"executed_lines": [], "summary": {"covered_lines": 0, "num_statements": 0, "percent_covered": 100.0, "percent_covered_display": "100", "missing_lines": 0, "excluded_lines": 0, "percent_statements_covered": 100.0, "percent_statements_covered_display": "100"}, "missing_lines": [], "excluded_lines": [], "start_line": 109}, "Profile": {"executed_lines": [], "summary": {"covered_lines": 0, "num_statements": 0, "percent_covered": 100.0, "percent_covered_display": "100", "missing_lines": 0, "excluded_lines": 0, "percent_statements_covered": 100.0, "percent_statements_covered_display": "100"}, "missing_lines": [], "excluded_lines": [], "start_line": 136}, "ProfileMetricHistory": {"executed_lines": [], "summary": {"covered_lines": 0, "num_statements": 0, "percent_covered": 100.0, "percent_covered_display": "100", "missing_lines": 0, "excluded_lines": 0, "percent_statements_covered": 100.0, "percent_statements_covered_display": "100"}, "missing_lines": [], "excluded_lines": [], "start_line": 168}, "CoachAthleteLink": {"executed_lines": [], "summary": {"covered_lines": 0, "num_statements": 0, "percent_covered": 100.0, "percent_covered_display": "100", "missing_lines": 0, "excluded_lines": 0, "percent_statements_covered": 100.0, "percent_statements_covered_display": "100"}, "missing_lines": [], "excluded_lines": [], "start_line": 178}, "Activity": {"executed_lines": [], "summary": {"covered_lines": 0, "num_statements": 0, "percent_covered": 100.0, "percent_covered_display": "100", "missing_lines": 0, "excluded_lines": 0, "percent_statements_covered": 100.0, "percent_statements_covered_display": "100"}, "missing_lines": [], "excluded_lines": [], "start_line": 188}, "StructuredWorkout": {"executed_lines": [], "summary": {"covered_lines": 0, "num_statements": 0, "percent_covered": 100.0, "percent_covered_display": "100", "missing_lines": 0, "excluded_lines": 0, "percent_statements_covered": 100.0, "percent_statements_covered_display": "100"}, "missing_lines": [], "excluded_lines": [], "start_line": 229}, "SeasonPlan": {"executed_lines": [], "summary": {"covered_lines": 0, "num_statements": 0, "percent_covered": 100.0, "percent_covered_display": "100", "missing_lines": 0, "excluded_lines": 0, "percent_statements_covered": 100.0, "percent_statements_covered_display": "100"}, "missing_lines": [], "excluded_lines": [], "start_line": 249}, "ProviderConnection": {"executed_lines": [], "summary": {"covered_lines": 0, "num_statements": 0, "
[...]
, 197, 205, 209, 210, 211, 212, 215, 216, 217, 218, 219, 220, 221, 223, 225, 226, 227, 229, 230, 231, 232, 234, 235, 236, 237, 238, 239, 240, 241, 242, 243, 244, 245, 246, 248, 251, 252, 254, 255, 256, 257, 258, 260, 268, 271, 273, 274, 275, 276, 277, 278, 279, 285, 293, 294, 295, 306, 316, 317, 323, 324, 325, 327, 328, 330, 331, 332, 334, 336, 337, 338, 339, 345, 347, 348, 353, 355, 358, 359, 360, 361, 363, 368, 370, 371, 382, 393, 400, 401, 402, 408, 410, 411, 412, 414, 416, 417, 418, 419, 420, 422, 425, 426, 427, 430, 431, 434, 435, 436, 438, 441, 442, 443, 444, 445, 447, 448, 450, 457, 459, 460, 461, 462, 463, 464, 465, 466, 467, 468, 469, 470, 471, 472, 474, 475, 476, 477, 478, 480, 481, 482, 483, 485, 486, 487, 488, 489, 492, 493, 498, 499, 500, 503, 505, 506, 507, 508, 509, 510, 511, 513, 514, 515, 516, 517, 518, 519, 520, 521, 522, 523, 524, 525, 526, 527, 528, 529, 530, 531, 532, 533, 534, 535, 536, 539, 541, 542, 543, 544, 545, 546, 547, 548, 549, 550, 552, 553, 554, 555, 556, 559, 561, 562, 563, 564, 565, 566, 568, 569, 570, 571, 572, 573, 574, 575, 576, 577, 583, 587, 588, 589, 591, 592, 594, 595, 596, 597, 598, 599, 600, 601, 602, 603, 604, 605, 606, 607, 608, 609, 610, 612, 618, 619, 626, 627, 628, 629, 630, 631, 634, 635, 636, 637, 638], "summary": {"covered_lines": 364, "num_statements": 375, "percent_covered": 97.06666666666666, "percent_covered_display": "97", "missing_lines": 11, "excluded_lines": 0, "percent_statements_covered": 97.06666666666666, "percent_statements_covered_display": "97"}, "missing_lines": [189, 249, 356, 421, 423, 428, 432, 437, 439, 512, 567], "excluded_lines": [], "start_line": 1}}}, "app\\services\\season_planner.py": {"executed_lines": [1, 3, 4, 5, 8, 31, 78, 88, 94, 113, 144, 153, 163, 164, 165, 166, 169, 170, 171, 175, 176, 177, 178, 179, 180, 181, 182, 183, 184, 187, 188, 189, 190, 191, 192, 193, 195, 196, 197, 198, 201, 202, 203, 207, 208, 209, 212, 217, 223, 233, 234, 235, 236, 239, 240, 241, 243, 244, 245, 247, 249, 250, 251, 252, 253, 254, 255, 256, 257, 258, 259, 262, 263, 264, 265, 266, 267, 268, 269, 270, 271, 272, 273, 274, 275, 276, 280, 281, 282, 283, 284, 285, 286, 287, 288, 289, 290, 291, 292, 293, 294, 298, 299, 302, 303, 304, 305, 306, 307, 308, 309, 310, 311, 312, 313, 314, 315, 318, 319, 320, 321, 322, 323, 325, 326, 327, 328, 337, 340, 341, 342, 343, 344, 345, 349, 350, 351, 352, 354, 355, 356, 357, 367, 370, 371, 372, 373, 380, 381, 382, 383, 390, 393, 394, 395, 396, 399, 400, 401, 402, 405, 406, 407, 408, 409, 410, 412, 413, 414, 416, 417, 418, 428, 429, 430, 431, 440, 441, 442, 443, 444, 446, 447, 449, 450, 451, 452, 455, 456, 457, 460, 463, 465, 492, 495, 496, 497, 498, 499, 506, 507, 514, 515, 521, 522, 527, 528, 532, 539, 540, 546, 547, 548, 549, 550, 551, 552, 553, 554, 555, 557, 558, 559, 560, 561, 562, 563, 564, 565, 566, 567, 569, 570, 571, 572, 573, 575, 576, 577, 578, 579, 580, 582, 583, 584, 589, 590, 591, 592, 593, 594, 595, 596, 597, 598, 599, 600, 601, 603, 604, 605, 606, 607, 608, 609, 613, 614, 615, 616, 622, 624, 626, 652, 653, 654, 655, 656, 683, 684, 685, 686, 688, 689, 693, 694, 695, 696, 697, 701, 702, 714, 715, 717, 737], "summary": {"covered_lines": 294, "num_statements": 311, "percent_covered": 94.53376205787781, "percent_covered_display": "95", "missing_lines": 17, "excluded_lines": 0, "percent_statements_covered": 94.53376205787781, "percent_statements_covered_display": "95"}, "missing_lines": [172, 194, 204, 237, 246, 277, 295, 403, 445, 610, 611, 612, 618, 619, 620, 623, 657], "excluded_lines": [], "functions": {"_coerce_date": {"executed_lines": [164, 165, 166], "summary": {"covered_lines": 3, "num_statements": 3, "percent_covered": 100.0, "percent_covered_display": "100", "missing_lines": 0, "excluded_lines": 0, "percent_statements_covered": 100.0, "percent_statements_covered_display": "100"}, "missing_lines": [], "excluded_lines": [], "start_line": 163}, "_as_dict": {"executed_lines": [170, 171], "summary": {"covered_lines": 2, "num_statements": 3, "percent_covered": 66.66666666666667, "percent_covered_display": "67", "missing_lines": 1, "excluded_lines": 0, "percent_statements_covered": 66.66666666666667, "percent_statements_covered_display": "67"}, "missing_lines": [172], "excluded_lines": [], "start_line": 169}, "_normalize_races": {"executed_lines": [176, 177, 178, 179, 180, 181, 182, 183, 184], "summary": {"covered_lines": 9, "num_statements": 9, "percent_covered": 100.0, "percent_covered_display": "100", "missing_lines": 0, "excluded_lines": 0, "percent_statements_covered": 100.0, "percent_statements_covered_display": "100"}, "missing_lines": [], "excluded_lines": [], "start_line": 175}, "_normalize_constraints": {"executed_lines": [188, 189, 190, 191, 192, 193, 195, 196, 197, 198], "summary": {"covered_lines": 10, "num_statements": 11, "percent_covered": 90.9090909090909, "percent_covered_display": "91", "missing_lines": 1, "excluded_lines": 0, "percent_statements_covered": 90.9090909090909, "percent_statements_covered_display": "91"}, "missing_lines": [194], "excluded_lines": [], "start_line": 187}, "_profile_value": {"executed_lines": [202, 203], "summary": {"covered_lines": 2, "num_statements": 3, "percent_covered": 66.66666666666667, "percent_covered_display": "67", "missing_lines": 1, "excluded_lines": 0, "percent_statements_covered": 66.66666666666667, "percent_statements_covered_display": "67"}, "missing_lines": [204], "excluded_lines": [], "start_line": 201}, "_windows_for_race": {"executed_lines": [208, 209], "summary": {"covered_lines": 2, "num_statements": 2, "percent_covered": 100.0, "percent_covered_display": "100", "missing_lines": 0, "excluded_lines": 0, "percent_statements_covered": 100.0, "percent_statements_covered_display": "100"}, "missing_lines": [], "excluded_lines": [], "start_line": 207}, "_constraints_for_range": {"executed_lines": [217], "summary": {"covered_lines": 1, "num_statements": 1, "percent_covered": 100.0, "percent_covered_display": "100", "missing_lines": 0, "excluded_lines": 0, "percent_statements_covered": 100.0, "percent_statements_covered_display": "100"}, "missing_lines": [], "excluded_lines": [], "start_line": 212}, "_phase_for_week": {"executed_lines": [233, 234, 235, 236, 239, 240, 241, 243, 244, 245, 247, 249, 250, 251, 252, 253, 254, 255, 256, 257, 258, 259], "summary": {"covered_lines": 22, "num_statements": 24, "percent_covered": 91.66666666666667, "percent_covered_display": "92", "missing_lines": 2, "excluded_lines": 0, "percent_statements_covered": 91.66666666666667, "percent_statements_covered_display": "92"}, "missing_lines": [237, 246], "excluded_lines": [], "start_line": 223}, "_focus_for_phase": {"executed_lines": [263, 264, 265, 266, 267, 268, 269, 270, 271, 272, 273, 274, 275, 276], "summary": {"covered_lines": 14, "num_statements": 15, "percent_covered": 93.33333333333333, "percent_covered_display": "93", "missing_lines": 1, "excluded_lines": 0, "percent_statements_covered": 93.33333333333333, "percent_statements_covered_display": "93"}, "missing_lines": [277], "excluded_lines": [], "start_line": 262}, "_key_sessions_for_phase": {"executed_lines": [281, 282, 283, 284, 285, 286, 287, 288, 289, 290, 291, 292, 293, 294], "summary": {"covered_lines": 14, "num_statements": 15, "percent_covered": 93.33333333333333, "percent_covered_display": "93", "missing_lines": 1, "excluded_lines": 0, "percent_statements_covered": 93.33333333333333, "percent_statements_covered_display": "93"}, "missing_lines": [295], "excluded_lines": [], "start_line": 280}, "_iso": {"executed_lines": [299], "summary": {"covered_lines": 1, "num_statements": 1, "percent_covered": 100.0, "percent_covered_display": "100", "missing_lines": 0, "excluded_lines": 0, "percent_statements_covered": 100.0, "percent_statements_covered_display": "100"}, "missing_lines": [], "excluded_lines": [], "start_line": 298}, "_group_contiguous": {"executed_lines": [303, 304, 305, 306, 307, 308, 309, 310, 311, 312, 313, 314, 315], "summary": {"covered_lines": 13, "num_statements": 13, "percent_covered": 100.0, "percent_covered_display": "100", "missing_lines": 0, "excluded_lines": 0, "percent_statements_covered": 100.0, "percent_statements_covered_display": "100"}, "missing_lines": [], "excluded_lines": [], "start_line": 302}, "_build_macro_cycles": {"executed_lines": [319, 320, 321, 322, 323, 325, 326, 327, 328, 337], "summary": {"covered_lines": 10, "num_statements": 10, "percent_covered": 100.0, "percent_covered_display": "100", "missing_lines": 0, "excluded_lines": 0, "percent_statements_covered": 100.0, "percent_statements_covered_display": "100"}, "missing_lines": [], "excluded_lines": [], "start_line": 318}, "_build_meso_cycles": {"executed_lines": [341, 342, 343, 344, 345, 349, 350, 351, 352, 354, 355, 356, 357, 367], "summary": {"covered_lines": 14, "num_statements": 14, "percent_covered": 100.0, "percent_covered_display": "100", "missing_lines": 0, "excluded_lines": 0, "percent_statements_covered": 100.0, "percent_statements_covered_display": "100"}, "missing_lines": [], "excluded_lines": [], "start_line": 340}, "_build_season_blocks": {"executed_lines": [371, 372, 373, 380, 381, 382, 383, 390], "summary": {"covered_lines": 8, "num_statements": 8, "percent_covered": 100.0, "percent_covered_display": "100", "missing_lines": 0, "excluded_lines": 0, "percent_statements_covered": 100.0, "percent_statements_covered_display": "100"}, "missing_lines": [], "excluded_lines": [], "start_line": 370}, "_describe_constraint": {"executed_lines": [394, 395, 396], "summary": {"covered_lines": 3, "num_statements": 3, "percent_covered": 100.0, "percent_covered_display": "100", "missing_lines": 0, "excluded_lines": 0, "percent_statements_covered": 100.0, "percent_statements_covered_display": "100"}, "missing_lines": [], "excluded_lines": [], "start_line": 393}, "_micro_cycle_rows": {"executed_lines": [400, 401, 402, 405, 406, 407, 408, 409, 410, 412, 413, 414, 416, 417, 418, 428, 429, 430, 431, 440, 441, 442, 443, 444, 446, 447, 449, 450, 451, 452, 455, 456, 457, 460, 463, 465, 492], "summary": {"covered_lines": 37, "num_statements": 39, "percent_covered": 94.87179487179488, "percent_covered_display": "95", "missing_lines": 2, "excluded_lines": 0, "percent_statements_covered": 94.87179487179488, "percent_statements_covered_display": "95"}, "missing_lines": [403, 445], "excluded_lines": [], "start_line": 399}, "_session_template": {"executed_lines": [496, 497, 498, 499, 506, 507, 514, 515, 521, 522, 527, 528, 532], "summary": {"covered_lines": 13, "num_statements": 13, "percent_covered": 100.0, "percent_covered_display": "100", "missing_lines": 0, "excluded_lines": 0, "percent_statements_covered": 100.0, "percent_statements_covered_display": "100"}, "missing_lines": [], "excluded_lines": [], "start_line": 495}, "_daily_constraints": {"executed_lines": [540], "summary": {"covered_lines": 1, "num_statements": 1, "percent_covered": 100.0, "percent_covered_display": "100", "missing_lines": 0, "excluded_lines": 0, "percent_statements_covered": 100.0, "percent_statements_covered_display": "100"}, "missing_lines": [], "excluded_lines": [], "start_line": 539}, "build_generated_workouts": {"executed_lines": [547, 548, 549, 550, 551, 552, 553, 554, 555, 557, 558, 559, 560, 561, 562, 563, 564, 565, 566, 567, 569, 570, 571, 572, 573, 575, 576, 577, 578, 579, 580, 582, 583, 584, 589, 590, 591, 592, 593, 594, 595, 596, 597, 598, 599, 600, 601, 603, 604, 605, 606, 607, 608, 609, 613, 614, 615, 616, 622, 624, 626, 652, 653, 654, 655, 656, 683, 684, 685, 686, 688, 689, 693, 694, 695, 696, 697, 701, 702, 714, 715, 717, 737], "summary": {"covered_lines": 83, "num_statements": 91, "percent_covered": 91.20879120879121, "percent_covered_display": "91", "missing_lines": 8, "excluded_lines": 0, "percent_statements_covered": 91.20879120879121, "percent_statements_covered_display": "91"}, "missing_lines": [610, 611, 612, 618, 619, 620, 623, 657], "excluded_lines": [], "start_line": 546}, "": {"executed_lines": [1, 3, 4, 5, 8, 31, 78, 88, 94, 113, 144, 153, 163, 169, 175, 187, 201, 207, 212, 223, 262, 280, 298, 302, 318, 340, 370, 393, 399, 495, 539, 546], "summary": {"covered_lines": 32, "num_statements": 32, "percent_covered": 100.0, "percent_covered_display": "100", "missing_lines": 0, "excluded_lines": 0, "percent_statements_covered": 100.0, "percent_statements_covered_display": "100"}, "missing_lines": [], "excluded_lines": [], "start_line": 1}}, "classes": {"": {"executed_lines": [1, 3, 4, 5, 8, 31, 78, 88, 94, 113, 144, 153, 163, 164, 165, 166, 169, 170, 171, 175, 176, 177, 178, 179, 180, 181, 182, 183, 184, 187, 188, 189, 190, 191, 192, 193, 195, 196, 197, 198, 201, 202, 203, 207, 208, 209, 212, 217, 223, 233, 234, 235, 236, 239, 240, 241, 243, 244, 245, 247, 249, 250, 251, 252, 253, 254, 255, 256, 257, 258, 259, 262, 263, 264, 265, 266, 267, 268, 269, 270, 271, 272, 273, 274, 275, 276, 280, 281, 282, 283, 284, 285, 286, 287, 288, 289, 290, 291, 292, 293, 294, 298, 299, 302, 303, 304, 305, 306, 307, 308, 309, 310, 311, 312, 313, 314, 315, 318, 319, 320, 321, 322, 323, 325, 326, 327, 328, 337, 340, 341, 342, 343, 344, 345, 349, 350, 351, 352, 354, 355, 356, 357, 367, 370, 371, 372, 373, 380, 381, 382, 383, 390, 393, 394, 395, 396, 399, 400, 401, 402, 405, 406, 407, 408, 409, 410, 412, 413, 414, 416, 417, 418, 428, 429, 430, 431, 440, 441, 442, 443, 444, 446, 447, 449, 450, 451, 452, 455, 456, 457, 460, 463, 465, 492, 495, 496, 497, 498, 499, 506, 507, 514, 515, 521, 522, 527, 528, 532, 539, 540, 546, 547, 548, 549, 550, 551, 552, 553, 554, 555, 557, 558, 559, 560, 561, 562, 563, 564, 565, 566, 567, 569, 570, 571, 572, 573, 575, 576, 577, 578, 579, 580, 582, 583, 584, 589, 590, 591, 592, 593, 594, 595, 596, 597, 598, 599, 600, 601, 603, 604, 605, 606, 607, 608, 609, 613, 614, 615, 616, 622, 624, 626, 652, 653, 654, 655, 656, 683, 684, 685, 686, 688, 689, 693, 694, 695, 696, 697, 701, 702, 714, 715, 717, 737], "summary": {"covered_lines": 294, "num_statements": 311, "percent_covered": 94.53376205787781, "percent_covered_display": "95", "missing_lines": 17, "excluded_lines": 0, "percent_statements_covered": 94.53376205787781, "percent_statements_covered_display": "95"}, "missing_lines": [172, 194, 204, 237, 246, 277, 295, 403, 445, 610, 611, 612, 618, 619, 620, 623, 657], "excluded_lines": [], "start_line": 1}}}, "app\\services\\support.py": {"executed_lines": [1, 3, 4, 5, 6, 7, 8, 9, 10, 11, 12, 14, 16, 18, 19, 22, 23, 26, 27, 30, 36, 37, 39, 40, 41, 43, 44, 45, 47, 50, 51, 52, 53, 54, 55, 57, 60, 61, 63, 64, 66, 68, 69, 72, 79, 80, 87, 88, 94, 101, 102, 103, 105, 106, 107, 108, 109, 110, 111, 113, 114, 115, 116, 117, 118, 136, 137, 138, 139, 146, 147, 148, 149, 150, 151, 152, 153, 155, 156, 157, 158, 160, 161, 162, 163], "summary": {"covered_lines": 85, "num_statements": 87, "percent_covered": 97.70114942528735, "percent_covered_display": "98", "missing_lines": 2, "excluded_lines": 3, "percent_statements_covered": 97.70114942528735, "percent_statements_covered_display": "98"}, "missing_lines": [58, 159], "excluded_lines": [89, 90, 91], "functions": {"validate_support_request": {"executed_lines": [36, 37, 39, 40, 41, 43, 44, 45, 47], "summary": {"covered_lines": 9, "num_statements": 9, "percent_covered": 100.0, "percent_covered_display": "100", "missing_lines": 0, "excluded_lines": 0, "percent_statements_covered": 100.0, "percent_statements_covered_display": "100"}, "missing_lines": [], "excluded_lines": [], "start_line": 30}, "_check_rate_limit": {"executed_lines": [51, 52, 53, 54, 55, 57, 60, 61, 63, 64, 66, 68, 69], "summary": {"covered_lines": 13, "num_statements": 14, "percent_covered": 92.85714285714286, "percent_covered_display": "93", "missing_lines": 1, "excluded_lines": 0, "percent_statements_covered": 92.85714285714286, "percent_statements_covered_display": "93"}, "missing_lines": [58], "excluded_lines": [], "start_line": 50}, "send_support_email": {"executed_lines": [79, 80, 87, 88], "summary": {"covered_lines": 4, "num_statements": 4, "percent_covered": 100.0, "percent_covered_display": "100", "missing_lines": 0, "excluded_lines": 3, "percent_statements_covered": 100.0, "percent_statements_covered_display": "100"}, "missing_lines": [], "excluded_lines": [89, 90, 91], "start_line": 72}, "_send_support_email_sync": {"executed_lines": [101, 102, 103, 105, 106, 107, 108, 109, 110, 111, 113, 114, 115, 116, 117, 118, 136, 137, 138, 139, 146, 147, 148, 149, 150, 151, 152, 153, 155, 156, 157, 158, 160, 161, 162, 163], "summary": {"covered_lines": 36, "num_statements": 37, "percent_covered": 97.29729729729729, "percent_covered_display": "97", "missing_lines": 1, "excluded_lines": 0, "percent_statements_covered": 97.29729729729729, "percent_statements_covered_display": "97"}, "missing_lines": [159], "excluded_lines": [], "start_line": 94}, "": {"executed_lines": [1, 3, 4, 5, 6, 7, 8, 9, 10, 11, 12, 14, 16, 18, 19, 22, 23, 26, 27, 30, 50, 72, 94], "summary": {"covered_lines": 23, "num_statements": 23, "percent_covered": 100.0, "percent_covered_display": "100", "missing_lines": 0, "excluded_lines": 0, "percent_statements_covered": 100.0, "percent_statements_covered_display": "100"}, "missing_lines": [], "excluded_lines": [], "start_line": 1}}, "classes": {"SupportSubmissionBlocked": {"executed_lines": [], "summary": {"covered_lines": 0, "num_statements": 0, "percent_covered": 100.0, "percent_covered_display": "100", "missing_lines": 0, "excluded_lines": 0, "percent_statements_covered": 100.0, "percent_statements_covered_display": "100"}, "missing_lines": [], "excluded_lines": [], "start_line": 22}, "SupportDeliveryError": {"executed_lines": [], "summary": {"covered_lines": 0, "num_statements": 0, "percent_covered": 100.0, "percent_covered_display": "100", "missing_lines": 0, "excluded_lines": 0, "percent_statements_covered": 100.0, "percent_statements_covered_display": "100"}, "missing_lines": [], "excluded_lines": [], "start_line": 26}, "": {"executed_lines": [1, 3, 4, 5, 6, 7, 8, 9, 10, 11, 12, 14, 16, 18, 19, 22, 23, 26, 27, 30, 36, 37, 39, 40, 41, 43, 44, 45, 47, 50, 51, 52, 53, 54, 55, 57, 60, 61, 63, 64, 66, 68, 69, 72, 79, 80, 87, 88, 94, 101, 102, 103, 105, 106, 107, 108, 109, 110, 111, 113, 114, 115, 116, 117, 118, 136, 137, 138, 139, 146, 147, 148, 149, 150, 151, 152, 153, 155, 156, 157, 158, 160, 161, 162, 163], "summary": {"covered_lines": 85, "num_statements": 87, "percent_covered": 97.70114942528735, "percent_covered_display": "98", "missing_lines": 2, "excluded_lines": 3, "percent_statements_covered": 97.70114942528735, "percent_statements_covered_display": "98"}, "missing_lines": [58, 159], "excluded_lines": [89, 90, 91], "start_line": 1}}}, "app\\workout_templates.py": {"executed_lines": [4, 184, 341], "summary": {"covered_lines": 3, "num_statements": 3, "percent_covered": 100.0, "percent_covered_display": "100", "missing_lines": 0, "excluded_lines": 0, "percent_statements_covered": 100.0, "percent_statements_covered_display": "100"}, "missing_lines": [], "excluded_lines": [], "functions": {"": {"executed_lines": [4, 184, 341], "summary": {"covered_lines": 3, "num_statements": 3, "percent_covered": 100.0, "percent_covered_display": "100", "missing_lines": 0, "excluded_lines": 0, "percent_statements_covered": 100.0, "percent_statements_covered_display": "100"}, "missing_lines": [], "excluded_lines": [], "start_line": 1}}, "classes": {"": {"executed_lines": [4, 184, 341], "summary": {"covered_lines": 3, "num_statements": 3, "percent_covered": 100.0, "percent_covered_display": "100", "missing_lines": 0, "excluded_lines": 0, "percent_statements_covered": 100.0, "percent_statements_covered_display": "100"}, "missing_lines": [], "excluded_lines": [], "start_line": 1}}}}, "totals": {"covered_lines": 8311, "num_statements": 10480, "percent_covered": 79.30343511450381, "percent_covered_display": "79", "missing_lines": 2169, "excluded_lines": 3, "percent_statements_covered": 79.30343511450381, "percent_statements_covered_display": "79"}}