{"total": {"lines":{"total":3057,"covered":2708,"skipped":0,"pct":88.58},"statements":{"total":3057,"covered":2708,"skipped":0,"pct":88.58},"functions":{"total":200,"covered":173,"skipped":0,"pct":86.5},"branches":{"total":1098,"covered":880,"skipped":0,"pct":80.14},"branchesTrue":{"total":0,"covered":0,"skipped":0,"pct":100}}
,"C:\\Users\\ignas\\Training_Plans\\frontend\\src\\App.tsx": {"lines":{"total":90,"covered":87,"skipped":0,"pct":96.66},"functions":{"total":2,"covered":2,"skipped":0,"pct":100},"statements":{"total":90,"covered":87,"skipped":0,"pct":96.66},"branches":{"total":9,"covered":9,"skipped":0,"pct":100}}
,"C:\\Users\\ignas\\Training_Plans\\frontend\\src\\components\\IntegrationsPanel.tsx": {"lines":{"total":116,"covered":103,"skipped":0,"pct":88.79},"functions":{"total":8,"covered":7,"skipped":0,"pct":87.5},"statements":{"total":116,"covered":103,"skipped":0,"pct":88.79},"branches":{"total":38,"covered":28,"skipped":0,"pct":73.68}}
,"C:\\Users\\ignas\\Training_Plans\\frontend\\src\\components\\ProtectedRoute.tsx": {"lines":{"total":43,"covered":43,"skipped":0,"pct":100},"functions":{"total":2,"covered":2,"skipped":0,"pct":100},"statements":{"total":43,"covered":43,"skipped":0,"pct":100},"branches":{"total":13,"covered":13,"skipped":0,"pct":100}}
,"C:\\Users\\ignas\\Training_Plans\\frontend\\src\\components\\ShareToChatModal.tsx": {"lines":{"total":188,"covered":175,"skipped":0,"pct":93.08},"functions":{"total":12,"covered":10,"skipped":0,"pct":83.33},"statements":{"total":188,"covered":175,"skipped":0,"pct":93.08},"branches":{"total":65,"covered":52,"skipped":0,"pct":80}}
,"C:\\Users\\ignas\\Training_Plans\\frontend\\src\\components\\activityDetail\\formatters.ts": {"lines":{"total":41,"covered":39,"skipped":0,"pct":95.12},"functions":{"total":4,"covered":4,"skipped":0,"pct":100},"statements":{"total":41,"covered":39,"skipped":0,"pct":95.12},"branches":{"total":28,"covered":24,"skipped":0,"pct":85.71}}
,"C:\\Users\\ignas\\Training_Plans\\frontend\\src\\components\\activityDetail\\mapHelpers.tsx": {"lines":{"total":109,"covered":38,"skipped":0,"pct":34.86},"functions":{"total":6,"covered":3,"skipped":0,"pct":50},"statements":{"total":109,"covered":38,"skipped":0,"pct":34.86},"branches":{"total":22,"covered":22,"skipped":0,"pct":100}}
,"C:\\Users\\ignas\\Training_Plans\\frontend\\src\\components\\builder\\workoutEditorUtils.ts": {"lines":{"total":278,"covered":258,"skipped":0,"pct":92.8},"functions":{"total":22,"covered":22,"skipped":0,"pct":100},"statements":{"total":278,"covered":258,"skipped":0,"pct":92.8},"branches":{"total":97,"covered":79,"skipped":0,"pct":81.44}}
,"C:\\Users\\ignas\\Training_Plans\\frontend\\src\\components\\calendar\\dateUtils.ts": {"lines":{"total":11,"covered":8,"skipped":0,"pct":72.72},"functions":{"total":2,"covered":1,"skipped":0,"pct":50},"statements":{"total":11,"covered":8,"skipped":0,"pct":72.72},"branches":{"total":2,"covered":1,"skipped":0,"pct":50}}
,"C:\\Users\\ignas\\Training_Plans\\frontend\\src\\components\\calendar\\loadModel.ts": {"lines":{"total":242,"covered":223,"skipped":0,"pct":92.14},"functions":{"total":10,"covered":10,"skipped":0,"pct":100},"statements":{"total":242,"covered":223,"skipped":0,"pct":92.14},"branches":{"total":135,"covered":114,"skipped":0,"pct":84.44}}
,"C:\\Users\\ignas\\Training_Plans\\frontend\\src\\components\\calendar\\parseWorkoutText.ts": {"lines":{"total":341,"covered":333,"skipped":0,"pct":97.65},"functions":{"total":18,"covered":18,"skipped":0,"pct":100},"statements":{"total":341,"covered":333,"skipped":0,"pct":97.65},"branches":{"total":180,"covered":148,"skipped":0,"pct":82.22}}
,"C:\\Users\\ignas\\Training_Plans\\frontend\\src\\components\\calendar\\quickWorkout.ts": {"lines":{"total":189,"covered":182,"skipped":0,"pct":96.29},"functions":{"total":8,"covered":8,"skipped":0,"pct":100},"statements":{"total":189,"covered":182,"skipped":0,"pct":96.29},"branches":{"total":63,"covered":44,"skipped":0,"pct":69.84}}
,"C:\\Users\\ignas\\Training_Plans\\frontend\\src\\components\\coachComparison\\utils.ts": {"lines":{"total":84,"covered":82,"skipped":0,"pct":97.61},"functions":{"total":13,"covered":13,"skipped":0,"pct":100},"statements":{"total":84,"covered":82,"skipped":0,"pct":97.61},"branches":{"total":60,"covered":50,"skipped":0,"pct":83.33}}
,"C:\\Users\\ignas\\Training_Plans\\frontend\\src\\components\\planner\\seasonPlanUtils.ts": {"lines":{"total":165,"covered":98,"skipped":0,"pct":59.39},"functions":{"total":19,"covered":13,"skipped":0,"pct":68.42},"statements":{"total":165,"covered":98,"skipped":0,"pct":59.39},"branches":{"total":35,"covered":20,"skipped":0,"pct":57.14}}
,"C:\\Users\\ignas\\Training_Plans\\frontend\\src\\i18n\\I18nProvider.tsx": {"lines":{"total":141,"covered":132,"skipped":0,"pct":93.61},"functions":{"total":10,"covered":9,"skipped":0,"pct":90},"statements":{"total":141,"covered":132,"skipped":0,"pct":93.61},"branches":{"total":52,"covered":38,"skipped":0,"pct":73.07}}
,"C:\\Users\\ignas\\Training_Plans\\frontend\\src\\pages\\LoginPage.tsx": {"lines":{"total":740,"covered":656,"skipped":0,"pct":88.64},"functions":{"total":46,"covered":33,"skipped":0,"pct":71.73},"statements":{"total":740,"covered":656,"skipped":0,"pct":88.64},"branches":{"total":172,"covered":140,"skipped":0,"pct":81.39}}
,"C:\\Users\\ignas\\Training_Plans\\frontend\\src\\utils\\authSession.ts": {"lines":{"total":95,"covered":71,"skipped":0,"pct":74.73},"functions":{"total":7,"covered":7,"skipped":0,"pct":100},"statements":{"total":95,"covered":71,"skipped":0,"pct":74.73},"branches":{"total":28,"covered":13,"skipped":0,"pct":46.42}}
,"C:\\Users\\ignas\\Training_Plans\\frontend\\src\\utils\\dateOnly.ts": {"lines":{"total":39,"covered":39,"skipped":0,"pct":100},"functions":{"total":3,"covered":3,"skipped":0,"pct":100},"statements":{"total":39,"covered":39,"skipped":0,"pct":100},"branches":{"total":19,"covered":17,"skipped":0,"pct":89.47}}
,"C:\\Users\\ignas\\Training_Plans\\frontend\\src\\utils\\hrZones.ts": {"lines":{"total":89,"covered":86,"skipped":0,"pct":96.62},"functions":{"total":5,"covered":5,"skipped":0,"pct":100},"statements":{"total":89,"covered":86,"skipped":0,"pct":96.62},"branches":{"total":59,"covered":52,"skipped":0,"pct":88.13}}
,"C:\\Users\\ignas\\Training_Plans\\frontend\\src\\utils\\localSnapshot.ts": {"lines":{"total":56,"covered":55,"skipped":0,"pct":98.21},"functions":{"total":3,"covered":3,"skipped":0,"pct":100},"statements":{"total":56,"covered":55,"skipped":0,"pct":98.21},"branches":{"total":21,"covered":16,"skipped":0,"pct":76.19}}
}
