TN:
SF:src\App.tsx
FN:22,JoinRedirect
FN:31,App
FNF:2
FNH:2
FNDA:2,JoinRedirect
FNDA:6,App
DA:1,1
DA:2,1
DA:3,1
DA:4,1
DA:6,1
DA:7,1
DA:8,1
DA:9,1
DA:10,0
DA:11,1
DA:12,1
DA:13,0
DA:14,1
DA:15,1
DA:16,0
DA:17,1
DA:18,1
DA:19,1
DA:20,1
DA:22,1
DA:23,2
DA:24,2
DA:25,2
DA:26,1
DA:27,1
DA:28,1
DA:29,1
DA:31,1
DA:32,6
DA:33,6
DA:34,6
DA:35,6
DA:36,6
DA:37,6
DA:38,6
DA:41,6
DA:42,6
DA:43,6
DA:44,6
DA:45,6
DA:46,6
DA:47,6
DA:48,6
DA:49,6
DA:50,6
DA:51,6
DA:52,6
DA:53,6
DA:55,6
DA:56,6
DA:57,6
DA:58,6
DA:59,6
DA:60,6
DA:61,6
DA:63,6
DA:64,6
DA:65,6
DA:66,6
DA:67,6
DA:68,6
DA:69,6
DA:71,6
DA:72,6
DA:73,6
DA:74,6
DA:75,6
DA:76,6
DA:77,6
DA:79,6
DA:80,6
DA:81,6
DA:82,6
DA:83,6
DA:84,6
DA:85,6
DA:87,6
DA:88,6
DA:89,6
DA:90,6
DA:91,6
DA:92,6
DA:93,6
DA:95,6
DA:96,6
DA:97,6
DA:98,6
DA:99,6
DA:101,6
DA:103,1
LF:90
LH:87
BRDA:6,0,0,1
BRDA:7,1,0,1
BRDA:8,2,0,1
BRDA:18,3,0,1
BRDA:19,4,0,1
BRDA:20,5,0,1
BRDA:22,6,0,2
BRDA:25,7,0,1
BRDA:31,8,0,6
BRF:9
BRH:9
end_of_record
TN:
SF:src\components\IntegrationsPanel.tsx
FN:17,providerLabel
FN:19,friendlyErrorCopy
FN:31,IntegrationsPanel
FN:42,getStatusText
FN:105,onClick
FN:115,onClick
FN:123,onClick
FN:134,onClick
FNF:8
FNH:7
FNDA:5,providerLabel
FNDA:1,friendlyErrorCopy
FNDA:2,IntegrationsPanel
FNDA:5,getStatusText
FNDA:1,onClick
FNDA:1,onClick
FNDA:1,onClick
FNDA:0,onClick
DA:1,1
DA:17,1
DA:19,1
DA:20,1
DA:21,1
DA:22,1
DA:23,1
DA:24,1
DA:25,1
DA:26,0
DA:27,0
DA:28,0
DA:29,0
DA:31,1
DA:32,2
DA:33,2
DA:34,2
DA:35,2
DA:36,2
DA:37,2
DA:38,2
DA:39,2
DA:40,2
DA:41,2
DA:42,2
DA:43,5
DA:44,5
DA:45,5
DA:46,5
DA:47,5
DA:48,2
DA:49,5
DA:51,2
DA:52,2
DA:53,2
DA:54,2
DA:55,2
DA:56,2
DA:57,5
DA:58,5
DA:59,5
DA:60,5
DA:61,5
DA:62,5
DA:63,5
DA:64,5
DA:65,5
DA:66,5
DA:67,5
DA:68,5
DA:69,2
DA:71,2
DA:73,5
DA:74,2
DA:75,2
DA:76,2
DA:77,2
DA:78,2
DA:79,2
DA:80,2
DA:81,2
DA:83,2
DA:85,5
DA:86,5
DA:87,1
DA:88,1
DA:89,1
DA:90,1
DA:91,1
DA:92,1
DA:94,1
DA:95,1
DA:96,1
DA:98,5
DA:99,5
DA:100,5
DA:101,5
DA:102,5
DA:103,5
DA:104,5
DA:105,5
DA:106,5
DA:108,5
DA:109,5
DA:110,5
DA:111,5
DA:112,5
DA:113,5
DA:114,5
DA:115,5
DA:116,5
DA:118,5
DA:119,5
DA:120,5
DA:121,5
DA:122,5
DA:123,5
DA:124,5
DA:126,5
DA:127,5
DA:128,0
DA:129,0
DA:130,0
DA:131,0
DA:132,0
DA:133,0
DA:134,0
DA:135,0
DA:137,0
DA:139,5
DA:140,5
DA:141,5
DA:143,2
DA:144,2
DA:145,2
DA:147,2
LF:116
LH:103
BRDA:17,0,0,5
BRDA:17,1,0,0
BRDA:19,2,0,1
BRDA:20,3,0,0
BRDA:24,4,0,0
BRDA:25,5,0,0
BRDA:25,6,0,0
BRDA:31,7,0,2
BRDA:42,8,0,5
BRDA:43,9,0,2
BRDA:43,10,0,3
BRDA:44,11,0,1
BRDA:44,12,0,2
BRDA:45,13,0,0
BRDA:45,14,0,2
BRDA:46,15,0,0
BRDA:46,16,0,2
BRDA:47,17,0,0
BRDA:47,18,0,2
BRDA:56,19,0,5
BRDA:68,20,0,2
BRDA:68,21,0,2
BRDA:73,22,0,2
BRDA:73,23,0,2
BRDA:85,24,0,0
BRDA:86,25,0,1
BRDA:104,26,0,4
BRDA:104,27,0,2
BRDA:104,28,0,2
BRDA:114,29,0,2
BRDA:114,30,0,2
BRDA:122,31,0,2
BRDA:122,32,0,2
BRDA:127,33,0,2
BRDA:127,34,0,0
BRDA:105,35,0,1
BRDA:115,36,0,1
BRDA:123,37,0,1
BRF:38
BRH:28
end_of_record
TN:
SF:src\components\ProtectedRoute.tsx
FN:14,ProtectedRoute
FN:19,queryFn
FNF:2
FNH:2
FNDA:5,ProtectedRoute
FNDA:1,queryFn
DA:1,1
DA:2,1
DA:3,1
DA:4,1
DA:6,1
DA:7,1
DA:8,1
DA:14,1
DA:15,5
DA:16,5
DA:17,5
DA:18,5
DA:19,5
DA:20,1
DA:21,1
DA:22,1
DA:23,5
DA:24,5
DA:25,5
DA:26,5
DA:27,5
DA:29,5
DA:30,5
DA:31,5
DA:33,5
DA:34,1
DA:35,1
DA:37,5
DA:38,1
DA:39,1
DA:40,1
DA:41,1
DA:43,1
DA:45,5
DA:46,5
DA:47,2
DA:48,1
DA:49,1
DA:50,2
DA:51,2
DA:53,1
DA:54,1
DA:56,1
LF:43
LH:43
BRDA:14,0,0,5
BRDA:33,1,0,1
BRDA:35,2,0,4
BRDA:37,3,0,1
BRDA:43,4,0,3
BRDA:45,5,0,2
BRDA:46,6,0,2
BRDA:47,7,0,1
BRDA:47,8,0,1
BRDA:51,9,0,1
BRDA:19,10,0,1
BRDA:29,11,0,5
BRDA:30,12,0,1
BRF:13
BRH:13
end_of_record
TN:
SF:src\components\ShareToChatModal.tsx
FN:32,ShareToChatModal
FN:48,queryFn
FN:69,queryFn
FN:102,mutationFn
FN:126,onSuccess
FN:137,onError
FN:175,onChange
FN:181,onChange
FN:194,onClick
FN:209,onClose
FN:221,onClick
FN:228,onClick
FNF:12
FNH:10
FNDA:56,ShareToChatModal
FNDA:5,queryFn
FNDA:5,queryFn
FNDA:4,mutationFn
FNDA:3,onSuccess
FNDA:1,onError
FNDA:2,onChange
FNDA:26,onChange
FNDA:4,onClick
FNDA:0,onClose
FNDA:0,onClick
FNDA:1,onClick
DA:1,1
DA:2,1
DA:3,1
DA:4,1
DA:5,1
DA:11,1
DA:12,1
DA:13,1
DA:32,1
DA:33,56
DA:34,56
DA:35,56
DA:36,56
DA:37,56
DA:38,56
DA:39,56
DA:42,56
DA:43,5
DA:44,56
DA:46,56
DA:47,56
DA:48,56
DA:49,56
DA:52,56
DA:53,56
DA:54,10
DA:55,10
DA:56,10
DA:57,56
DA:58,56
DA:60,56
DA:61,51
DA:62,51
DA:63,56
DA:65,56
DA:67,56
DA:68,56
DA:69,56
DA:70,56
DA:71,56
DA:73,56
DA:74,5
DA:75,5
DA:76,56
DA:78,56
DA:79,56
DA:80,56
DA:81,56
DA:83,56
DA:84,56
DA:85,56
DA:86,92
DA:87,92
DA:88,0
DA:89,92
DA:90,92
DA:91,56
DA:92,56
DA:93,56
DA:95,56
DA:96,17
DA:97,17
DA:98,1
DA:99,56
DA:101,56
DA:102,56
DA:103,4
DA:104,4
DA:105,4
DA:106,0
DA:107,0
DA:109,4
DA:110,4
DA:111,2
DA:112,1
DA:113,1
DA:115,2
DA:116,4
DA:117,1
DA:118,1
DA:119,1
DA:120,1
DA:121,1
DA:122,1
DA:123,1
DA:124,1
DA:125,4
DA:126,56
DA:127,3
DA:128,3
DA:129,3
DA:130,3
DA:131,3
DA:132,3
DA:133,3
DA:135,3
DA:136,3
DA:137,56
DA:138,1
DA:139,0
DA:140,0
DA:141,0
DA:142,1
DA:143,1
DA:144,56
DA:146,56
DA:148,56
DA:149,56
DA:150,56
DA:151,56
DA:152,56
DA:153,56
DA:154,56
DA:155,56
DA:156,56
DA:158,56
DA:159,56
DA:160,0
DA:161,0
DA:162,0
DA:163,0
DA:164,0
DA:165,0
DA:166,0
DA:168,56
DA:169,5
DA:171,56
DA:172,56
DA:173,56
DA:174,56
DA:175,56
DA:176,56
DA:177,56
DA:178,56
DA:179,56
DA:180,56
DA:181,56
DA:182,56
DA:183,56
DA:184,56
DA:185,56
DA:186,56
DA:187,56
DA:188,56
DA:189,56
DA:190,56
DA:191,56
DA:192,56
DA:193,56
DA:194,56
DA:195,4
DA:196,1
DA:197,1
DA:198,1
DA:199,3
DA:200,4
DA:202,56
DA:203,56
DA:204,56
DA:205,56
DA:207,56
DA:208,56
DA:209,56
DA:210,56
DA:211,56
DA:212,56
DA:214,56
DA:215,56
DA:216,56
DA:217,56
DA:218,56
DA:219,56
DA:220,56
DA:221,56
DA:223,56
DA:224,56
DA:225,56
DA:226,56
DA:227,56
DA:228,56
DA:230,56
DA:231,56
DA:232,56
DA:233,56
DA:234,56
DA:235,56
DA:237,56
DA:239,1
LF:188
LH:175
BRDA:32,0,0,56
BRDA:65,1,0,51
BRDA:65,2,0,5
BRDA:68,3,0,51
BRDA:68,4,0,5
BRDA:99,5,0,51
BRDA:146,6,0,0
BRDA:159,7,0,0
BRDA:168,8,0,5
BRDA:193,9,0,53
BRDA:193,10,0,48
BRDA:42,11,0,5
BRDA:48,12,0,5
BRDA:48,13,0,5
BRDA:53,14,0,10
BRDA:54,15,0,5
BRDA:54,16,0,5
BRDA:55,17,0,7
BRDA:55,18,0,6
BRDA:55,19,0,6
BRDA:60,20,0,51
BRDA:69,21,0,5
BRDA:73,22,0,5
BRDA:75,23,0,1
BRDA:75,24,0,4
BRDA:79,25,0,10
BRDA:79,26,0,5
BRDA:79,27,0,10
BRDA:83,28,0,56
BRDA:85,29,0,10
BRDA:85,30,0,92
BRDA:86,31,0,0
BRDA:87,32,0,0
BRDA:87,33,0,0
BRDA:87,34,0,0
BRDA:89,35,0,46
BRDA:89,36,0,46
BRDA:95,37,0,17
BRDA:96,38,0,12
BRDA:96,39,0,12
BRDA:96,40,0,14
BRDA:96,41,0,3
BRDA:97,42,0,2
BRDA:97,43,0,1
BRDA:102,44,0,4
BRDA:103,45,0,0
BRDA:104,46,0,0
BRDA:105,47,0,1
BRDA:105,48,0,0
BRDA:110,49,0,2
BRDA:111,50,0,1
BRDA:116,51,0,1
BRDA:116,52,0,0
BRDA:116,53,0,1
BRDA:119,54,0,0
BRDA:126,55,0,3
BRDA:137,56,0,1
BRDA:138,57,0,0
BRDA:175,58,0,2
BRDA:175,59,0,0
BRDA:181,60,0,26
BRDA:194,61,0,4
BRDA:195,62,0,1
BRDA:198,63,0,3
BRDA:228,64,0,1
BRF:65
BRH:52
end_of_record
TN:
SF:src\components\activityDetail\formatters.ts
FN:1,toTimestampMs
FN:14,calculateNormalizedPower
FN:29,formatDuration
FN:41,formatZoneDuration
FNF:4
FNH:4
FNDA:5,toTimestampMs
FNDA:3,calculateNormalizedPower
FNDA:3,formatDuration
FNDA:1,formatZoneDuration
DA:1,1
DA:2,5
DA:3,5
DA:4,5
DA:5,2
DA:6,2
DA:7,2
DA:8,2
DA:9,2
DA:10,2
DA:11,0
DA:12,0
DA:14,1
DA:15,3
DA:16,2
DA:17,2
DA:18,2
DA:19,2
DA:20,43
DA:21,43
DA:22,43
DA:23,2
DA:24,3
DA:25,3
DA:26,3
DA:27,3
DA:29,1
DA:30,3
DA:31,3
DA:32,3
DA:33,3
DA:35,3
DA:37,3
DA:38,2
DA:39,2
DA:41,1
DA:42,1
DA:43,1
DA:44,1
DA:45,1
DA:46,1
LF:41
LH:39
BRDA:1,0,0,5
BRDA:2,1,0,1
BRDA:2,2,0,4
BRDA:3,3,0,1
BRDA:3,4,0,3
BRDA:4,5,0,1
BRDA:4,6,0,2
BRDA:7,7,0,0
BRDA:9,8,0,1
BRDA:9,9,0,1
BRDA:10,10,0,0
BRDA:14,11,0,3
BRDA:15,12,0,1
BRDA:15,13,0,2
BRDA:24,14,0,0
BRDA:19,15,0,43
BRDA:21,16,0,10
BRDA:22,17,0,12
BRDA:25,18,0,12
BRDA:29,19,0,3
BRDA:30,20,0,1
BRDA:30,21,0,2
BRDA:35,22,0,1
BRDA:35,23,0,2
BRDA:37,24,0,1
BRDA:37,25,0,2
BRDA:41,26,0,1
BRDA:42,27,0,0
BRF:28
BRH:24
end_of_record
TN:
SF:src\components\activityDetail\mapHelpers.tsx
FN:6,MapFitBounds
FN:16,MapPanTo
FN:33,toDistanceLabel
FN:39,findNearestRoutePoint
FN:57,getHeatColor
FN:72,MapRouteInteractionLayer
FNF:6
FNH:3
FNDA:0,MapFitBounds
FNDA:0,MapPanTo
FNDA:3,toDistanceLabel
FNDA:2,findNearestRoutePoint
FNDA:6,getHeatColor
FNDA:0,MapRouteInteractionLayer
DA:1,1
DA:6,1
DA:7,0
DA:8,0
DA:9,0
DA:10,0
DA:11,0
DA:12,0
DA:13,0
DA:14,0
DA:16,1
DA:17,0
DA:18,0
DA:19,0
DA:20,0
DA:21,0
DA:22,0
DA:23,0
DA:25,0
DA:26,0
DA:27,0
DA:28,0
DA:29,0
DA:30,0
DA:31,0
DA:33,1
DA:34,3
DA:35,3
DA:36,1
DA:37,1
DA:39,1
DA:40,2
DA:41,1
DA:42,1
DA:43,1
DA:44,1
DA:45,2
DA:46,3
DA:47,3
DA:48,3
DA:49,3
DA:50,1
DA:51,1
DA:52,1
DA:53,3
DA:54,1
DA:55,1
DA:57,1
DA:58,6
DA:59,1
DA:60,1
DA:61,5
DA:62,6
DA:63,6
DA:64,6
DA:65,6
DA:66,1
DA:67,1
DA:70,1
DA:72,1
DA:73,0
DA:74,0
DA:75,0
DA:76,0
DA:77,0
DA:78,0
DA:84,0
DA:85,0
DA:87,0
DA:88,0
DA:89,0
DA:90,0
DA:91,0
DA:92,0
DA:93,0
DA:94,0
DA:95,0
DA:96,0
DA:97,0
DA:98,0
DA:99,0
DA:100,0
DA:101,0
DA:102,0
DA:103,0
DA:104,0
DA:105,0
DA:106,0
DA:107,0
DA:108,0
DA:109,0
DA:110,0
DA:111,0
DA:112,0
DA:113,0
DA:114,0
DA:115,0
DA:116,0
DA:117,0
DA:118,0
DA:119,0
DA:120,0
DA:121,0
DA:122,0
DA:123,0
DA:124,0
DA:126,0
DA:127,0
DA:128,0
LF:109
LH:38
BRDA:33,0,0,3
BRDA:35,1,0,2
BRDA:35,2,0,2
BRDA:35,3,0,1
BRDA:39,4,0,2
BRDA:40,5,0,1
BRDA:45,6,0,3
BRDA:49,7,0,1
BRDA:53,8,0,1
BRDA:57,9,0,6
BRDA:58,10,0,5
BRDA:58,11,0,5
BRDA:58,12,0,5
BRDA:58,13,0,1
BRDA:60,14,0,5
BRDA:62,15,0,1
BRDA:62,16,0,4
BRDA:63,17,0,1
BRDA:63,18,0,3
BRDA:64,19,0,1
BRDA:64,20,0,2
BRDA:65,21,0,1
BRF:22
BRH:22
end_of_record
TN:
SF:src\components\builder\workoutEditorUtils.ts
FN:93,randomId
FN:95,normalizePaceSeconds
FN:101,formatHms
FN:109,parseHms
FN:117,formatPace
FN:123,parsePaceInput
FN:132,formatSecondsHm
FN:140,powerZoneRows
FN:150,hrZoneRows
FN:160,paceZoneRows
FN:171,createDefaultTarget
FN:198,createDefaultBlock
FN:210,createZoneBlock
FN:232,createDefaultRepeat
FN:239,createStarterPreset
FN:261,estimateTotals
FN:264,visit
FN:278,flattenBlocks
FN:290,nodeCategory
FN:292,inferIntensityZone
FN:303,edgeColorFromZone
FN:311,intensityPercentForStep
FNF:22
FNH:22
FNDA:23,randomId
FNDA:4,normalizePaceSeconds
FNDA:2,formatHms
FNDA:3,parseHms
FNDA:15,formatPace
FNDA:3,parsePaceInput
FNDA:2,formatSecondsHm
FNDA:1,powerZoneRows
FNDA:1,hrZoneRows
FNDA:1,paceZoneRows
FNDA:6,createDefaultTarget
FNDA:19,createDefaultBlock
FNDA:1,createZoneBlock
FNDA:2,createDefaultRepeat
FNDA:2,createStarterPreset
FNDA:1,estimateTotals
FNDA:4,visit
FNDA:3,flattenBlocks
FNDA:2,nodeCategory
FNDA:3,inferIntensityZone
FNDA:4,edgeColorFromZone
FNDA:3,intensityPercentForStep
DA:17,1
DA:18,1
DA:19,1
DA:20,1
DA:21,1
DA:22,1
DA:24,1
DA:26,1
DA:27,1
DA:28,1
DA:29,1
DA:30,1
DA:31,1
DA:32,1
DA:33,1
DA:34,1
DA:35,1
DA:36,1
DA:37,1
DA:38,1
DA:39,1
DA:40,1
DA:41,1
DA:42,1
DA:43,1
DA:44,1
DA:45,1
DA:46,1
DA:47,1
DA:48,1
DA:49,1
DA:50,1
DA:51,1
DA:52,1
DA:53,1
DA:54,1
DA:55,1
DA:56,1
DA:58,1
DA:59,1
DA:60,1
DA:61,1
DA:62,1
DA:63,1
DA:64,1
DA:65,1
DA:66,1
DA:67,1
DA:68,1
DA:69,1
DA:70,1
DA:72,1
DA:73,1
DA:74,1
DA:75,1
DA:76,1
DA:77,1
DA:79,1
DA:80,1
DA:81,1
DA:82,1
DA:83,1
DA:84,1
DA:86,1
DA:87,1
DA:88,1
DA:89,1
DA:90,1
DA:91,1
DA:93,1
DA:95,1
DA:96,4
DA:97,4
DA:98,1
DA:99,1
DA:101,1
DA:102,2
DA:103,1
DA:104,1
DA:105,1
DA:106,1
DA:107,1
DA:109,1
DA:110,3
DA:111,3
DA:112,3
DA:113,1
DA:114,3
DA:115,3
DA:117,1
DA:118,15
DA:119,15
DA:120,15
DA:121,15
DA:123,1
DA:124,3
DA:125,3
DA:126,3
DA:127,2
DA:128,3
DA:129,1
DA:130,1
DA:132,1
DA:133,2
DA:134,1
DA:135,1
DA:136,1
DA:137,1
DA:138,1
DA:140,1
DA:141,1
DA:142,1
DA:143,7
DA:144,7
DA:145,7
DA:146,7
DA:147,1
DA:148,1
DA:150,1
DA:151,1
DA:152,1
DA:153,5
DA:154,5
DA:155,5
DA:156,5
DA:157,1
DA:158,1
DA:160,1
DA:161,1
DA:162,1
DA:163,1
DA:164,7
DA:165,7
DA:166,7
DA:167,7
DA:168,1
DA:169,1
DA:171,1
DA:172,6
DA:173,6
DA:174,6
DA:175,6
DA:176,6
DA:177,6
DA:178,6
DA:179,6
DA:181,1
DA:182,1
DA:183,1
DA:184,1
DA:185,1
DA:186,1
DA:188,1
DA:189,1
DA:190,1
DA:191,1
DA:192,1
DA:193,1
DA:195,1
DA:196,1
DA:198,1
DA:199,19
DA:200,19
DA:201,19
DA:202,19
DA:203,19
DA:204,19
DA:205,19
DA:206,19
DA:207,19
DA:208,19
DA:210,1
DA:211,1
DA:212,1
DA:213,1
DA:214,1
DA:215,1
DA:216,1
DA:217,1
DA:218,1
DA:219,1
DA:220,1
DA:221,1
DA:222,0
DA:223,0
DA:224,0
DA:225,0
DA:226,0
DA:227,0
DA:228,0
DA:229,0
DA:230,0
DA:232,1
DA:233,2
DA:234,2
DA:235,2
DA:236,2
DA:237,2
DA:239,1
DA:240,2
DA:241,1
DA:242,1
DA:243,1
DA:244,1
DA:245,1
DA:246,1
DA:247,1
DA:248,1
DA:249,1
DA:250,1
DA:251,1
DA:252,1
DA:253,1
DA:254,0
DA:255,0
DA:256,0
DA:257,0
DA:258,0
DA:259,0
DA:261,1
DA:262,1
DA:263,1
DA:264,1
DA:265,4
DA:266,1
DA:267,1
DA:268,1
DA:269,4
DA:270,4
DA:271,4
DA:272,4
DA:273,4
DA:274,1
DA:275,1
DA:276,1
DA:278,1
DA:279,3
DA:280,3
DA:281,5
DA:282,1
DA:283,5
DA:284,4
DA:285,4
DA:286,3
DA:287,3
DA:288,3
DA:290,1
DA:292,1
DA:293,3
DA:294,3
DA:295,3
DA:296,3
DA:297,3
DA:298,3
DA:299,3
DA:300,1
DA:301,1
DA:303,1
DA:304,4
DA:305,4
DA:306,4
DA:307,1
DA:308,0
DA:309,0
DA:311,1
DA:312,3
DA:313,3
DA:314,3
DA:315,1
DA:316,1
DA:317,3
DA:318,1
DA:319,1
DA:320,1
DA:321,1
DA:322,0
DA:323,0
DA:324,0
LF:278
LH:258
BRDA:93,0,0,23
BRDA:95,1,0,4
BRDA:96,2,0,1
BRDA:96,3,0,3
BRDA:97,4,0,2
BRDA:97,5,0,1
BRDA:101,6,0,2
BRDA:102,7,0,1
BRDA:102,8,0,1
BRDA:109,9,0,3
BRDA:111,10,0,1
BRDA:111,11,0,1
BRDA:111,12,0,2
BRDA:112,13,0,1
BRDA:112,14,0,1
BRDA:114,15,0,0
BRDA:114,16,0,1
BRDA:111,17,0,3
BRDA:112,18,0,2
BRDA:117,19,0,15
BRDA:123,20,0,3
BRDA:126,21,0,1
BRDA:126,22,0,1
BRDA:126,23,0,2
BRDA:128,24,0,1
BRDA:126,25,0,2
BRDA:132,26,0,2
BRDA:133,27,0,1
BRDA:133,28,0,1
BRDA:140,29,0,1
BRDA:142,30,0,7
BRDA:146,31,0,0
BRDA:150,32,0,1
BRDA:152,33,0,5
BRDA:156,34,0,0
BRDA:160,35,0,1
BRDA:163,36,0,7
BRDA:164,37,0,0
BRDA:171,38,0,6
BRDA:198,39,0,19
BRDA:210,40,0,1
BRDA:221,41,0,0
BRDA:232,42,0,2
BRDA:239,43,0,2
BRDA:240,44,0,1
BRDA:253,45,0,0
BRDA:261,46,0,1
BRDA:264,47,0,4
BRDA:265,48,0,1
BRDA:268,49,0,3
BRDA:269,50,0,0
BRDA:271,51,0,2
BRDA:271,52,0,3
BRDA:272,53,0,1
BRDA:266,54,0,2
BRDA:274,55,0,2
BRDA:278,56,0,3
BRDA:280,57,0,5
BRDA:281,58,0,1
BRDA:282,59,0,2
BRDA:283,60,0,4
BRDA:290,61,0,2
BRDA:290,62,0,1
BRDA:290,63,0,1
BRDA:292,64,0,3
BRDA:293,65,0,1
BRDA:293,66,0,2
BRDA:294,67,0,0
BRDA:294,68,0,0
BRDA:295,69,0,1
BRDA:296,70,0,0
BRDA:296,71,0,1
BRDA:297,72,0,0
BRDA:297,73,0,1
BRDA:298,74,0,0
BRDA:298,75,0,1
BRDA:299,76,0,0
BRDA:299,77,0,1
BRDA:303,78,0,4
BRDA:304,79,0,1
BRDA:304,80,0,3
BRDA:305,81,0,1
BRDA:305,82,0,2
BRDA:306,83,0,1
BRDA:307,84,0,0
BRDA:311,85,0,3
BRDA:312,86,0,0
BRDA:313,87,0,0
BRDA:313,88,0,0
BRDA:314,89,0,2
BRDA:314,90,0,2
BRDA:314,91,0,2
BRDA:314,92,0,1
BRDA:316,93,0,2
BRDA:317,94,0,1
BRDA:317,95,0,1
BRDA:321,96,0,0
BRF:97
BRH:79
end_of_record
TN:
SF:src\components\calendar\dateUtils.ts
FN:1,parseDate
FN:6,formatMinutesHm
FNF:2
FNH:1
FNDA:0,parseDate
FNDA:1,formatMinutesHm
DA:1,1
DA:2,0
DA:3,0
DA:4,0
DA:6,1
DA:7,1
DA:8,1
DA:9,1
DA:10,1
DA:11,1
DA:12,1
LF:11
LH:8
BRDA:6,0,0,1
BRDA:7,1,0,0
BRF:2
BRH:1
end_of_record
TN:
SF:src\components\calendar\loadModel.ts
FN:18,safeNumber
FN:23,getZoneSeconds
FN:37,runningZoneIndex
FN:46,runningPaceZoneIndex
FN:57,cyclingZoneIndex
FN:68,normalizeSport
FN:75,zoneCountForSport
FN:82,hasAnyZoneSeconds
FN:85,deriveZonesFromActivityDetail
FN:242,computeLoadsFromZones
FNF:10
FNH:10
FNDA:49,safeNumber
FNDA:5,getZoneSeconds
FNDA:12,runningZoneIndex
FNDA:5,runningPaceZoneIndex
FNDA:9,cyclingZoneIndex
FNDA:6,normalizeSport
FNDA:3,zoneCountForSport
FNDA:2,hasAnyZoneSeconds
FNDA:5,deriveZonesFromActivityDetail
FNDA:3,computeLoadsFromZones
DA:18,1
DA:19,49
DA:20,49
DA:21,49
DA:23,1
DA:24,5
DA:25,5
DA:26,5
DA:27,5
DA:28,5
DA:29,0
DA:30,0
DA:31,0
DA:32,0
DA:33,5
DA:34,5
DA:35,5
DA:37,1
DA:38,12
DA:39,12
DA:40,12
DA:41,12
DA:42,12
DA:43,4
DA:44,4
DA:46,1
DA:47,5
DA:48,5
DA:49,5
DA:50,13
DA:51,4
DA:52,4
DA:53,13
DA:54,1
DA:55,1
DA:57,1
DA:58,9
DA:59,9
DA:60,9
DA:61,9
DA:62,9
DA:63,9
DA:64,9
DA:65,2
DA:66,2
DA:68,1
DA:69,6
DA:70,6
DA:71,6
DA:72,2
DA:73,2
DA:75,1
DA:76,3
DA:77,3
DA:78,3
DA:79,1
DA:80,1
DA:82,1
DA:83,2
DA:85,1
DA:86,5
DA:87,5
DA:88,2
DA:89,3
DA:90,2
DA:91,1
DA:93,5
DA:94,5
DA:95,5
DA:96,5
DA:97,5
DA:99,5
DA:100,5
DA:101,2
DA:102,3
DA:103,5
DA:104,1
DA:105,4
DA:107,5
DA:108,2
DA:109,2
DA:110,2
DA:111,2
DA:113,2
DA:114,1
DA:115,1
DA:116,5
DA:117,5
DA:118,1
DA:119,1
DA:120,1
DA:121,5
DA:122,5
DA:123,1
DA:125,2
DA:126,2
DA:127,2
DA:128,2
DA:129,2
DA:130,1
DA:131,1
DA:132,5
DA:133,5
DA:134,5
DA:135,1
DA:136,1
DA:138,2
DA:139,2
DA:140,2
DA:141,2
DA:142,2
DA:143,2
DA:144,2
DA:145,2
DA:147,5
DA:148,2
DA:149,2
DA:150,1
DA:151,1
DA:153,2
DA:154,1
DA:155,1
DA:157,2
DA:158,2
DA:159,7
DA:160,7
DA:161,7
DA:162,2
DA:163,2
DA:165,2
DA:166,1
DA:167,1
DA:168,7
DA:169,7
DA:170,1
DA:171,1
DA:172,1
DA:173,2
DA:174,2
DA:175,2
DA:176,2
DA:177,2
DA:178,2
DA:179,2
DA:180,2
DA:181,2
DA:182,2
DA:183,2
DA:184,1
DA:185,1
DA:187,2
DA:188,2
DA:189,2
DA:190,7
DA:191,7
DA:192,7
DA:193,2
DA:194,2
DA:195,2
DA:196,1
DA:197,1
DA:198,7
DA:199,7
DA:200,1
DA:201,1
DA:202,1
DA:203,0
DA:204,1
DA:206,1
DA:207,1
DA:208,5
DA:209,5
DA:210,1
DA:211,0
DA:212,0
DA:213,0
DA:214,0
DA:215,0
DA:216,0
DA:217,0
DA:218,0
DA:219,0
DA:220,0
DA:221,0
DA:222,0
DA:223,0
DA:224,0
DA:225,1
DA:227,2
DA:228,2
DA:229,2
DA:230,2
DA:231,2
DA:232,2
DA:233,2
DA:234,2
DA:236,1
DA:237,1
DA:238,1
DA:239,1
DA:240,1
DA:242,1
DA:243,3
DA:244,3
DA:245,3
DA:246,3
DA:248,3
DA:249,3
DA:251,3
DA:252,3
DA:253,3
DA:254,1
DA:255,2
DA:257,3
DA:258,15
DA:259,15
DA:260,15
DA:261,15
DA:262,15
DA:263,15
DA:264,3
DA:266,3
DA:267,21
DA:268,21
DA:269,21
DA:270,21
DA:271,21
DA:272,21
DA:273,3
DA:275,3
DA:276,3
DA:277,3
DA:278,3
DA:280,3
DA:281,2
DA:282,2
DA:283,2
DA:285,3
DA:286,3
DA:287,3
DA:288,3
DA:289,3
LF:242
LH:223
BRDA:18,0,0,49
BRDA:20,1,0,43
BRDA:20,2,0,6
BRDA:23,3,0,5
BRDA:24,4,0,0
BRDA:27,5,0,0
BRDA:28,6,0,0
BRDA:30,7,0,0
BRDA:31,8,0,0
BRDA:34,9,0,0
BRDA:34,10,0,0
BRDA:37,11,0,12
BRDA:39,12,0,2
BRDA:39,13,0,10
BRDA:40,14,0,2
BRDA:40,15,0,8
BRDA:41,16,0,2
BRDA:41,17,0,6
BRDA:42,18,0,2
BRDA:42,19,0,4
BRDA:46,20,0,5
BRDA:47,21,0,0
BRDA:49,22,0,13
BRDA:50,23,0,4
BRDA:53,24,0,1
BRDA:57,25,0,9
BRDA:59,26,0,2
BRDA:59,27,0,7
BRDA:60,28,0,1
BRDA:60,29,0,6
BRDA:61,30,0,1
BRDA:61,31,0,5
BRDA:62,32,0,1
BRDA:62,33,0,4
BRDA:63,34,0,1
BRDA:63,35,0,3
BRDA:64,36,0,1
BRDA:64,37,0,2
BRDA:68,38,0,6
BRDA:69,39,0,0
BRDA:70,40,0,2
BRDA:70,41,0,4
BRDA:71,42,0,3
BRDA:71,43,0,2
BRDA:71,44,0,2
BRDA:75,45,0,3
BRDA:77,46,0,1
BRDA:77,47,0,2
BRDA:78,48,0,1
BRDA:82,49,0,2
BRDA:83,50,0,4
BRDA:85,51,0,5
BRDA:86,52,0,0
BRDA:87,53,0,2
BRDA:88,54,0,3
BRDA:89,55,0,2
BRDA:89,56,0,2
BRDA:89,57,0,2
BRDA:90,58,0,1
BRDA:100,59,0,2
BRDA:101,60,0,3
BRDA:102,61,0,1
BRDA:102,62,0,0
BRDA:103,63,0,1
BRDA:104,64,0,4
BRDA:105,65,0,2
BRDA:105,66,0,0
BRDA:107,67,0,2
BRDA:113,68,0,1
BRDA:113,69,0,1
BRDA:113,70,0,1
BRDA:120,71,0,5
BRDA:129,72,0,1
BRDA:129,73,0,1
BRDA:145,74,0,3
BRDA:147,75,0,2
BRDA:148,76,0,1
BRDA:149,77,0,1
BRDA:149,78,0,1
BRDA:150,79,0,1
BRDA:151,80,0,0
BRDA:151,81,0,0
BRDA:153,82,0,1
BRDA:153,83,0,1
BRDA:165,84,0,1
BRDA:165,85,0,1
BRDA:195,86,0,1
BRDA:195,87,0,1
BRDA:195,88,0,1
BRDA:202,89,0,0
BRDA:202,90,0,0
BRDA:204,91,0,0
BRDA:207,92,0,5
BRDA:210,93,0,0
BRDA:234,94,0,1
BRDA:93,95,0,25
BRDA:94,96,0,35
BRDA:95,97,0,25
BRDA:96,98,0,35
BRDA:110,99,0,5
BRDA:111,100,0,5
BRDA:115,101,0,5
BRDA:127,102,0,5
BRDA:128,103,0,5
BRDA:131,104,0,5
BRDA:158,105,0,7
BRDA:160,106,0,6
BRDA:160,107,0,1
BRDA:163,108,0,7
BRDA:167,109,0,7
BRDA:172,110,0,2
BRDA:174,111,0,1
BRDA:178,112,0,1
BRDA:181,113,0,0
BRDA:189,114,0,7
BRDA:191,115,0,6
BRDA:191,116,0,1
BRDA:194,117,0,7
BRDA:197,118,0,7
BRDA:242,119,0,3
BRDA:253,120,0,1
BRDA:254,121,0,2
BRDA:255,122,0,1
BRDA:255,123,0,1
BRDA:280,124,0,2
BRDA:281,125,0,0
BRDA:282,126,0,0
BRDA:251,127,0,21
BRDA:252,128,0,15
BRDA:257,129,0,15
BRDA:259,130,0,13
BRDA:266,131,0,21
BRDA:268,132,0,18
BRDA:276,133,0,15
BRDA:277,134,0,19
BRF:135
BRH:114
end_of_record
TN:
SF:src\components\calendar\parseWorkoutText.ts
FN:26,isParseError
FN:31,uid
FN:34,_resetIdCounter
FN:40,parseDuration
FN:71,zoneBounds
FN:83,parseTarget
FN:116,stripCategoryKeyword
FN:119,detectCategory
FN:160,splitDurationAndTarget
FN:183,parseSegment
FN:275,inferCategories
FN:311,defaultTarget
FN:318,buildNodes
FN:398,estimateDurationSeconds
FN:417,formatDurationShort
FN:431,formatTargetShort
FN:443,generateTitle
FN:473,parseWorkoutText
FNF:18
FNH:18
FNDA:25,isParseError
FNDA:83,uid
FNDA:21,_resetIdCounter
FNDA:65,parseDuration
FNDA:6,zoneBounds
FNDA:19,parseTarget
FNDA:64,stripCategoryKeyword
FNDA:52,detectCategory
FNDA:66,splitDurationAndTarget
FNDA:52,parseSegment
FNDA:21,inferCategories
FNDA:32,defaultTarget
FNDA:21,buildNodes
FNDA:34,estimateDurationSeconds
FNDA:33,formatDurationShort
FNDA:15,formatTargetShort
FNDA:21,generateTitle
FNDA:23,parseWorkoutText
DA:26,1
DA:30,1
DA:31,1
DA:34,1
DA:38,1
DA:40,1
DA:41,65
DA:42,65
DA:43,65
DA:44,65
DA:46,65
DA:47,65
DA:48,65
DA:49,65
DA:50,65
DA:51,1
DA:52,0
DA:53,0
DA:58,1
DA:60,1
DA:62,1
DA:64,1
DA:66,1
DA:68,1
DA:71,1
DA:72,6
DA:73,6
DA:74,1
DA:75,1
DA:76,1
DA:77,1
DA:78,5
DA:79,5
DA:80,5
DA:81,5
DA:83,1
DA:84,19
DA:85,19
DA:87,19
DA:88,6
DA:89,6
DA:90,6
DA:91,19
DA:92,3
DA:93,3
DA:94,3
DA:95,19
DA:96,6
DA:97,6
DA:98,6
DA:99,6
DA:100,19
DA:101,3
DA:102,3
DA:103,3
DA:104,1
DA:105,1
DA:106,1
DA:107,0
DA:108,0
DA:112,1
DA:113,1
DA:114,1
DA:116,1
DA:117,64
DA:119,1
DA:120,52
DA:121,52
DA:122,52
DA:123,49
DA:124,49
DA:129,1
DA:131,1
DA:133,1
DA:160,1
DA:161,66
DA:162,66
DA:164,66
DA:165,66
DA:166,16
DA:167,16
DA:168,16
DA:169,16
DA:170,16
DA:172,50
DA:173,66
DA:175,49
DA:176,66
DA:177,66
DA:180,3
DA:181,3
DA:183,1
DA:184,52
DA:185,52
DA:188,52
DA:189,52
DA:192,52
DA:193,52
DA:194,1
DA:195,1
DA:196,1
DA:197,1
DA:199,1
DA:200,1
DA:202,1
DA:203,3
DA:204,3
DA:205,3
DA:206,3
DA:207,3
DA:208,3
DA:209,1
DA:210,1
DA:212,1
DA:213,1
DA:214,1
DA:215,1
DA:217,1
DA:218,1
DA:219,1
DA:220,1
DA:221,1
DA:222,1
DA:223,1
DA:224,1
DA:226,51
DA:227,52
DA:228,12
DA:229,12
DA:232,12
DA:233,12
DA:234,12
DA:237,12
DA:238,12
DA:239,12
DA:240,12
DA:242,12
DA:243,12
DA:245,12
DA:248,12
DA:249,12
DA:250,12
DA:252,12
DA:253,12
DA:254,12
DA:256,12
DA:257,12
DA:260,39
DA:261,52
DA:262,38
DA:263,38
DA:265,38
DA:266,52
DA:268,52
DA:270,52
DA:271,52
DA:275,1
DA:277,21
DA:278,21
DA:280,21
DA:282,11
DA:283,18
DA:284,18
DA:285,11
DA:286,11
DA:289,10
DA:290,10
DA:292,21
DA:293,31
DA:294,31
DA:296,31
DA:298,8
DA:299,31
DA:301,8
DA:302,9
DA:304,1
DA:305,1
DA:306,31
DA:307,10
DA:311,1
DA:312,32
DA:313,32
DA:314,9
DA:315,23
DA:316,32
DA:318,1
DA:319,21
DA:321,21
DA:322,50
DA:323,37
DA:324,37
DA:325,31
DA:326,37
DA:327,37
DA:328,37
DA:329,37
DA:330,37
DA:331,37
DA:332,37
DA:333,37
DA:334,50
DA:336,12
DA:337,12
DA:338,12
DA:339,12
DA:340,12
DA:341,12
DA:342,12
DA:343,12
DA:344,12
DA:345,12
DA:346,12
DA:347,12
DA:348,12
DA:349,12
DA:350,12
DA:351,12
DA:352,12
DA:353,12
DA:354,12
DA:355,12
DA:356,12
DA:357,12
DA:358,12
DA:359,12
DA:360,13
DA:361,1
DA:362,1
DA:363,4
DA:364,8
DA:365,8
DA:366,8
DA:367,8
DA:368,8
DA:369,8
DA:370,8
DA:371,8
DA:372,4
DA:373,1
DA:374,1
DA:375,1
DA:376,1
DA:377,1
DA:378,1
DA:379,1
DA:380,1
DA:381,1
DA:383,1
DA:384,1
DA:385,1
DA:386,1
DA:387,1
DA:388,1
DA:389,1
DA:390,1
DA:391,50
DA:393,21
DA:394,21
DA:398,1
DA:399,34
DA:400,34
DA:401,83
DA:402,70
DA:403,67
DA:404,70
DA:406,3
DA:407,3
DA:408,83
DA:409,13
DA:410,13
DA:411,83
DA:412,34
DA:413,34
DA:417,1
DA:418,33
DA:419,30
DA:420,30
DA:421,28
DA:422,0
DA:423,0
DA:424,33
DA:425,3
DA:426,1
DA:427,1
DA:428,0
DA:429,0
DA:431,1
DA:432,15
DA:433,15
DA:434,1
DA:435,1
DA:436,1
DA:437,1
DA:438,15
DA:439,15
DA:440,1
DA:441,1
DA:443,1
DA:445,21
DA:446,21
DA:448,10
DA:449,10
DA:450,6
DA:451,6
DA:452,6
DA:453,6
DA:454,4
DA:455,4
DA:457,11
DA:458,13
DA:459,1
DA:460,1
DA:461,1
DA:462,1
DA:463,1
DA:464,1
DA:465,13
DA:466,13
DA:467,11
DA:468,11
DA:469,11
DA:473,1
DA:474,23
DA:475,23
DA:478,22
DA:479,23
DA:481,22
DA:482,23
DA:483,52
DA:484,52
DA:485,1
DA:486,1
DA:487,51
DA:488,51
DA:491,21
DA:494,21
DA:495,23
DA:498,21
DA:501,21
DA:503,21
DA:504,21
LF:341
LH:333
BRDA:26,0,0,25
BRDA:31,1,0,83
BRDA:34,2,0,21
BRDA:40,3,0,65
BRDA:42,4,0,0
BRDA:46,5,0,1
BRDA:46,6,0,64
BRDA:47,7,0,61
BRDA:47,8,0,3
BRDA:48,9,0,0
BRDA:48,10,0,3
BRDA:49,11,0,2
BRDA:49,12,0,1
BRDA:50,13,0,0
BRDA:50,14,0,1
BRDA:51,15,0,0
BRDA:71,16,0,6
BRDA:72,17,0,0
BRDA:73,18,0,1
BRDA:77,19,0,5
BRDA:83,20,0,19
BRDA:87,21,0,6
BRDA:90,22,0,13
BRDA:91,23,0,3
BRDA:94,24,0,10
BRDA:95,25,0,6
BRDA:99,26,0,4
BRDA:100,27,0,3
BRDA:103,28,0,1
BRDA:106,29,0,0
BRDA:116,30,0,64
BRDA:119,31,0,52
BRDA:120,32,0,1
BRDA:120,33,0,51
BRDA:121,34,0,1
BRDA:121,35,0,50
BRDA:122,36,0,1
BRDA:122,37,0,49
BRDA:160,38,0,66
BRDA:162,39,0,0
BRDA:165,40,0,16
BRDA:168,41,0,0
BRDA:170,42,0,50
BRDA:173,43,0,1
BRDA:173,44,0,49
BRDA:176,45,0,46
BRDA:177,46,0,46
BRDA:177,47,0,3
BRDA:183,48,0,52
BRDA:185,49,0,0
BRDA:193,50,0,1
BRDA:197,51,0,0
BRDA:200,52,0,0
BRDA:210,53,0,0
BRDA:214,54,0,0
BRDA:215,55,0,0
BRDA:224,56,0,51
BRDA:227,57,0,12
BRDA:234,58,0,0
BRDA:238,59,0,0
BRDA:243,60,0,0
BRDA:245,61,0,11
BRDA:245,62,0,1
BRDA:253,63,0,0
BRDA:257,64,0,39
BRDA:261,65,0,1
BRDA:261,66,0,38
BRDA:266,67,0,0
BRDA:266,68,0,38
BRDA:268,69,0,6
BRDA:268,70,0,32
BRDA:199,71,0,3
BRDA:202,72,0,3
BRDA:204,73,0,0
BRDA:206,74,0,0
BRDA:207,75,0,2
BRDA:207,76,0,1
BRDA:210,77,0,3
BRDA:275,78,0,21
BRDA:280,79,0,11
BRDA:282,80,0,18
BRDA:286,81,0,10
BRDA:292,82,0,31
BRDA:294,83,0,19
BRDA:294,84,0,14
BRDA:294,85,0,17
BRDA:296,86,0,8
BRDA:299,87,0,9
BRDA:299,88,0,8
BRDA:302,89,0,1
BRDA:306,90,0,10
BRDA:277,91,0,50
BRDA:278,92,0,38
BRDA:289,93,0,19
BRDA:290,94,0,19
BRDA:311,95,0,32
BRDA:312,96,0,0
BRDA:313,97,0,9
BRDA:314,98,0,23
BRDA:318,99,0,21
BRDA:321,100,0,50
BRDA:322,101,0,37
BRDA:323,102,0,0
BRDA:324,103,0,31
BRDA:325,104,0,22
BRDA:325,105,0,13
BRDA:325,106,0,19
BRDA:325,107,0,12
BRDA:334,108,0,13
BRDA:334,109,0,12
BRDA:341,110,0,1
BRDA:360,111,0,1
BRDA:362,112,0,4
BRDA:363,113,0,8
BRDA:369,114,0,0
BRDA:398,115,0,34
BRDA:400,116,0,83
BRDA:401,117,0,70
BRDA:402,118,0,67
BRDA:402,119,0,67
BRDA:404,120,0,3
BRDA:408,121,0,13
BRDA:417,122,0,33
BRDA:418,123,0,30
BRDA:418,124,0,30
BRDA:420,125,0,2
BRDA:420,126,0,0
BRDA:420,127,0,28
BRDA:421,128,0,0
BRDA:423,129,0,3
BRDA:424,130,0,3
BRDA:425,131,0,2
BRDA:425,132,0,0
BRDA:425,133,0,1
BRDA:427,134,0,0
BRDA:431,135,0,15
BRDA:432,136,0,11
BRDA:432,137,0,6
BRDA:432,138,0,9
BRDA:433,139,0,1
BRDA:433,140,0,1
BRDA:437,141,0,8
BRDA:438,142,0,6
BRDA:438,143,0,2
BRDA:439,144,0,1
BRDA:439,145,0,1
BRDA:443,146,0,21
BRDA:446,147,0,10
BRDA:449,148,0,6
BRDA:451,149,0,2
BRDA:451,150,0,4
BRDA:452,151,0,1
BRDA:452,152,0,5
BRDA:453,153,0,4
BRDA:455,154,0,11
BRDA:445,155,0,50
BRDA:445,156,0,38
BRDA:448,157,0,18
BRDA:454,158,0,12
BRDA:457,159,0,13
BRDA:458,160,0,1
BRDA:462,161,0,0
BRDA:464,162,0,12
BRDA:465,163,0,11
BRDA:465,164,0,1
BRDA:460,165,0,2
BRDA:460,166,0,0
BRDA:473,167,0,23
BRDA:474,168,0,1
BRDA:475,169,0,1
BRDA:475,170,0,22
BRDA:479,171,0,0
BRDA:479,172,0,22
BRDA:482,173,0,52
BRDA:484,174,0,1
BRDA:486,175,0,51
BRDA:488,176,0,21
BRDA:495,177,0,0
BRDA:495,178,0,21
BRDA:478,179,0,53
BRF:180
BRH:148
end_of_record
TN:
SF:src\components\calendar\quickWorkout.ts
FN:5,formatPaceFromMinutesPerKm
FN:14,resolveZoneBoundsFromSettings
FN:28,formatZoneRange
FN:39,buildQuickWorkoutZoneDetails
FN:126,quickWorkoutZoneBounds
FN:155,quickWorkoutStep
FN:182,buildQuickWorkoutStructure
FN:199,buildQuickWorkoutDescription
FNF:8
FNH:8
FNDA:4,formatPaceFromMinutesPerKm
FNDA:14,resolveZoneBoundsFromSettings
FNDA:4,formatZoneRange
FNDA:8,buildQuickWorkoutZoneDetails
FNDA:2,quickWorkoutZoneBounds
FNDA:2,quickWorkoutStep
FNDA:2,buildQuickWorkoutStructure
FNDA:2,buildQuickWorkoutDescription
DA:1,1
DA:5,1
DA:6,4
DA:7,4
DA:8,4
DA:9,4
DA:10,4
DA:11,4
DA:12,4
DA:14,1
DA:15,14
DA:16,4
DA:17,4
DA:18,4
DA:19,10
DA:20,14
DA:21,4
DA:22,14
DA:23,14
DA:24,14
DA:25,4
DA:26,4
DA:28,1
DA:29,4
DA:30,4
DA:31,4
DA:32,4
DA:33,4
DA:34,4
DA:35,0
DA:36,4
DA:37,4
DA:39,1
DA:40,8
DA:42,8
DA:43,4
DA:44,4
DA:45,1
DA:46,1
DA:47,3
DA:48,4
DA:49,1
DA:50,1
DA:52,4
DA:53,4
DA:54,0
DA:55,0
DA:57,4
DA:58,4
DA:59,1
DA:60,1
DA:61,1
DA:62,1
DA:63,1
DA:64,1
DA:65,1
DA:66,1
DA:67,1
DA:68,1
DA:69,1
DA:70,1
DA:71,1
DA:72,1
DA:73,1
DA:75,4
DA:76,4
DA:77,1
DA:78,1
DA:79,1
DA:80,1
DA:81,1
DA:82,1
DA:83,1
DA:84,1
DA:85,1
DA:86,1
DA:87,1
DA:88,1
DA:90,0
DA:91,0
DA:93,4
DA:94,8
DA:95,1
DA:96,1
DA:97,3
DA:98,8
DA:99,1
DA:100,1
DA:102,8
DA:103,8
DA:104,0
DA:105,0
DA:107,8
DA:108,8
DA:109,1
DA:110,1
DA:111,1
DA:112,1
DA:113,1
DA:114,1
DA:115,1
DA:116,1
DA:117,1
DA:118,1
DA:119,1
DA:120,1
DA:121,1
DA:123,1
DA:124,1
DA:126,1
DA:127,2
DA:128,2
DA:129,1
DA:130,1
DA:131,1
DA:132,1
DA:133,1
DA:134,1
DA:135,1
DA:136,1
DA:137,1
DA:138,1
DA:139,1
DA:141,1
DA:142,1
DA:143,1
DA:144,1
DA:145,1
DA:146,1
DA:147,1
DA:148,1
DA:149,1
DA:150,1
DA:151,1
DA:152,1
DA:153,1
DA:155,1
DA:156,2
DA:157,2
DA:158,2
DA:159,2
DA:160,2
DA:161,2
DA:162,2
DA:163,2
DA:164,2
DA:165,2
DA:166,2
DA:167,2
DA:168,2
DA:169,2
DA:170,2
DA:171,2
DA:172,2
DA:173,2
DA:174,2
DA:175,2
DA:176,2
DA:177,2
DA:178,2
DA:179,2
DA:180,2
DA:182,1
DA:183,2
DA:184,2
DA:185,2
DA:186,2
DA:187,2
DA:188,2
DA:189,2
DA:190,2
DA:191,1
DA:192,1
DA:193,1
DA:195,1
DA:196,1
DA:197,1
DA:199,1
DA:200,2
DA:201,2
DA:202,2
DA:203,2
DA:204,2
DA:205,2
DA:206,2
DA:207,1
DA:208,1
DA:209,2
DA:210,2
LF:189
LH:182
BRDA:5,0,0,4
BRDA:6,1,0,0
BRDA:9,2,0,0
BRDA:10,3,0,0
BRDA:14,4,0,14
BRDA:15,5,0,6
BRDA:15,6,0,4
BRDA:15,7,0,4
BRDA:18,8,0,10
BRDA:20,9,0,4
BRDA:20,10,0,10
BRDA:20,11,0,4
BRDA:22,12,0,0
BRDA:23,13,0,0
BRDA:24,14,0,0
BRDA:24,15,0,0
BRDA:24,16,0,4
BRDA:17,17,0,12
BRDA:18,18,0,12
BRDA:28,19,0,4
BRDA:32,20,0,0
BRDA:33,21,0,0
BRDA:34,22,0,0
BRDA:36,23,0,0
BRDA:39,24,0,8
BRDA:40,25,0,0
BRDA:42,26,0,4
BRDA:44,27,0,1
BRDA:46,28,0,3
BRDA:48,29,0,1
BRDA:50,30,0,2
BRDA:52,31,0,1
BRDA:53,32,0,0
BRDA:55,33,0,2
BRDA:57,34,0,1
BRDA:58,35,0,1
BRDA:75,36,0,0
BRDA:76,37,0,1
BRDA:88,38,0,0
BRDA:94,39,0,1
BRDA:96,40,0,3
BRDA:98,41,0,1
BRDA:100,42,0,2
BRDA:102,43,0,2
BRDA:103,44,0,0
BRDA:105,45,0,2
BRDA:107,46,0,1
BRDA:108,47,0,1
BRDA:45,48,0,2
BRDA:49,49,0,2
BRDA:95,50,0,2
BRDA:99,51,0,2
BRDA:126,52,0,2
BRDA:127,53,0,0
BRDA:128,54,0,1
BRDA:155,55,0,2
BRDA:182,56,0,2
BRDA:190,57,0,1
BRDA:199,58,0,2
BRDA:206,59,0,1
BRDA:207,60,0,0
BRDA:209,61,0,0
BRDA:209,62,0,1
BRF:63
BRH:44
end_of_record
TN:
SF:src\components\coachComparison\utils.ts
FN:15,normalizeSport
FN:22,parseDateInput
FN:34,formatName
FN:42,toMonthKey
FN:49,parseMonthLabel
FN:55,toWeekKey
FN:60,parseWeekLabel
FN:66,safeNum
FN:68,runningZoneFromHr
FN:77,cyclingZoneFromPower
FN:88,formatMinutes
FN:95,formatPace
FN:104,compareValue
FNF:13
FNH:13
FNDA:3,normalizeSport
FNDA:2,parseDateInput
FNDA:2,formatName
FNDA:1,toMonthKey
FNDA:1,parseMonthLabel
FNDA:1,toWeekKey
FNDA:1,parseWeekLabel
FNDA:3,safeNum
FNDA:5,runningZoneFromHr
FNDA:7,cyclingZoneFromPower
FNDA:1,formatMinutes
FNDA:2,formatPace
FNDA:3,compareValue
DA:1,1
DA:15,1
DA:16,3
DA:17,3
DA:18,3
DA:19,1
DA:20,1
DA:22,1
DA:23,2
DA:24,2
DA:25,2
DA:26,2
DA:27,2
DA:28,2
DA:29,2
DA:30,2
DA:31,0
DA:32,0
DA:34,1
DA:35,2
DA:36,2
DA:37,1
DA:38,1
DA:39,1
DA:40,1
DA:42,1
DA:43,1
DA:44,1
DA:45,1
DA:46,1
DA:47,1
DA:49,1
DA:50,1
DA:51,1
DA:52,1
DA:53,1
DA:55,1
DA:56,1
DA:57,1
DA:58,1
DA:60,1
DA:61,1
DA:62,1
DA:63,1
DA:64,1
DA:66,1
DA:68,1
DA:69,5
DA:70,5
DA:71,5
DA:72,5
DA:73,5
DA:74,1
DA:75,1
DA:77,1
DA:78,7
DA:79,7
DA:80,7
DA:81,7
DA:82,7
DA:83,7
DA:84,7
DA:85,1
DA:86,1
DA:88,1
DA:89,1
DA:90,1
DA:91,1
DA:92,1
DA:93,1
DA:95,1
DA:96,2
DA:97,1
DA:98,1
DA:99,2
DA:100,2
DA:101,2
DA:102,2
DA:104,1
DA:105,3
DA:106,2
DA:107,3
DA:108,3
DA:109,3
LF:84
LH:82
BRDA:15,0,0,3
BRDA:16,1,0,0
BRDA:17,2,0,1
BRDA:17,3,0,2
BRDA:18,4,0,1
BRDA:22,5,0,2
BRDA:23,6,0,0
BRDA:30,7,0,0
BRDA:34,8,0,2
BRDA:35,9,0,0
BRDA:36,10,0,1
BRDA:36,11,0,1
BRDA:36,12,0,0
BRDA:36,13,0,1
BRDA:37,14,0,0
BRDA:37,15,0,0
BRDA:42,16,0,1
BRDA:49,17,0,1
BRDA:51,18,0,0
BRDA:55,19,0,1
BRDA:60,20,0,1
BRDA:66,21,0,3
BRDA:66,22,0,2
BRDA:66,23,0,1
BRDA:66,24,0,2
BRDA:68,25,0,5
BRDA:70,26,0,1
BRDA:70,27,0,4
BRDA:71,28,0,1
BRDA:71,29,0,3
BRDA:72,30,0,1
BRDA:72,31,0,2
BRDA:73,32,0,1
BRDA:77,33,0,7
BRDA:79,34,0,1
BRDA:79,35,0,6
BRDA:80,36,0,1
BRDA:80,37,0,5
BRDA:81,38,0,1
BRDA:81,39,0,4
BRDA:82,40,0,1
BRDA:82,41,0,3
BRDA:83,42,0,1
BRDA:83,43,0,2
BRDA:84,44,0,1
BRDA:88,45,0,1
BRDA:95,46,0,2
BRDA:96,47,0,1
BRDA:96,48,0,1
BRDA:96,49,0,1
BRDA:99,50,0,0
BRDA:99,51,0,1
BRDA:100,52,0,0
BRDA:100,53,0,1
BRDA:104,54,0,3
BRDA:105,55,0,2
BRDA:105,56,0,1
BRDA:105,57,0,2
BRDA:107,58,0,1
BRDA:107,59,0,1
BRF:60
BRH:50
end_of_record
TN:
SF:src\components\planner\seasonPlanUtils.ts
FN:12,todayKey
FN:14,plusDays
FN:20,emptyMetric
FN:22,emptyRace
FN:34,emptyConstraint
FN:44,defaultPeriodization
FN:53,athleteLabel
FN:61,defaultPlan
FN:77,normalizePlan
FN:103,setPlanField
FN:109,setPeriodizationField
FN:115,setMetricField
FN:127,removeMetric
FN:132,setRaceField
FN:144,removeRace
FN:149,setRaceMetricField
FN:169,removeRaceMetric
FN:182,setConstraintField
FN:194,removeConstraint
FNF:19
FNH:13
FNDA:11,todayKey
FNDA:11,plusDays
FNDA:11,emptyMetric
FNDA:5,emptyRace
FNDA:1,emptyConstraint
FNDA:5,defaultPeriodization
FNDA:3,athleteLabel
FNDA:4,defaultPlan
FNDA:1,normalizePlan
FNDA:1,setPlanField
FNDA:1,setPeriodizationField
FNDA:1,setMetricField
FNDA:1,removeMetric
FNDA:0,setRaceField
FNDA:0,removeRace
FNDA:0,setRaceMetricField
FNDA:0,removeRaceMetric
FNDA:0,setConstraintField
FNDA:0,removeConstraint
DA:12,1
DA:14,1
DA:15,11
DA:16,11
DA:17,11
DA:18,11
DA:20,1
DA:22,1
DA:23,5
DA:24,5
DA:25,5
DA:26,5
DA:27,5
DA:28,5
DA:29,5
DA:30,5
DA:31,5
DA:32,5
DA:34,1
DA:35,1
DA:36,1
DA:37,1
DA:38,1
DA:39,1
DA:40,1
DA:41,1
DA:42,1
DA:44,1
DA:45,5
DA:46,5
DA:47,5
DA:48,5
DA:49,5
DA:50,5
DA:51,5
DA:53,1
DA:54,3
DA:55,3
DA:56,1
DA:57,1
DA:58,1
DA:59,1
DA:61,1
DA:62,4
DA:63,4
DA:64,4
DA:65,4
DA:66,4
DA:67,4
DA:68,4
DA:69,4
DA:70,4
DA:71,4
DA:72,4
DA:73,4
DA:74,4
DA:75,4
DA:77,1
DA:78,1
DA:79,1
DA:80,1
DA:81,0
DA:82,0
DA:83,0
DA:84,0
DA:85,0
DA:86,0
DA:87,0
DA:88,1
DA:89,1
DA:90,0
DA:91,0
DA:92,0
DA:93,0
DA:94,0
DA:95,1
DA:96,1
DA:97,1
DA:98,1
DA:103,1
DA:104,1
DA:105,1
DA:106,1
DA:107,1
DA:109,1
DA:110,1
DA:111,1
DA:112,1
DA:113,1
DA:115,1
DA:116,1
DA:117,1
DA:118,1
DA:119,1
DA:120,1
DA:121,1
DA:122,1
DA:123,1
DA:124,1
DA:125,1
DA:127,1
DA:128,1
DA:129,1
DA:130,1
DA:132,1
DA:133,0
DA:134,0
DA:135,0
DA:136,0
DA:137,0
DA:138,0
DA:139,0
DA:140,0
DA:141,0
DA:142,0
DA:144,1
DA:145,0
DA:146,0
DA:147,0
DA:149,1
DA:150,0
DA:151,0
DA:152,0
DA:153,0
DA:154,0
DA:155,0
DA:156,0
DA:157,0
DA:158,0
DA:159,0
DA:160,0
DA:161,0
DA:162,0
DA:163,0
DA:164,0
DA:165,0
DA:166,0
DA:167,0
DA:169,1
DA:170,0
DA:171,0
DA:172,0
DA:173,0
DA:174,0
DA:175,0
DA:176,0
DA:177,0
DA:178,0
DA:179,0
DA:180,0
DA:182,1
DA:183,0
DA:184,0
DA:185,0
DA:186,0
DA:187,0
DA:188,0
DA:189,0
DA:190,0
DA:191,0
DA:192,0
DA:194,1
DA:195,0
DA:196,0
DA:197,0
LF:165
LH:98
BRDA:12,0,0,11
BRDA:14,1,0,11
BRDA:20,2,0,11
BRDA:22,3,0,5
BRDA:34,4,0,1
BRDA:44,5,0,5
BRDA:53,6,0,3
BRDA:54,7,0,1
BRDA:54,8,0,2
BRDA:55,9,0,1
BRDA:55,10,0,1
BRDA:55,11,0,0
BRDA:55,12,0,1
BRDA:56,13,0,0
BRDA:56,14,0,0
BRDA:61,15,0,4
BRDA:65,16,0,0
BRDA:77,17,0,1
BRDA:80,18,0,0
BRDA:88,19,0,0
BRDA:88,20,0,0
BRDA:88,21,0,0
BRDA:89,22,0,0
BRDA:89,23,0,0
BRDA:93,24,0,0
BRDA:95,25,0,0
BRDA:96,26,0,0
BRDA:103,27,0,1
BRDA:109,28,0,1
BRDA:115,29,0,1
BRDA:122,30,0,1
BRDA:123,31,0,0
BRDA:127,32,0,1
BRDA:129,33,0,0
BRDA:128,34,0,1
BRF:35
BRH:20
end_of_record
TN:
SF:src\i18n\I18nProvider.tsx
FN:17,normalizeLanguage
FN:21,translateText
FN:33,walkAndTranslateDom
FN:34,translateElementAttributes
FN:92,I18nProvider
FN:102,setLanguage
FN:111,syncLanguagePreference
FN:122,runTranslate
FN:164,t
FN:170,useI18n
FNF:10
FNH:9
FNDA:4,normalizeLanguage
FNDA:89,translateText
FNDA:6,walkAndTranslateDom
FNDA:61,translateElementAttributes
FNDA:5,I18nProvider
FNDA:2,setLanguage
FNDA:2,syncLanguagePreference
FNDA:6,runTranslate
FNDA:0,t
FNDA:6,useI18n
DA:1,1
DA:4,1
DA:13,1
DA:15,1
DA:17,1
DA:18,4
DA:19,4
DA:21,1
DA:22,89
DA:23,52
DA:24,89
DA:26,36
DA:27,89
DA:28,2628
DA:29,2628
DA:30,36
DA:31,36
DA:33,1
DA:34,6
DA:35,61
DA:36,0
DA:37,0
DA:39,61
DA:40,61
DA:41,183
DA:42,183
DA:43,183
DA:45,183
DA:46,6
DA:47,6
DA:48,183
DA:49,183
DA:50,183
DA:51,61
DA:53,6
DA:54,6
DA:56,6
DA:57,6
DA:58,6
DA:59,6
DA:60,43
DA:61,43
DA:62,43
DA:64,6
DA:65,43
DA:66,43
DA:67,43
DA:68,43
DA:69,43
DA:71,43
DA:72,43
DA:73,15
DA:74,43
DA:75,28
DA:76,28
DA:77,6
DA:78,6
DA:79,28
DA:81,43
DA:82,43
DA:83,43
DA:84,3
DA:85,3
DA:86,43
DA:88,6
DA:89,6
DA:90,6
DA:92,1
DA:93,5
DA:94,5
DA:96,5
DA:97,2
DA:98,2
DA:99,2
DA:100,5
DA:102,5
DA:103,2
DA:104,0
DA:105,0
DA:106,0
DA:107,2
DA:108,2
DA:109,2
DA:111,5
DA:112,2
DA:113,2
DA:114,1
DA:115,1
DA:116,1
DA:117,1
DA:118,2
DA:120,5
DA:121,5
DA:122,5
DA:123,6
DA:124,6
DA:125,6
DA:126,6
DA:127,6
DA:128,6
DA:129,6
DA:130,6
DA:132,5
DA:134,5
DA:135,2
DA:136,0
DA:137,0
DA:138,2
DA:139,1
DA:140,1
DA:141,2
DA:142,5
DA:144,5
DA:145,5
DA:146,5
DA:147,5
DA:148,5
DA:149,5
DA:151,5
DA:152,5
DA:153,5
DA:154,1
DA:155,1
DA:156,1
DA:157,5
DA:158,5
DA:160,5
DA:161,5
DA:162,5
DA:163,5
DA:164,5
DA:165,5
DA:167,5
DA:168,5
DA:170,1
DA:171,6
DA:172,6
DA:173,0
DA:174,0
DA:175,6
DA:176,6
LF:141
LH:132
BRDA:17,0,0,4
BRDA:18,1,0,3
BRDA:18,2,0,1
BRDA:18,3,0,3
BRDA:21,4,0,89
BRDA:22,5,0,37
BRDA:22,6,0,52
BRDA:24,7,0,16
BRDA:24,8,0,36
BRDA:27,9,0,2628
BRDA:29,10,0,36
BRDA:33,11,0,6
BRDA:54,12,0,0
BRDA:59,13,0,43
BRDA:64,14,0,43
BRDA:66,15,0,0
BRDA:67,16,0,0
BRDA:69,17,0,0
BRDA:72,18,0,15
BRDA:74,19,0,28
BRDA:76,20,0,6
BRDA:81,21,0,0
BRDA:83,22,0,3
BRDA:34,23,0,61
BRDA:35,24,0,0
BRDA:35,25,0,0
BRDA:35,26,0,0
BRDA:40,27,0,183
BRDA:43,28,0,165
BRDA:43,29,0,18
BRDA:45,30,0,6
BRDA:47,31,0,18
BRDA:48,32,0,0
BRDA:89,33,0,61
BRDA:92,34,0,5
BRDA:96,35,0,2
BRDA:98,36,0,0
BRDA:102,37,0,2
BRDA:103,38,0,0
BRDA:111,39,0,2
BRDA:113,40,0,1
BRDA:120,41,0,5
BRDA:122,42,0,6
BRDA:123,43,0,0
BRDA:134,44,0,2
BRDA:135,45,0,0
BRDA:138,46,0,1
BRDA:151,47,0,5
BRDA:153,48,0,1
BRDA:160,49,0,5
BRDA:170,50,0,6
BRDA:172,51,0,0
BRF:52
BRH:38
end_of_record
TN:
SF:src\pages\LoginPage.tsx
FN:55,LoginPage
FN:87,getErrorMessage
FN:106,mutationFn
FN:121,onSuccess
FN:142,verificationAttempts
FN:182,lastError
FN:201,onError
FN:205,mutationFn
FN:223,onSuccess
FN:233,onError
FN:237,mutationFn
FN:241,onSuccess
FN:242,onError
FN:246,mutationFn
FN:249,onSuccess
FN:254,onError
FN:258,mutationFn
FN:262,onSuccess
FN:266,onError
FN:270,mutationFn
FN:274,onSuccess
FN:280,onError
FN:283,handleSubmit
FN:357,handleVerificationDigitChange
FN:368,handleVerificationDigitKeyDown
FN:374,handleVerificationPaste
FN:486,onChange
FN:510,children
FN:549,onClick
FN:594,onChange
FN:609,onChange
FN:633,ref
FN:637,onChange
FN:638,onKeyDown
FN:662,onClick
FN:671,onClick
FN:691,onChange
FN:701,onChange
FN:723,onChange
FN:732,onChange
FN:766,onChange
FN:773,onChange
FN:786,onChange
FN:800,onChange
FN:833,onClick
FN:847,onClick
FNF:46
FNH:33
FNDA:195,LoginPage
FNDA:0,getErrorMessage
FNDA:1,mutationFn
FNDA:1,onSuccess
FNDA:1,verificationAttempts
FNDA:0,lastError
FNDA:0,onError
FNDA:1,mutationFn
FNDA:1,onSuccess
FNDA:0,onError
FNDA:1,mutationFn
FNDA:1,onSuccess
FNDA:0,onError
FNDA:1,mutationFn
FNDA:1,onSuccess
FNDA:0,onError
FNDA:1,mutationFn
FNDA:1,onSuccess
FNDA:0,onError
FNDA:1,mutationFn
FNDA:1,onSuccess
FNDA:0,onError
FNDA:8,handleSubmit
FNDA:6,handleVerificationDigitChange
FNDA:6,handleVerificationDigitKeyDown
FNDA:0,handleVerificationPaste
FNDA:0,onChange
FNDA:195,children
FNDA:0,onClick
FNDA:80,onChange
FNDA:24,onChange
FNDA:132,ref
FNDA:6,onChange
FNDA:6,onKeyDown
FNDA:1,onClick
FNDA:0,onClick
FNDA:13,onChange
FNDA:29,onChange
FNDA:3,onChange
FNDA:7,onChange
FNDA:0,onChange
FNDA:1,onChange
FNDA:1,onChange
FNDA:1,onChange
FNDA:1,onClick
FNDA:1,onClick
DA:1,1
DA:21,1
DA:22,1
DA:23,1
DA:24,1
DA:25,1
DA:26,1
DA:27,1
DA:28,1
DA:29,1
DA:30,1
DA:32,1
DA:51,1
DA:52,1
DA:53,1
DA:55,1
DA:56,195
DA:57,195
DA:58,195
DA:59,195
DA:60,195
DA:61,195
DA:62,195
DA:63,195
DA:64,195
DA:65,195
DA:66,195
DA:67,195
DA:68,195
DA:69,195
DA:70,195
DA:71,195
DA:72,195
DA:73,195
DA:74,195
DA:75,195
DA:76,195
DA:77,195
DA:78,195
DA:79,195
DA:81,195
DA:82,5
DA:83,1
DA:84,1
DA:85,195
DA:87,195
DA:88,0
DA:89,0
DA:90,0
DA:91,0
DA:92,0
DA:93,0
DA:94,0
DA:95,0
DA:96,0
DA:97,0
DA:98,0
DA:99,0
DA:100,0
DA:101,0
DA:102,0
DA:103,0
DA:105,195
DA:106,195
DA:107,1
DA:110,1
DA:112,1
DA:113,1
DA:114,1
DA:115,1
DA:116,1
DA:117,1
DA:118,1
DA:119,1
DA:120,1
DA:121,195
DA:122,1
DA:123,1
DA:126,1
DA:127,1
DA:128,1
DA:129,1
DA:130,1
DA:131,1
DA:132,1
DA:133,1
DA:134,4
DA:135,4
DA:136,2
DA:137,2
DA:138,4
DA:139,4
DA:142,4
DA:144,1
DA:145,1
DA:146,1
DA:148,1
DA:149,1
DA:150,1
DA:151,1
DA:152,1
DA:153,1
DA:154,1
DA:155,1
DA:156,1
DA:157,1
DA:159,1
DA:161,1
DA:162,1
DA:163,1
DA:164,1
DA:165,1
DA:166,1
DA:167,1
DA:168,1
DA:169,1
DA:170,0
DA:171,0
DA:172,0
DA:173,1
DA:174,1
DA:175,1
DA:176,1
DA:178,0
DA:179,0
DA:181,0
DA:182,0
DA:183,0
DA:184,1
DA:185,0
DA:186,0
DA:188,0
DA:189,0
DA:190,0
DA:191,0
DA:192,1
DA:195,0
DA:196,0
DA:197,0
DA:198,0
DA:199,0
DA:200,1
DA:201,195
DA:202,195
DA:204,195
DA:205,195
DA:206,1
DA:207,1
DA:208,1
DA:209,1
DA:210,1
DA:211,1
DA:212,1
DA:213,1
DA:214,1
DA:215,1
DA:216,1
DA:217,1
DA:218,1
DA:219,1
DA:220,1
DA:221,1
DA:222,1
DA:223,195
DA:224,1
DA:225,1
DA:226,1
DA:227,1
DA:228,1
DA:229,1
DA:230,1
DA:231,1
DA:232,1
DA:233,195
DA:234,195
DA:236,195
DA:237,195
DA:238,1
DA:239,1
DA:240,1
DA:241,195
DA:242,195
DA:243,195
DA:245,195
DA:246,195
DA:247,1
DA:248,1
DA:249,195
DA:250,1
DA:251,1
DA:252,1
DA:253,1
DA:254,195
DA:255,195
DA:257,195
DA:258,195
DA:259,1
DA:260,1
DA:261,1
DA:262,195
DA:263,1
DA:264,1
DA:265,1
DA:266,195
DA:267,195
DA:269,195
DA:270,195
DA:271,1
DA:272,1
DA:273,1
DA:274,195
DA:275,1
DA:276,1
DA:277,1
DA:278,1
DA:279,1
DA:280,195
DA:281,195
DA:283,195
DA:284,8
DA:285,8
DA:286,8
DA:287,8
DA:288,8
DA:289,0
DA:290,0
DA:291,0
DA:293,8
DA:294,2
DA:295,0
DA:296,0
DA:297,0
DA:298,2
DA:299,1
DA:300,1
DA:301,1
DA:302,1
DA:303,1
DA:304,1
DA:306,8
DA:307,1
DA:308,1
DA:309,1
DA:311,8
DA:312,1
DA:313,1
DA:314,0
DA:315,0
DA:316,0
DA:317,1
DA:318,1
DA:319,1
DA:321,8
DA:322,3
DA:323,1
DA:324,1
DA:325,1
DA:326,3
DA:327,1
DA:328,1
DA:329,1
DA:330,3
DA:331,0
DA:332,0
DA:333,0
DA:334,1
DA:335,1
DA:336,1
DA:337,1
DA:338,3
DA:339,0
DA:340,0
DA:341,0
DA:342,1
DA:343,8
DA:344,1
DA:345,0
DA:346,0
DA:347,0
DA:348,1
DA:349,1
DA:350,8
DA:352,195
DA:353,195
DA:354,195
DA:355,195
DA:357,195
DA:358,6
DA:359,6
DA:360,6
DA:361,6
DA:362,6
DA:363,6
DA:364,5
DA:365,5
DA:366,6
DA:368,195
DA:369,6
DA:370,0
DA:371,0
DA:372,6
DA:374,195
DA:375,0
DA:376,0
DA:377,0
DA:378,0
DA:379,0
DA:380,0
DA:381,0
DA:383,195
DA:384,195
DA:385,195
DA:386,195
DA:387,195
DA:388,195
DA:390,195
DA:391,195
DA:392,195
DA:393,195
DA:394,195
DA:395,195
DA:396,195
DA:397,195
DA:400,195
DA:401,195
DA:402,195
DA:403,195
DA:404,195
DA:405,195
DA:406,195
DA:407,195
DA:408,195
DA:409,195
DA:410,0
DA:411,195
DA:412,195
DA:413,195
DA:414,195
DA:417,195
DA:418,195
DA:419,195
DA:420,195
DA:421,195
DA:422,195
DA:423,195
DA:424,195
DA:425,195
DA:426,195
DA:427,195
DA:428,195
DA:429,195
DA:430,195
DA:431,195
DA:432,195
DA:433,195
DA:434,195
DA:435,195
DA:436,195
DA:437,195
DA:438,195
DA:440,195
DA:441,195
DA:442,195
DA:443,195
DA:444,195
DA:445,195
DA:446,195
DA:447,195
DA:449,195
DA:450,195
DA:451,195
DA:452,195
DA:454,195
DA:455,195
DA:456,780
DA:457,780
DA:458,780
DA:459,780
DA:460,195
DA:461,195
DA:462,195
DA:465,195
DA:466,195
DA:467,195
DA:468,195
DA:469,195
DA:470,195
DA:471,195
DA:472,195
DA:473,195
DA:474,195
DA:477,195
DA:478,195
DA:479,195
DA:480,195
DA:481,195
DA:483,195
DA:484,195
DA:485,195
DA:486,195
DA:487,195
DA:488,195
DA:489,195
DA:490,195
DA:491,195
DA:492,195
DA:493,195
DA:494,195
DA:495,195
DA:496,195
DA:497,195
DA:498,195
DA:501,195
DA:502,195
DA:503,195
DA:504,195
DA:505,195
DA:506,195
DA:508,195
DA:509,195
DA:510,195
DA:511,195
DA:512,195
DA:513,195
DA:514,11
DA:515,184
DA:516,52
DA:517,132
DA:518,63
DA:519,69
DA:520,21
DA:521,48
DA:522,195
DA:523,195
DA:524,195
DA:525,11
DA:526,184
DA:527,52
DA:528,132
DA:529,63
DA:530,69
DA:531,21
DA:532,48
DA:533,195
DA:534,195
DA:536,195
DA:538,195
DA:539,195
DA:540,195
DA:541,19
DA:542,19
DA:543,19
DA:544,19
DA:545,0
DA:546,0
DA:547,0
DA:548,0
DA:549,0
DA:550,0
DA:551,0
DA:552,0
DA:553,0
DA:554,0
DA:555,0
DA:556,0
DA:557,0
DA:558,0
DA:560,0
DA:561,0
DA:562,0
DA:564,19
DA:565,19
DA:566,19
DA:567,19
DA:568,19
DA:569,19
DA:570,19
DA:571,19
DA:572,19
DA:573,19
DA:576,195
DA:577,16
DA:578,16
DA:579,16
DA:582,195
DA:583,104
DA:584,104
DA:585,104
DA:588,195
DA:589,184
DA:590,184
DA:591,184
DA:592,184
DA:593,184
DA:594,184
DA:595,184
DA:596,184
DA:597,184
DA:598,184
DA:599,184
DA:600,184
DA:603,195
DA:604,99
DA:605,99
DA:606,99
DA:607,99
DA:608,99
DA:609,99
DA:610,99
DA:611,99
DA:612,99
DA:613,99
DA:614,99
DA:615,99
DA:618,195
DA:619,11
DA:620,11
DA:621,11
DA:622,11
DA:623,11
DA:624,11
DA:625,11
DA:627,11
DA:628,11
DA:629,11
DA:630,11
DA:631,66
DA:632,66
DA:633,66
DA:634,132
DA:635,132
DA:636,66
DA:637,66
DA:638,66
DA:639,66
DA:640,66
DA:641,66
DA:642,66
DA:643,66
DA:644,66
DA:645,66
DA:646,66
DA:647,66
DA:648,66
DA:649,66
DA:650,66
DA:651,66
DA:652,66
DA:653,66
DA:654,66
DA:655,66
DA:656,66
DA:657,11
DA:658,11
DA:659,11
DA:660,11
DA:661,11
DA:662,11
DA:663,11
DA:665,11
DA:666,11
DA:667,11
DA:668,11
DA:669,11
DA:670,11
DA:671,11
DA:672,0
DA:673,0
DA:674,0
DA:675,0
DA:677,11
DA:678,11
DA:679,11
DA:680,11
DA:681,11
DA:684,195
DA:685,63
DA:686,63
DA:687,63
DA:688,63
DA:689,63
DA:690,63
DA:691,63
DA:692,63
DA:693,63
DA:694,63
DA:695,63
DA:696,63
DA:697,63
DA:698,63
DA:699,63
DA:700,63
DA:701,63
DA:702,63
DA:703,63
DA:704,63
DA:705,63
DA:706,63
DA:709,195
DA:710,53
DA:711,53
DA:712,53
DA:713,53
DA:714,53
DA:715,53
DA:716,53
DA:717,53
DA:718,53
DA:719,53
DA:720,53
DA:721,53
DA:722,53
DA:723,53
DA:724,53
DA:725,53
DA:726,53
DA:727,53
DA:728,53
DA:729,53
DA:730,53
DA:731,53
DA:732,53
DA:733,53
DA:734,53
DA:735,53
DA:736,53
DA:737,53
DA:738,53
DA:739,53
DA:740,53
DA:741,53
DA:742,53
DA:743,53
DA:744,53
DA:745,53
DA:746,53
DA:747,53
DA:748,53
DA:749,53
DA:750,53
DA:751,53
DA:752,53
DA:753,53
DA:754,53
DA:755,53
DA:756,53
DA:757,53
DA:758,53
DA:759,53
DA:760,53
DA:761,53
DA:762,53
DA:763,53
DA:764,53
DA:765,53
DA:766,53
DA:767,53
DA:768,53
DA:769,53
DA:770,53
DA:771,53
DA:772,53
DA:773,53
DA:774,53
DA:775,53
DA:776,53
DA:777,53
DA:778,53
DA:779,53
DA:780,53
DA:782,53
DA:783,53
DA:784,53
DA:785,53
DA:786,53
DA:787,53
DA:788,53
DA:789,53
DA:790,53
DA:792,53
DA:794,53
DA:797,195
DA:798,40
DA:799,40
DA:800,40
DA:801,40
DA:802,40
DA:803,40
DA:804,40
DA:806,40
DA:808,195
DA:810,195
DA:811,195
DA:812,195
DA:813,195
DA:814,195
DA:815,195
DA:816,195
DA:817,195
DA:819,195
DA:820,63
DA:821,132
DA:822,22
DA:823,110
DA:824,11
DA:825,99
DA:826,53
DA:827,46
DA:828,195
DA:829,195
DA:831,195
DA:832,68
DA:833,68
DA:834,1
DA:835,1
DA:836,1
DA:837,68
DA:838,68
DA:839,68
DA:842,195
DA:843,184
DA:844,184
DA:845,184
DA:846,184
DA:847,184
DA:848,1
DA:849,1
DA:850,1
DA:851,1
DA:852,1
DA:853,1
DA:854,1
DA:855,184
DA:856,184
DA:857,184
DA:859,195
DA:860,195
DA:861,195
DA:863,195
DA:865,1
LF:740
LH:656
BRDA:55,0,0,195
BRDA:352,1,0,194
BRDA:352,2,0,192
BRDA:352,3,0,190
BRDA:352,4,0,188
BRDA:352,5,0,187
BRDA:354,6,0,11
BRDA:354,7,0,11
BRDA:409,8,0,0
BRDA:495,9,0,9
BRDA:496,10,0,166
BRDA:540,11,0,19
BRDA:544,12,0,15
BRDA:544,13,0,0
BRDA:567,14,0,0
BRDA:568,15,0,15
BRDA:576,16,0,16
BRDA:582,17,0,104
BRDA:588,18,0,184
BRDA:603,19,0,184
BRDA:603,20,0,162
BRDA:603,21,0,99
BRDA:612,22,0,53
BRDA:612,23,0,46
BRDA:618,24,0,11
BRDA:621,25,0,0
BRDA:624,26,0,0
BRDA:665,27,0,0
BRDA:677,28,0,0
BRDA:684,29,0,63
BRDA:709,30,0,53
BRDA:709,31,0,53
BRDA:709,32,0,53
BRDA:709,33,0,53
BRDA:712,34,0,19
BRDA:712,35,0,34
BRDA:713,36,0,28
BRDA:713,37,0,25
BRDA:714,38,0,27
BRDA:714,39,0,26
BRDA:715,40,0,18
BRDA:715,41,0,35
BRDA:716,42,0,17
BRDA:716,43,0,36
BRDA:763,44,0,0
BRDA:764,45,0,0
BRDA:797,46,0,104
BRDA:797,47,0,51
BRDA:797,48,0,40
BRDA:797,49,0,40
BRDA:797,50,0,40
BRDA:797,51,0,40
BRDA:819,52,0,63
BRDA:820,53,0,132
BRDA:821,54,0,22
BRDA:822,55,0,110
BRDA:823,56,0,11
BRDA:824,57,0,0
BRDA:824,58,0,99
BRDA:825,59,0,53
BRDA:826,60,0,46
BRDA:831,61,0,142
BRDA:831,62,0,79
BRDA:831,63,0,68
BRDA:837,64,0,22
BRDA:837,65,0,46
BRDA:842,66,0,184
BRDA:845,67,0,53
BRDA:845,68,0,131
BRDA:855,69,0,53
BRDA:855,70,0,131
BRDA:81,71,0,5
BRDA:82,72,0,1
BRDA:106,73,0,1
BRDA:121,74,0,1
BRDA:133,75,0,4
BRDA:135,76,0,2
BRDA:157,77,0,0
BRDA:169,78,0,0
BRDA:176,79,0,0
BRDA:184,80,0,0
BRDA:192,81,0,0
BRDA:135,82,0,14
BRDA:139,83,0,2
BRDA:142,84,0,1
BRDA:205,85,0,1
BRDA:209,86,0,0
BRDA:210,87,0,0
BRDA:214,88,0,0
BRDA:218,89,0,0
BRDA:219,90,0,0
BRDA:223,91,0,1
BRDA:231,92,0,0
BRDA:237,93,0,1
BRDA:241,94,0,1
BRDA:246,95,0,1
BRDA:249,96,0,1
BRDA:258,97,0,1
BRDA:262,98,0,1
BRDA:270,99,0,1
BRDA:274,100,0,1
BRDA:283,101,0,8
BRDA:288,102,0,0
BRDA:293,103,0,2
BRDA:294,104,0,0
BRDA:298,105,0,1
BRDA:304,106,0,6
BRDA:306,107,0,1
BRDA:309,108,0,5
BRDA:311,109,0,1
BRDA:313,110,0,0
BRDA:319,111,0,4
BRDA:321,112,0,3
BRDA:322,113,0,1
BRDA:325,114,0,2
BRDA:326,115,0,1
BRDA:330,116,0,1
BRDA:330,117,0,0
BRDA:333,118,0,1
BRDA:338,119,0,1
BRDA:338,120,0,1
BRDA:338,121,0,1
BRDA:338,122,0,0
BRDA:341,123,0,1
BRDA:343,124,0,1
BRDA:344,125,0,0
BRDA:355,126,0,1170
BRDA:355,127,0,1143
BRDA:357,128,0,6
BRDA:363,129,0,5
BRDA:368,130,0,6
BRDA:369,131,0,0
BRDA:369,132,0,0
BRDA:369,133,0,0
BRDA:455,134,0,780
BRDA:510,135,0,195
BRDA:513,136,0,11
BRDA:514,137,0,0
BRDA:514,138,0,184
BRDA:515,139,0,52
BRDA:516,140,0,132
BRDA:517,141,0,63
BRDA:518,142,0,69
BRDA:519,143,0,21
BRDA:520,144,0,48
BRDA:524,145,0,11
BRDA:525,146,0,0
BRDA:525,147,0,184
BRDA:526,148,0,52
BRDA:527,149,0,132
BRDA:528,150,0,63
BRDA:529,151,0,69
BRDA:530,152,0,21
BRDA:531,153,0,48
BRDA:594,154,0,80
BRDA:609,155,0,24
BRDA:630,156,0,66
BRDA:641,157,0,11
BRDA:641,158,0,55
BRDA:633,159,0,132
BRDA:637,160,0,6
BRDA:638,161,0,6
BRDA:662,162,0,1
BRDA:691,163,0,13
BRDA:701,164,0,29
BRDA:723,165,0,3
BRDA:732,166,0,7
BRDA:773,167,0,1
BRDA:786,168,0,1
BRDA:800,169,0,1
BRDA:833,170,0,1
BRDA:847,171,0,1
BRF:172
BRH:140
end_of_record
TN:
SF:src\utils\authSession.ts
FN:5,hasAuthSession
FN:14,markAuthSessionActive
FN:24,getAuthToken
FN:31,clearAuthSession
FN:60,buildLogoutUrl
FN:73,sendBestEffortLogout
FN:101,optimisticSignOut
FNF:7
FNH:7
FNDA:8,hasAuthSession
FNDA:4,markAuthSessionActive
FNDA:1,getAuthToken
FNDA:3,clearAuthSession
FNDA:1,buildLogoutUrl
FNDA:1,sendBestEffortLogout
FNDA:1,optimisticSignOut
DA:1,1
DA:2,1
DA:3,1
DA:5,1
DA:6,8
DA:7,0
DA:8,0
DA:9,8
DA:10,2
DA:11,2
DA:12,8
DA:14,1
DA:15,4
DA:16,0
DA:17,0
DA:18,4
DA:19,4
DA:20,4
DA:21,4
DA:22,4
DA:24,1
DA:25,1
DA:26,0
DA:27,0
DA:28,1
DA:29,1
DA:31,1
DA:32,3
DA:33,0
DA:34,0
DA:35,3
DA:36,3
DA:40,3
DA:41,3
DA:42,3
DA:43,3
DA:44,3
DA:45,3
DA:47,3
DA:48,3
DA:49,3
DA:50,3
DA:51,2
DA:52,2
DA:53,3
DA:55,3
DA:56,2
DA:57,3
DA:58,3
DA:60,1
DA:61,1
DA:62,1
DA:63,0
DA:64,0
DA:66,1
DA:67,1
DA:68,1
DA:69,0
DA:70,0
DA:71,1
DA:73,1
DA:74,1
DA:75,0
DA:76,0
DA:78,1
DA:79,1
DA:80,0
DA:81,0
DA:82,0
DA:83,0
DA:84,1
DA:86,0
DA:88,1
DA:89,1
DA:90,1
DA:91,1
DA:92,1
DA:93,1
DA:94,1
DA:95,1
DA:96,1
DA:98,0
DA:99,1
DA:101,1
DA:102,1
DA:103,0
DA:104,0
DA:105,1
DA:106,0
DA:107,0
DA:109,1
DA:110,1
DA:111,1
DA:112,1
DA:113,1
LF:95
LH:71
BRDA:5,0,0,8
BRDA:6,1,0,0
BRDA:9,2,0,2
BRDA:10,3,0,2
BRDA:11,4,0,0
BRDA:14,5,0,4
BRDA:15,6,0,0
BRDA:24,7,0,1
BRDA:25,8,0,0
BRDA:31,9,0,3
BRDA:32,10,0,0
BRDA:48,11,0,3
BRDA:50,12,0,2
BRDA:50,13,0,7
BRDA:55,14,0,2
BRDA:60,15,0,1
BRDA:61,16,0,0
BRDA:62,17,0,0
BRDA:68,18,0,0
BRDA:73,19,0,1
BRDA:74,20,0,0
BRDA:79,21,0,0
BRDA:84,22,0,0
BRDA:96,23,0,0
BRDA:101,24,0,1
BRDA:102,25,0,0
BRDA:105,26,0,0
BRDA:112,27,0,0
BRF:28
BRH:13
end_of_record
TN:
SF:src\utils\dateOnly.ts
FN:3,createValidLocalDate
FN:16,parseDateOnly
FN:38,toDateOnlyString
FNF:3
FNH:3
FNDA:3,createValidLocalDate
FNDA:11,parseDateOnly
FNDA:4,toDateOnlyString
DA:1,1
DA:3,1
DA:4,3
DA:5,3
DA:6,3
DA:7,3
DA:8,2
DA:9,1
DA:10,3
DA:11,2
DA:12,2
DA:13,1
DA:14,1
DA:16,1
DA:17,11
DA:19,11
DA:20,3
DA:21,3
DA:22,3
DA:24,6
DA:25,6
DA:26,10
DA:27,3
DA:28,3
DA:29,3
DA:30,3
DA:31,3
DA:33,3
DA:34,10
DA:35,1
DA:36,1
DA:38,1
DA:39,4
DA:40,4
DA:42,3
DA:43,3
DA:44,3
DA:45,3
DA:46,3
LF:39
LH:39
BRDA:3,0,0,3
BRDA:5,1,0,0
BRDA:7,2,0,2
BRDA:8,3,0,1
BRDA:10,4,0,2
BRDA:12,5,0,1
BRDA:16,6,0,11
BRDA:17,7,0,2
BRDA:17,8,0,9
BRDA:19,9,0,3
BRDA:20,10,0,0
BRDA:22,11,0,10
BRDA:22,12,0,6
BRDA:26,13,0,3
BRDA:34,14,0,2
BRDA:34,15,0,1
BRDA:38,16,0,4
BRDA:40,17,0,1
BRDA:40,18,0,3
BRF:19
BRH:17
end_of_record
TN:
SF:src\utils\hrZones.ts
FN:16,normalizeStoredBounds
FN:24,getDefaultHrZonePcts
FN:26,resolveHrZoneRows
FN:77,formatHrZoneLabel
FN:95,getHrZoneClassifierBounds
FNF:5
FNH:5
FNDA:11,normalizeStoredBounds
FNDA:1,getDefaultHrZonePcts
FNDA:11,resolveHrZoneRows
FNDA:7,formatHrZoneLabel
FNDA:1,getHrZoneClassifierBounds
DA:10,1
DA:11,1
DA:12,1
DA:13,1
DA:14,1
DA:16,1
DA:17,11
DA:18,5
DA:19,5
DA:20,5
DA:21,6
DA:24,1
DA:26,1
DA:27,11
DA:28,11
DA:29,11
DA:30,11
DA:31,11
DA:32,11
DA:33,11
DA:34,11
DA:35,11
DA:37,11
DA:38,5
DA:39,5
DA:40,5
DA:41,1
DA:42,4
DA:43,5
DA:44,5
DA:45,5
DA:46,0
DA:47,0
DA:48,0
DA:50,5
DA:51,5
DA:52,25
DA:53,25
DA:54,25
DA:55,25
DA:56,25
DA:57,25
DA:58,25
DA:59,5
DA:60,5
DA:61,5
DA:62,5
DA:63,5
DA:64,5
DA:66,6
DA:67,6
DA:68,6
DA:69,34
DA:70,34
DA:71,34
DA:72,34
DA:73,6
DA:74,6
DA:75,6
DA:77,1
DA:78,7
DA:79,7
DA:80,7
DA:81,7
DA:82,7
DA:83,7
DA:84,7
DA:85,7
DA:87,7
DA:88,7
DA:89,7
DA:90,5
DA:91,7
DA:92,7
DA:93,7
DA:95,1
DA:96,1
DA:97,1
DA:98,1
DA:99,1
DA:100,1
DA:101,1
DA:102,1
DA:103,1
DA:104,1
DA:105,1
DA:106,1
DA:107,1
DA:108,1
LF:89
LH:86
BRDA:16,0,0,11
BRDA:17,1,0,5
BRDA:20,2,0,6
BRDA:19,3,0,20
BRDA:20,4,0,20
BRDA:24,5,0,1
BRDA:26,6,0,11
BRDA:32,7,0,7
BRDA:32,8,0,6
BRDA:32,9,0,5
BRDA:33,10,0,5
BRDA:33,11,0,6
BRDA:33,12,0,2
BRDA:34,13,0,6
BRDA:34,14,0,5
BRDA:35,15,0,5
BRDA:37,16,0,6
BRDA:37,17,0,5
BRDA:40,18,0,1
BRDA:41,19,0,4
BRDA:45,20,0,0
BRDA:64,21,0,6
BRDA:41,22,0,4
BRDA:43,23,0,20
BRDA:51,24,0,25
BRDA:52,25,0,5
BRDA:52,26,0,20
BRDA:60,27,0,25
BRDA:68,28,0,34
BRDA:71,29,0,5
BRDA:71,30,0,29
BRDA:72,31,0,5
BRDA:72,32,0,29
BRDA:77,33,0,7
BRDA:85,34,0,5
BRDA:85,35,0,3
BRDA:85,36,0,4
BRDA:87,37,0,2
BRDA:87,38,0,2
BRDA:88,39,0,2
BRDA:88,40,0,2
BRDA:89,41,0,1
BRDA:89,42,0,0
BRDA:89,43,0,5
BRDA:89,44,0,3
BRDA:90,45,0,1
BRDA:90,46,0,0
BRDA:90,47,0,4
BRDA:90,48,0,2
BRDA:91,49,0,0
BRDA:91,50,0,4
BRDA:91,51,0,0
BRDA:91,52,0,2
BRDA:92,53,0,0
BRDA:92,54,0,2
BRDA:92,55,0,0
BRDA:95,56,0,1
BRDA:105,57,0,4
BRDA:106,58,0,4
BRF:59
BRH:52
end_of_record
TN:
SF:src\utils\localSnapshot.ts
FN:9,readSnapshot
FN:22,evictOldSnapshots
FN:54,writeSnapshot
FNF:3
FNH:3
FNDA:4,readSnapshot
FNDA:2,evictOldSnapshots
FNDA:3,writeSnapshot
DA:7,1
DA:9,1
DA:10,4
DA:11,4
DA:12,4
DA:13,4
DA:14,3
DA:15,4
DA:16,1
DA:17,1
DA:18,1
DA:19,1
DA:20,4
DA:22,1
DA:23,2
DA:24,2
DA:26,2
DA:27,2
DA:28,3
DA:29,3
DA:30,3
DA:31,3
DA:32,3
DA:33,3
DA:36,3
DA:37,2
DA:38,2
DA:39,3
DA:41,1
DA:42,3
DA:44,2
DA:45,2
DA:46,2
DA:47,1
DA:48,1
DA:49,2
DA:51,0
DA:52,2
DA:54,1
DA:55,3
DA:56,3
DA:57,3
DA:58,3
DA:59,3
DA:60,3
DA:61,3
DA:62,3
DA:63,3
DA:64,3
DA:66,2
DA:67,2
DA:68,2
DA:69,2
DA:71,1
DA:72,2
DA:73,3
LF:56
LH:55
BRDA:9,0,0,4
BRDA:10,1,0,0
BRDA:13,2,0,1
BRDA:13,3,0,3
BRDA:15,4,0,2
BRDA:15,5,0,1
BRDA:22,6,0,2
BRDA:27,7,0,3
BRDA:29,8,0,0
BRDA:32,9,0,0
BRDA:36,10,0,2
BRDA:36,11,0,2
BRDA:36,12,0,2
BRDA:39,13,0,1
BRDA:46,14,0,1
BRDA:49,15,0,0
BRDA:44,16,0,1
BRDA:54,17,0,3
BRDA:55,18,0,0
BRDA:64,19,0,2
BRDA:69,20,0,1
BRF:21
BRH:16
end_of_record
